[2023/07/17 14:39:59] Loading All Scripts....................
[2023/07/17 14:39:59] load[NIL] is not supported!!!
[2023/07/17 14:39:59] Load Rank FUNC_RANK_EQUIPVALUE
[2023/07/17 14:39:59] Load Stable Rank count 0
[2023/07/17 14:39:59] Load Dynamic Rank count 0
[2023/07/17 14:39:59] Load Rank FUNC_RANK_EQUIPVALUE end
[2023/07/17 14:39:59] 
All Scripts Have Been Loaded! Count = 80
[2023/07/17 14:39:59] root client[:0] create
[2023/07/17 14:40:01] start autotimer for Ping: 
[2023/07/17 14:40:01] TRIP_MODE: None
[2023/07/17 14:40:01] Loading World Setting...
[2023/07/17 14:40:01] Reset map pho ban thanh cong
[2023/07/17 14:40:01] gateway client create: 127.0.0.1
[2023/07/17 14:40:01] Load League Data...Not League Data.
[2023/07/17 14:40:01] =====> THONG BAO TIN TUC TU DONG
[2023/07/17 14:40:01] =====> BAT DAU KHOI DONG CAC TINH NANG CUA GAME VO LAM TRUYEN KY <=====
[2023/07/17 14:40:01] ****************KHOI DONG NHIEM VU TONG KIM CHIEN QUOC ****************
[2023/07/17 14:40:01] =====> BATTLE[GuoZhan] 20:50 startup...
[2023/07/17 14:40:01] =====> [TongKim] Chien Truong Tong Kim 10:50 BAT DAU
[2023/07/17 14:40:01] =====> [TongKim] Chien Truong Tong Kim 12:50 BAT DAU
[2023/07/17 14:40:01] =====> [TongKim] Chien Truong Tong Kim 14:50 BAT DAU
[2023/07/17 14:40:01] =====> [TongKim] Chien Truong Tong Kim 16:50 BAT DAU
[2023/07/17 14:40:01] =====> [TongKim] Chien Truong Tong Kim 18:50 BAT DAU
[2023/07/17 14:40:01] =====> [TongKim] Chien Truong Tong Kim 20:50 BAT DAU
[2023/07/17 14:40:01] =====> [TongKim] Chien Truong Tong Kim 22:50 BAT DAU
[2023/07/17 14:40:01] =======================>Xoa thong tin Xep Hang<========================
[2023/07/17 14:40:01] =====> DANH SACH TOP 10 TOAN SERVER 0H
[2023/07/17 14:40:01] =====> DANH SACH TOP 10 TOAN SERVER 10H
[2023/07/17 14:40:01] =====> BANG XEP HANG <THACH THUC THOI GIAN> MOI NGAY=======
[2023/07/17 14:40:01] =====> VUOT AI KHIEU CHIEN THOI GIAN BAT DAU 15:0...
[2023/07/17 14:40:01] Failed to init statdatamanager!
[2023/07/17 14:40:01] S3Relay -- S3Relay- Khoi dong hoan tat! 
[2023/07/17 14:40:01] 
*
***** S3Relay Start (@ 149480704/00/43200 00:-1869352:135861597.136280271) >>>>>
*


[2023/07/17 14:40:01] SockThread start success
[2023/07/17 14:40:01] Game Module Is Started. -->Hoat dong mua xuan 2006
[2023/07/17 14:40:01] New Game Module Is Started. -->Hoat dong mua xuan 2006
[2023/07/17 14:40:01] Game Module Is Started. -->OpenShop
[2023/07/17 14:40:01] New Game Module Is Started. -->OpenShop
[2023/07/17 14:40:01] Game Module Is Started. -->Thiep Chuc Mung Nam Moi
[2023/07/17 14:40:01] New Game Module Is Started. -->Thiep Chuc Mung Nam Moi
[2023/07/17 14:40:01] Game Module Is Started. -->Do Pho Hoang Kim
[2023/07/17 14:40:01] New Game Module Is Started. -->Do Pho Hoang Kim
[2023/07/17 14:40:01] Game Module Is Started. -->Phuc Duyen - Phao Bong
[2023/07/17 14:40:01] New Game Module Is Started. -->Phuc Duyen - Phao Bong
[2023/07/17 14:40:01] Game Module Is Started. -->Truyen Cong
[2023/07/17 14:40:01] New Game Module Is Started. -->Truyen Cong
[2023/07/17 14:40:01] Game Module Is Started. -->Le vat tinh nhan
[2023/07/17 14:40:01] New Game Module Is Started. -->Le vat tinh nhan
[2023/07/17 14:40:01] Game Module Is Started. -->YANDIBAOZANG
[2023/07/17 14:40:01] New Game Module Is Started. -->YANDIBAOZANG
[2023/07/17 14:40:01] Game Module Is Started. -->YANDIBAOZANG_TALK
[2023/07/17 14:40:01] New Game Module Is Started. -->YANDIBAOZANG_TALK
[2023/07/17 14:40:01] Game Module Is Started. -->SWITH_DAIYITOUSHI
[2023/07/17 14:40:01] New Game Module Is Started. -->SWITH_DAIYITOUSHI
[2023/07/17 14:40:01] Game Module Is Started. -->chunjie2009_dangboss
[2023/07/17 14:40:01] New Game Module Is Started. -->chunjie2009_dangboss
[2023/07/17 14:40:01] ===>Xep Hang Khoi Dong Hoan Tat<===
[2023/07/17 14:40:17] ChatConnection create: 127.0.0.1
[2023/07/17 14:40:17] TongConnection create: 127.0.0.1
[2023/07/17 14:40:17] HostConnection create: 127.0.0.1
[2023/07/17 14:40:25] TongDataSendFinish: 127.0.0.1
[2023/07/17 14:40:25] GameServerLogin: 127.0.0.1
[2023/07/17 14:40:26] Assign Dynamic map(948,70001) for GS:0
[2023/07/17 14:40:26] GS:0 Total Dynamic map:1
[2023/07/17 14:40:26] GS:0 Total Static map:621
[2023/07/17 14:40:26] Assign Dynamic map(948,70002) for GS:0
[2023/07/17 14:40:26] GS:0 Total Dynamic map:2
[2023/07/17 14:40:26] GS:0 Total Static map:621
[2023/07/17 14:40:26] Assign Dynamic map(948,70003) for GS:0
[2023/07/17 14:40:26] GS:0 Total Dynamic map:3
[2023/07/17 14:40:26] GS:0 Total Static map:621
[2023/07/17 14:40:26] Assign Dynamic map(948,70004) for GS:0
[2023/07/17 14:40:26] GS:0 Total Dynamic map:4
[2023/07/17 14:40:26] GS:0 Total Static map:621
[2023/07/17 14:40:26] Assign Dynamic map(948,70005) for GS:0
[2023/07/17 14:40:26] GS:0 Total Dynamic map:5
[2023/07/17 14:40:26] GS:0 Total Static map:621
[2023/07/17 14:40:26] Assign Dynamic map(976,65536) for GS:0
[2023/07/17 14:40:26] GS:0 Total Dynamic map:6
[2023/07/17 14:40:26] GS:0 Total Static map:621
[2023/07/17 14:40:26] Assign Dynamic map(976,65537) for GS:0
[2023/07/17 14:40:26] GS:0 Total Dynamic map:7
[2023/07/17 14:40:26] GS:0 Total Static map:621
[2023/07/17 14:40:26] Assign Dynamic map(976,65538) for GS:0
[2023/07/17 14:40:26] GS:0 Total Dynamic map:8
[2023/07/17 14:40:26] GS:0 Total Static map:621
[2023/07/17 14:40:26] Assign Dynamic map(976,65539) for GS:0
[2023/07/17 14:40:26] GS:0 Total Dynamic map:9
[2023/07/17 14:40:26] GS:0 Total Static map:621
[2023/07/17 14:40:26] Assign Dynamic map(976,65540) for GS:0
[2023/07/17 14:40:26] GS:0 Total Dynamic map:10
[2023/07/17 14:40:26] GS:0 Total Static map:621
[2023/07/17 14:40:26] Assign Dynamic map(958,70006) for GS:0
[2023/07/17 14:40:26] GS:0 Total Dynamic map:11
[2023/07/17 14:40:26] GS:0 Total Static map:621
[2023/07/17 14:40:26] Assign Dynamic map(958,70007) for GS:0
[2023/07/17 14:40:26] GS:0 Total Dynamic map:12
[2023/07/17 14:40:26] GS:0 Total Static map:621
[2023/07/17 14:40:26] Assign Dynamic map(958,70008) for GS:0
[2023/07/17 14:40:26] GS:0 Total Dynamic map:13
[2023/07/17 14:40:26] GS:0 Total Static map:621
[2023/07/17 14:40:26] Assign Dynamic map(958,70009) for GS:0
[2023/07/17 14:40:26] GS:0 Total Dynamic map:14
[2023/07/17 14:40:26] GS:0 Total Static map:621
[2023/07/17 14:40:26] Assign Dynamic map(958,70010) for GS:0
[2023/07/17 14:40:26] GS:0 Total Dynamic map:15
[2023/07/17 14:40:26] GS:0 Total Static map:621
[2023/07/17 14:40:26] Assign Dynamic map(975,65541) for GS:0
[2023/07/17 14:40:26] GS:0 Total Dynamic map:16
[2023/07/17 14:40:26] GS:0 Total Static map:621
[2023/07/17 14:40:26] Assign Dynamic map(975,65542) for GS:0
[2023/07/17 14:40:26] GS:0 Total Dynamic map:17
[2023/07/17 14:40:26] GS:0 Total Static map:621
[2023/07/17 14:40:26] Assign Dynamic map(975,65543) for GS:0
[2023/07/17 14:40:26] GS:0 Total Dynamic map:18
[2023/07/17 14:40:26] GS:0 Total Static map:621
[2023/07/17 14:40:26] Assign Dynamic map(975,65544) for GS:0
[2023/07/17 14:40:26] GS:0 Total Dynamic map:19
[2023/07/17 14:40:26] GS:0 Total Static map:621
[2023/07/17 14:40:26] Assign Dynamic map(975,65545) for GS:0
[2023/07/17 14:40:26] GS:0 Total Dynamic map:20
[2023/07/17 14:40:26] GS:0 Total Static map:621
[2023/07/17 14:50:01] -----------------------------------------------------------------------------------------------------------------------------------------------------------------------------------
[2023/07/17 14:50:01] [2023-07-17 14:50:01]  NEW BATTLE START
[2023/07/17 14:50:01] BattleID: 1   BattleLevel: 2   Issue: 1   1th.Round
[2023/07/17 14:50:01] RoundID: 1   MapPattern: 9   BattleMapID:  9   WorldMapID: 382   MapName: Cng thnh chin (khu vc Cu K   RuleID: 7
[2023/07/17 14:50:01] -----------------------------------------------------------------------------------------------------------------------------------------------------------------------------------
[2023/07/17 14:50:01] -----------------------------------------------------------------------------------------------------------------------------------------------------------------------------------
[2023/07/17 14:50:01] [2023-07-17 14:50:01]  NEW BATTLE START
[2023/07/17 14:50:01] BattleID: 1   BattleLevel: 3   Issue: 1   1th.Round
[2023/07/17 14:50:01] RoundID: 1   MapPattern: 9   BattleMapID:  9   WorldMapID: 380   MapName: Cng thnh chin (khu vc Cu K   RuleID: 7
[2023/07/17 14:50:01] -----------------------------------------------------------------------------------------------------------------------------------------------------------------------------------
[2023/07/17 14:50:01] =====> [TongKim] Chien Truong Tong Kim 14:50 BAT DAU
[2023/07/17 15:00:01] VUOT AI KHIEU CHIEN THOI GIAN DANG GHI DANH
[2023/07/17 16:00:01] VUOT AI KHIEU CHIEN THOI GIAN DANG GHI DANH
[2023/07/17 16:50:01] -----------------------------------------------------------------------------------------------------------------------------------------------------------------------------------
[2023/07/17 16:50:01] [2023-07-17 16:50:01]  NEW BATTLE START
[2023/07/17 16:50:01] BattleID: 1   BattleLevel: 1   Issue: 1   1th.Round
[2023/07/17 16:50:01] RoundID: 1   MapPattern: 9   BattleMapID:  9   WorldMapID: 381   MapName: Cng thnh chin (khu vc Cu K   RuleID: 7
[2023/07/17 16:50:01] -----------------------------------------------------------------------------------------------------------------------------------------------------------------------------------
[2023/07/17 16:50:01] -----------------------------------------------------------------------------------------------------------------------------------------------------------------------------------
[2023/07/17 16:50:01] [2023-07-17 16:50:01]  NEW BATTLE START
[2023/07/17 16:50:01] BattleID: 1   BattleLevel: 2   Issue: 1   2th.Round
[2023/07/17 16:50:01] RoundID: 3   MapPattern: 12   BattleMapID:  14   WorldMapID: 379   MapName: Hong Sa Lm Ngao Chin   RuleID: 7
[2023/07/17 16:50:01] -----------------------------------------------------------------------------------------------------------------------------------------------------------------------------------
[2023/07/17 16:50:01] =====> [TongKim] Chien Truong Tong Kim 16:50 BAT DAU
[2023/07/17 16:50:01] -----------------------------------------------------------------------------------------------------------------------------------------------------------------------------------
[2023/07/17 16:50:01] [2023-07-17 16:50:01]  NEW BATTLE START
[2023/07/17 16:50:01] BattleID: 1   BattleLevel: 3   Issue: 1   2th.Round
[2023/07/17 16:50:01] RoundID: 3   MapPattern: 12   BattleMapID:  14   WorldMapID: 380   MapName: Hong Sa Lm Ngao Chin   RuleID: 7
[2023/07/17 16:50:01] -----------------------------------------------------------------------------------------------------------------------------------------------------------------------------------
[2023/07/17 17:00:01] VUOT AI KHIEU CHIEN THOI GIAN DANG GHI DANH
[2023/07/17 18:00:01] VUOT AI KHIEU CHIEN THOI GIAN DANG GHI DANH
[2023/07/17 18:50:01] -----------------------------------------------------------------------------------------------------------------------------------------------------------------------------------
[2023/07/17 18:50:01] [2023-07-17 18:50:01]  NEW BATTLE START
[2023/07/17 18:50:01] BattleID: 1   BattleLevel: 1   Issue: 1   2th.Round
[2023/07/17 18:50:01] RoundID: 3   MapPattern: 12   BattleMapID:  14   WorldMapID: 378   MapName: Hong Sa Lm Ngao Chin   RuleID: 7
[2023/07/17 18:50:01] -----------------------------------------------------------------------------------------------------------------------------------------------------------------------------------
[2023/07/17 18:50:01] -----------------------------------------------------------------------------------------------------------------------------------------------------------------------------------
[2023/07/17 18:50:01] [2023-07-17 18:50:01]  NEW BATTLE START
[2023/07/17 18:50:01] BattleID: 1   BattleLevel: 2   Issue: 1   3th.Round
[2023/07/17 18:50:01] RoundID: 7   MapPattern: 12   BattleMapID:  14   WorldMapID: 379   MapName: Hong Sa Lm Ngao Chin   RuleID: 7
[2023/07/17 18:50:01] -----------------------------------------------------------------------------------------------------------------------------------------------------------------------------------
[2023/07/17 18:50:01] -----------------------------------------------------------------------------------------------------------------------------------------------------------------------------------
[2023/07/17 18:50:01] [2023-07-17 18:50:01]  NEW BATTLE START
[2023/07/17 18:50:01] BattleID: 1   BattleLevel: 3   Issue: 1   3th.Round
[2023/07/17 18:50:01] RoundID: 7   MapPattern: 12   BattleMapID:  14   WorldMapID: 380   MapName: Hong Sa Lm Ngao Chin   RuleID: 7
[2023/07/17 18:50:01] -----------------------------------------------------------------------------------------------------------------------------------------------------------------------------------
[2023/07/17 18:50:01] =====> [TongKim] Chien Truong Tong Kim 18:50 BAT DAU
[2023/07/17 19:00:01] VUOT AI KHIEU CHIEN THOI GIAN DANG GHI DANH
[2023/07/17 19:50:32] SockThread stop success
[2023/07/17 19:50:32] S3Relay-开始关闭！ S3Relay- bat dau dong lai! 
[2023/07/17 19:50:32] 
*
***** S3Relay Stop (@ 0000/00/00 00:-1869320:134777086.149480704) <<<<<
*


[2023/07/17 19:50:32] chat server shutdown
[2023/07/17 19:50:32] tong server shutdown
[2023/07/17 19:50:32] host server shutdown
[2023/07/17 19:50:32] stop autotimer for Ping: 178.128.102.178
[2023/07/17 19:50:32] S3Relay: 与RelayRoot的链接断开了 -  cung voi RelayRoot lien tiep bi ngat quang - 178.128.102.178
