[2023/01/16 05:37:34] Loading All Scripts....................
[2023/01/16 05:37:34] load[NIL] is not supported!!!
[2023/01/16 05:37:34] Load Rank FUNC_RANK_EQUIPVALUE
[2023/01/16 05:37:34] Load Stable Rank count 0
[2023/01/16 05:37:34] Load Dynamic Rank count 0
[2023/01/16 05:37:34] Load Rank FUNC_RANK_EQUIPVALUE end
[2023/01/16 05:37:34] 
All Scripts Have Been Loaded! Count = 80
[2023/01/16 05:37:34] root client[:0] create
[2023/01/16 05:37:36] start autotimer for Ping: 
[2023/01/16 05:37:36] gateway client create: 127.0.0.1
[2023/01/16 05:37:36] TRIP_MODE: None
[2023/01/16 05:37:36] Loading World Setting...
[2023/01/16 05:37:36] Reset map pho ban thanh cong
[2023/01/16 05:37:36] Load League Data...Not League Data.
[2023/01/16 05:37:36] =====> THONG BAO TIN TUC TU DONG
[2023/01/16 05:37:36] =====> BAT DAU KHOI DONG CAC TINH NANG CUA GAME VO LAM TRUYEN KY <=====
[2023/01/16 05:37:36] ****************KHOI DONG NHIEM VU TONG KIM CHIEN QUOC ****************
[2023/01/16 05:37:36] =====> BATTLE[GuoZhan] 20:50 startup...
[2023/01/16 05:37:36] =====> [TongKim] Chien Truong Tong Kim 12:50 BAT DAU
[2023/01/16 05:37:36] =====> [TongKim] Chien Truong Tong Kim 14:50 BAT DAU
[2023/01/16 05:37:36] =====> [TongKim] Chien Truong Tong Kim 20:50 BAT DAU
[2023/01/16 05:37:36] =====> [TongKim] Chien Truong Tong Kim 22:50 BAT DAU
[2023/01/16 05:37:36] =======================>Xoa thong tin Xep Hang<========================
[2023/01/16 05:37:36] =====> BANG XEP HANG <THACH THUC THOI GIAN> MOI NGAY=======
[2023/01/16 05:37:36] =====> VUOT AI KHIEU CHIEN THOI GIAN BAT DAU 6:0...
[2023/01/16 05:37:36] Failed to init statdatamanager!
[2023/01/16 05:37:36] S3Relay -- S3Relay- Khoi dong hoan tat! 
[2023/01/16 05:37:36] 
*
***** S3Relay Start (@ 155989248/00/43200 00:-4924376:135861597.136280271) >>>>>
*


[2023/01/16 05:37:36] SockThread start success
[2023/01/16 05:37:36] Game Module Is Started. -->Hoat dong mua xuan 2006
[2023/01/16 05:37:36] New Game Module Is Started. -->Hoat dong mua xuan 2006
[2023/01/16 05:37:36] Game Module Is Started. -->OpenShop
[2023/01/16 05:37:36] New Game Module Is Started. -->OpenShop
[2023/01/16 05:37:36] Game Module Is Started. -->Thiep Chuc Mung Nam Moi
[2023/01/16 05:37:36] New Game Module Is Started. -->Thiep Chuc Mung Nam Moi
[2023/01/16 05:37:36] Game Module Is Started. -->Do Pho Hoang Kim
[2023/01/16 05:37:36] New Game Module Is Started. -->Do Pho Hoang Kim
[2023/01/16 05:37:36] Game Module Is Started. -->Phuc Duyen - Phao Bong
[2023/01/16 05:37:36] New Game Module Is Started. -->Phuc Duyen - Phao Bong
[2023/01/16 05:37:36] Game Module Is Started. -->Truyen Cong
[2023/01/16 05:37:36] New Game Module Is Started. -->Truyen Cong
[2023/01/16 05:37:36] Game Module Is Started. -->Le vat tinh nhan
[2023/01/16 05:37:36] New Game Module Is Started. -->Le vat tinh nhan
[2023/01/16 05:37:36] Game Module Is Started. -->YANDIBAOZANG
[2023/01/16 05:37:36] New Game Module Is Started. -->YANDIBAOZANG
[2023/01/16 05:37:36] Game Module Is Started. -->YANDIBAOZANG_TALK
[2023/01/16 05:37:36] New Game Module Is Started. -->YANDIBAOZANG_TALK
[2023/01/16 05:37:36] Game Module Is Started. -->SWITH_DAIYITOUSHI
[2023/01/16 05:37:36] New Game Module Is Started. -->SWITH_DAIYITOUSHI
[2023/01/16 05:37:36] Game Module Is Started. -->chunjie2009_dangboss
[2023/01/16 05:37:36] New Game Module Is Started. -->chunjie2009_dangboss
[2023/01/16 05:37:36] ===>Xep Hang Khoi Dong Hoan Tat<===
[2023/01/16 05:37:45] ChatConnection create: 127.0.0.1
[2023/01/16 05:37:45] TongConnection create: 127.0.0.1
[2023/01/16 05:37:45] HostConnection create: 127.0.0.1
[2023/01/16 05:37:50] TongDataSendFinish: 127.0.0.1
[2023/01/16 05:37:50] GameServerLogin: 127.0.0.1
[2023/01/16 05:37:50] Assign Dynamic map(948,70001) for GS:0
[2023/01/16 05:37:50] GS:0 Total Dynamic map:1
[2023/01/16 05:37:50] GS:0 Total Static map:621
[2023/01/16 05:37:50] Assign Dynamic map(948,70002) for GS:0
[2023/01/16 05:37:50] GS:0 Total Dynamic map:2
[2023/01/16 05:37:50] GS:0 Total Static map:621
[2023/01/16 05:37:50] A