[2023/01/16 07:09:49] Loading All Scripts....................
[2023/01/16 07:09:49] load[NIL] is not supported!!!
[2023/01/16 07:09:49] Load Rank FUNC_RANK_EQUIPVALUE
[2023/01/16 07:09:49] Load Stable Rank count 0
[2023/01/16 07:09:49] Load Dynamic Rank count 0
[2023/01/16 07:09:49] Load Rank FUNC_RANK_EQUIPVALUE end
[2023/01/16 07:09:49] 
All Scripts Have Been Loaded! Count = 80
[2023/01/16 07:09:49] root client[:0] create
[2023/01/16 07:09:51] start autotimer for Ping: 
[2023/01/16 07:09:51] TRIP_MODE: None
[2023/01/16 07:09:51] Loading World Setting...
[2023/01/16 07:09:51] Reset map pho ban thanh cong
[2023/01/16 07:09:51] gateway client create: 127.0.0.1
[2023/01/16 07:09:52] Load League Data...Not League Data.
[2023/01/16 07:09:52] =====> THONG BAO TIN TUC TU DONG
[2023/01/16 07:09:52] =====> BAT DAU KHOI DONG CAC TINH NANG CUA GAME VO LAM TRUYEN KY <=====
[2023/01/16 07:09:52] ****************KHOI DONG NHIEM VU TONG KIM CHIEN QUOC ****************
[2023/01/16 07:09:52] =====> BATTLE[GuoZhan] 20:50 startup...
[2023/01/16 07:09:52] =====> [TongKim] Chien Truong Tong Kim 12:50 BAT DAU
[2023/01/16 07:09:52] =====> [TongKim] Chien Truong Tong Kim 14:50 BAT DAU
[2023/01/16 07:09:52] =====> [TongKim] Chien Truong Tong Kim 20:50 BAT DAU
[2023/01/16 07:09:52] =====> [TongKim] Chien Truong Tong Kim 22:50 BAT DAU
[2023/01/16 07:09:52] =======================>Xoa thong tin Xep Hang<========================
[2023/01/16 07:09:52] =====> BANG XEP HANG <THACH THUC THOI GIAN> MOI NGAY=======
[2023/01/16 07:09:52] =====> VUOT AI KHIEU CHIEN THOI GIAN BAT DAU 8:0...
[2023/01/16 07:09:52] Failed to init statdatamanager!
[2023/01/16 07:09:52] S3Relay -- S3Relay- Khoi dong hoan tat! 
[2023/01/16 07:09:52] 
*
***** S3Relay Start (@ 153502976/00/43200 00:-5780008:135861597.136280271) >>>>>
*


[2023/01/16 07:09:52] SockThread start success
[2023/01/16 07:09:52] Game Module Is Started. -->Hoat dong mua xuan 2006
[2023/01/16 07:09:52] New Game Module Is Started. -->Hoat dong mua xuan 2006
[2023/01/16 07:09:52] Game Module Is Started. -->OpenShop
[2023/01/16 07:09:52] New Game Module Is Started. -->OpenShop
[2023/01/16 07:09:52] Game Module Is Started. -->Thiep Chuc Mung Nam Moi
[2023/01/16 07:09:52] New Game Module Is Started. -->Thiep Chuc Mung Nam Moi
[2023/01/16 07:09:52] Game Module Is Started. -->Do Pho Hoang Kim
[2023/01/16 07:09:52] New Game Module Is Started. -->Do Pho Hoang Kim
[2023/01/16 07:09:52] Game Module Is Started. -->Phuc Duyen - Phao Bong
[2023/01/16 07:09:52] New Game Module Is Started. -->Phuc Duyen - Phao Bong
[2023/01/16 07:09:52] Game Module Is Started. -->Truyen Cong
[2023/01/16 07:09:52] New Game Module Is Started. -->Truyen Cong
[2023/01/16 07:09:52] Game Module Is Started. -->Le vat tinh nhan
[2023/01/16 07:09:52] New Game Module Is Started. -->Le vat tinh nhan
[2023/01/16 07:09:52] Game Module Is Started. -->YANDIBAOZANG
[2023/01/16 07:09:52] New Game Module Is Started. -->YANDIBAOZANG
[2023/01/16 07:09:52] Game Module Is Started. -->YANDIBAOZANG_TALK
[2023/01/16 07:09:52] New Game Module Is Started. -->YANDIBAOZANG_TALK
[2023/01/16 07:09:52] Game Module Is Started. -->SWITH_DAIYITOUSHI
[2023/01/16 07:09:52] New Game Module Is Started. -->SWITH_DAIYITOUSHI
[2023/01/16 07:09:52] Game Module Is Started. -->chunjie2009_dangboss
[2023/01/16 07:09:52] New Game Module Is Started. -->chunjie2009_dangboss
[2023/01/16 07:09:52] ===>Xep Hang Khoi Dong Hoan Tat<===
[2023/01/16 07:10:02] ChatConnection create: 127.0.0.1
[2023/01/16 07:10:02] TongConnection create: 127.0.0.1
[2023/01/16 07:10:02] HostConnection create: 127.0.0.1
[2023/01/16 07:10:07] TongDataSendFinish: 127.0.0.1
[2023/01/16 07:10:07] GameServerLogin: 127.0.0.1
[2023/01/16 07:10:07] Assign Dynamic map(948,70001) for GS:0
[2023/01/16 07:10:07] GS:0 Total Dynamic map:1
[2023/01/16 07:10:07] GS:0 Total Static map:621
[2023/01/16 07:10:07] Assign Dynamic map(948,70002) for GS:0
[2023/01/16 07:10:07] GS:0 Total Dynamic map:2
[2023/01/16 07:10:07] GS:0 Total Static map:621
[2023/01/16 07:10:07] Assign Dynamic map(948,70003) for GS:0
[2023/01/16 07:10:07] GS:0 Total Dynamic map:3
[2023/01/16 07:10:07] GS:0 Total Static map:621
[2023/01/16 07:10:07] Assign Dynamic map(948,70004) for GS:0
[2023/01/16 07:10:07] GS:0 Total Dynamic map:4
[2023/01/16 07:10:07] GS:0 Total Static map:621
[2023/01/16 07:10:07] Assign Dynamic map(948,70005) for GS:0
[2023/01/16 07:10:07] GS:0 Total Dynamic map:5
[2023/01/16 07:10:07] GS:0 Total Static map:621
[2023/01/16 07:10:07] Assign Dynamic map(976,65536) for GS:0
[2023/01/16 07:10:07] GS:0 Total Dynamic map:6
[2023/01/16 07:10:07] GS:0 Total Static map:621
[2023/01/16 07:10:07] Assign Dynamic map(976,65537) for GS:0
[2023/01/16 07:10:07] GS:0 Total Dynamic map:7
[2023/01/16 07:10:07] GS:0 Total Static map:621
[2023/01/16 07:10:07] Assign Dynamic map(976,65538) for GS:0
[2023/01/16 07:10:07] GS:0 Total Dynamic map:8
[2023/01/16 07:10:07] GS:0 Total Static map:621
[2023/01/16 07:10:07] Assign Dynamic map(976,65539) for GS:0
[2023/01/16 07:10:07] GS:0 Total Dynamic map:9
[2023/01/16 07:10:07] GS:0 Total Static map:621
[2023/01/16 07:10:07] Assign Dynamic map(976,65540) for GS:0
[2023/01/16 07:10:07] GS:0 Total Dynamic map:10
[2023/01/16 07:10:07] GS:0 Total Static map:621
[2023/01/16 07:10:07] Assign Dynamic map(958,70006) for GS:0
[2023/01/16 07:10:07] GS:0 Total Dynamic map:11
[2023/01/16 07:10:07] GS:0 Total Static map:621
[2023/01/16 07:10:07] Assign Dynamic map(958,70007) for GS:0
[2023/01/16 07:10:07] GS:0 Total Dynamic map:12
[2023/01/16 07:10:07] GS:0 Total Static map:621
[2023/01/16 07:10:07] Assign Dynamic map(958,70008) for GS:0
[2023/01/16 07:10:07] GS:0 Total Dynamic map:13
[2023/01/16 07:10:07] GS:0 Total Static map:621
[2023/01/16 07:10:07] Assign Dynamic map(958,70009) for GS:0
[2023/01/16 07:10:07] GS:0 Total Dynamic map:14
[2023/01/16 07:10:07] GS:0 Total Static map:621
[2023/01/16 07:10:07] Assign Dynamic map(958,70010) for GS:0
[2023/01/16 07:10:07] GS:0 Total Dynamic map:15
[2023/01/16 07:10:07] GS:0 Total Static map:621
[2023/01/16 07:10:07] Assign Dynamic map(975,65541) for GS:0
[2023/01/16 07:10:07] GS:0 Total Dynamic map:16
[2023/01/16 07:10:07] GS:0 Total Static map:621
[2023/01/16 07:10:07] Assign Dynamic map(975,65542) for GS:0
[2023/01/16 07:10:07] GS:0 Total Dynamic map:17
[2023/01/16 07:10:07] GS:0 Total Static map:621
[2023/01/16 07:10:07] Assign Dynamic map(975,65543) for GS:0
[2023/01/16 07:10:07] GS:0 Total Dynamic map:18
[2023/01/16 07:10:07] GS:0 Total Static map:621
[2023/01/16 07:10:07] Assign Dynamic map(975,65544) for GS:0
[2023/01/16 07:10:07] GS:0 Total Dynamic map:19
[2023/01/16 07:10:07] GS:0 Total Static map:621
[2023/01/16 07:10:07] Assign Dynamic map(975,65545) for GS:0
[2023/01/16 07:10:07] GS:0 Total Dynamic map:20
[2023/01/16 07:10:07] GS:0 Total Static map:621
[2023/01/16 07:14:05] SockThread stop success
[2023/01/16 07:14:05] S3Relay-开始关闭！ S3Relay- bat dau dong lai! 
[2023/01/16 07:14:05] 
*
***** S3Relay Stop (@ 0000/00/00 00:-5779976:134777086.153502976) <<<<<
*


[2023/01/16 07:14:06] chat server shutdown
[2023/01/16 07:14:06] tong server shutdown
[2023/01/16 07:14:06] host server shutdown
[2023/01/16 07:14:06] stop autotimer for Ping: 103.179.172.139
[2023/01/16 07:14:06] S3Relay: 与RelayRoot的链接断开了 -  cung voi RelayRoot lien tiep bi ngat quang - 103.179.172.139
