[2023/07/21 13:44:19] Delete event data: ShareKey(EVENT_cailuhongbao), Param1(-1), Param2(-1), Timeout(2020-3-30)
[2023/07/21 13:44:19] Delete event data: ShareKey(EVENT_MIDAUT_2010), Param1(-1), Param2(-1), Timeout(2020-10-19)
[2023/07/21 13:44:19] Delete event data: ShareKey(EVENT_dayanqunxia), Param1(-1), Param2(-1), Timeout(2020-3-20)
[2023/07/21 13:44:19] Delete event data: ShareKey(FUNC_RANK_EQUIPVALUE), Param1(-1), Param2(-1), Timeout(2020-6-4)
[2023/07/21 13:44:19] Delete event data: ShareKey(EVENT_April_zhushuai), Param1(-1), Param2(-1), Timeout(2020-6-4)
[2023/07/21 13:44:19] Loading All Scripts....................
[2023/07/21 13:44:19] Load Rank FUNC_RANK_EQUIPVALUE
[2023/07/21 13:44:19] Load Stable Rank count 0
[2023/07/21 13:44:19] Load Dynamic Rank count 0
[2023/07/21 13:44:19] Load Rank FUNC_RANK_EQUIPVALUE end
[2023/07/21 13:44:19] 
All Scripts Have Been Loaded! Count = 80
[2023/07/21 13:44:19] root client[:0] create
[2023/07/21 13:44:21] start autotimer for Ping: 
[2023/07/21 13:44:21] TRIP_MODE: None
[2023/07/21 13:44:21] Loading World Setting...
[2023/07/21 13:44:21] Reset map pho ban thanh cong
[2023/07/21 13:44:21] gateway client create: 127.0.0.1
[2023/07/21 13:44:21] Load LeagueData: LeagueType: 4, Leagues: 7, Roles: 7
[2023/07/21 13:44:21] Load LeagueData: LeagueType: 502, Leagues: 11, Roles: 11
[2023/07/21 13:44:21] Load LeagueData: LeagueType: 10000, Leagues: 1, Roles: 0
[2023/07/21 13:44:21] =====> THONG BAO TIN TUC TU DONG
[2023/07/21 13:44:21] =====> BAT DAU KHOI DONG CAC TINH NANG CUA GAME VO LAM TRUYEN KY <=====
[2023/07/21 13:44:21] ****************KHOI DONG NHIEM VU TONG KIM CHIEN QUOC ****************
[2023/07/21 13:44:21] =====> BATTLE[GuoZhan] 20:50 startup...
[2023/07/21 13:44:21] =====> [TongKim] Chien Truong Tong Kim 10:50 BAT DAU
[2023/07/21 13:44:21] =====> [TongKim] Chien Truong Tong Kim 12:50 BAT DAU
[2023/07/21 13:44:21] =====> [TongKim] Chien Truong Tong Kim 14:50 BAT DAU
[2023/07/21 13:44:21] =====> [TongKim] Chien Truong Tong Kim 16:50 BAT DAU
[2023/07/21 13:44:21] =====> [TongKim] Chien Truong Tong Kim 18:50 BAT DAU
[2023/07/21 13:44:21] =====> [TongKim] Chien Truong Tong Kim 20:50 BAT DAU
[2023/07/21 13:44:21] =====> [TongKim] Chien Truong Tong Kim 22:50 BAT DAU
[2023/07/21 13:44:21] =======================>Xoa thong tin Xep Hang<========================
[2023/07/21 13:44:21] =====> DANH SACH TOP 10 TOAN SERVER 0H
[2023/07/21 13:44:21] =====> DANH SACH TOP 10 TOAN SERVER 10H
[2023/07/21 13:44:21] =====> BANG XEP HANG <THACH THUC THOI GIAN> MOI NGAY=======
[2023/07/21 13:44:21] =====> VUOT AI KHIEU CHIEN THOI GIAN BAT DAU 14:0...
[2023/07/21 13:44:21] Failed to init statdatamanager!
[2023/07/21 13:44:21] S3Relay -- S3Relay- Khoi dong hoan tat! 
[2023/07/21 13:44:21] 
*
***** S3Relay Start (@ 168105216/00/43200 00:-2673224:135861597.136280271) >>>>>
*


[2023/07/21 13:44:21] SockThread start success
[2023/07/21 13:44:21] Game Module Is Started. -->Hoat dong mua xuan 2006
[2023/07/21 13:44:21] Game Module Is Started. -->OpenShop
[2023/07/21 13:44:21] Game Module Is Started. -->Thiep Chuc Mung Nam Moi
[2023/07/21 13:44:21] Game Module Is Started. -->Do Pho Hoang Kim
[2023/07/21 13:44:21] Game Module Is Started. -->Phuc Duyen - Phao Bong
[2023/07/21 13:44:21] Game Module Is Started. -->Truyen Cong
[2023/07/21 13:44:21] Game Module Is Started. -->Le vat tinh nhan
[2023/07/21 13:44:21] Game Module Is Started. -->YANDIBAOZANG
[2023/07/21 13:44:21] Game Module Is Started. -->YANDIBAOZANG_TALK
[2023/07/21 13:44:21] Game Module Is Started. -->SWITH_DAIYITOUSHI
[2023/07/21 13:44:21] Game Module Is Started. -->chunjie2009_dangboss
[2023/07/21 13:44:21] ===>Xep Hang Khoi Dong Hoan Tat<===
[2023/07/21 13:44:27] TongConnection create: 127.0.0.1
[2023/07/21 13:44:27] HostConnection create: 127.0.0.1
[2023/07/21 13:44:27] ChatConnection create: 127.0.0.1
[2023/07/21 13:44:32] TongDataSendFinish: 127.0.0.1
[2023/07/21 13:44:32] GameServerLogin: 127.0.0.1
[2023/07/21 14:00:21] VUOT AI KHIEU CHIEN THOI GIAN DANG GHI DANH
[2023/07/21 14:50:21] -----------------------------------------------------------------------------------------------------------------------------------------------------------------------------------
[2023/07/21 14:50:21] [2023-07-21 14:50:21]  NEW BATTLE START
[2023/07/21 14:50:21] BattleID: 1   BattleLevel: 2   Issue: 1   4th.Round
[2023/07/21 14:50:21] RoundID: 15   MapPattern: 11   BattleMapID:  12   WorldMapID: 382   MapName: Cng thnh chin (khu vc Cu K   RuleID: 7
[2023/07/21 14:50:21] -----------------------------------------------------------------------------------------------------------------------------------------------------------------------------------
[2023/07/21 14:50:21] -----------------------------------------------------------------------------------------------------------------------------------------------------------------------------------
[2023/07/21 14:50:21] [2023-07-21 14:50:21]  NEW BATTLE START
[2023/07/21 14:50:21] BattleID: 1   BattleLevel: 3   Issue: 1   4th.Round
[2023/07/21 14:50:21] RoundID: 15   MapPattern: 11   BattleMapID:  12   WorldMapID: 380   MapName: Cng thnh chin (khu vc Cu K   RuleID: 7
[2023/07/21 14:50:21] -----------------------------------------------------------------------------------------------------------------------------------------------------------------------------------
[2023/07/21 14:50:21] =====> [TongKim] Chien Truong Tong Kim 14:50 BAT DAU
[2023/07/21 15:00:21] VUOT AI KHIEU CHIEN THOI GIAN DANG GHI DANH
[2023/07/21 16:00:21] VUOT AI KHIEU CHIEN THOI GIAN DANG GHI DANH
[2023/07/21 16:50:21] -----------------------------------------------------------------------------------------------------------------------------------------------------------------------------------
[2023/07/21 16:50:21] [2023-07-21 16:50:21]  NEW BATTLE START
[2023/07/21 16:50:21] BattleID: 1   BattleLevel: 1   Issue: 1   3th.Round
[2023/07/21 16:50:21] RoundID: 7   MapPattern: 12   BattleMapID:  14   WorldMapID: 378   MapName: Hong Sa Lm Ngao Chin   RuleID: 7
[2023/07/21 16:50:21] -----------------------------------------------------------------------------------------------------------------------------------------------------------------------------------
[2023/07/21 16:50:21] -----------------------------------------------------------------------------------------------------------------------------------------------------------------------------------
[2023/07/21 16:50:21] [2023-07-21 16:50:21]  NEW BATTLE START
[2023/07/21 16:50:21] BattleID: 1   BattleLevel: 2   Issue: 1   5th.Round
[2023/07/21 16:50:21] RoundID: 16   MapPattern: 10   BattleMapID:  11   WorldMapID: 379   MapName: Hong Sa Lm Ngao Chin   RuleID: 7
[2023/07/21 16:50:21] -----------------------------------------------------------------------------------------------------------------------------------------------------------------------------------
[2023/07/21 16:50:21] =====> [TongKim] Chien Truong Tong Kim 16:50 BAT DAU
[2023/07/21 16:50:21] -----------------------------------------------------------------------------------------------------------------------------------------------------------------------------------
[2023/07/21 16:50:21] [2023-07-21 16:50:21]  NEW BATTLE START
[2023/07/21 16:50:21] BattleID: 1   BattleLevel: 3   Issue: 1   5th.Round
[2023/07/21 16:50:21] RoundID: 16   MapPattern: 10   BattleMapID:  11   WorldMapID: 380   MapName: Hong Sa Lm Ngao Chin   RuleID: 7
[2023/07/21 16:50:21] -----------------------------------------------------------------------------------------------------------------------------------------------------------------------------------
[2023/07/21 17:00:21] VUOT AI KHIEU CHIEN THOI GIAN DANG GHI DANH
[2023/07/21 18:00:21] VUOT AI KHIEU CHIEN THOI GIAN DANG GHI DANH
[2023/07/21 18:50:21] -----------------------------------------------------------------------------------------------------------------------------------------------------------------------------------
[2023/07/21 18:50:21] [2023-07-21 18:50:21]  NEW BATTLE START
[2023/07/21 18:50:21] BattleID: 1   BattleLevel: 1   Issue: 1   4th.Round
[2023/07/21 18:50:21] RoundID: 15   MapPattern: 12   BattleMapID:  14   WorldMapID: 378   MapName: Hong Sa Lm Ngao Chin   RuleID: 7
[2023/07/21 18:50:21] -----------------------------------------------------------------------------------------------------------------------------------------------------------------------------------
[2023/07/21 18:50:21] -----------------------------------------------------------------------------------------------------------------------------------------------------------------------------------
[2023/07/21 18:50:21] [2023-07-21 18:50:21]  NEW BATTLE START
[2023/07/21 18:50:21] BattleID: 1   BattleLevel: 2   Issue: 1   6th.Round
[2023/07/21 18:50:21] RoundID: 1   MapPattern: 9   BattleMapID:  9   WorldMapID: 382   MapName: Cng thnh chin (khu vc Cu K   RuleID: 7
[2023/07/21 18:50:21] -----------------------------------------------------------------------------------------------------------------------------------------------------------------------------------
[2023/07/21 18:50:21] -----------------------------------------------------------------------------------------------------------------------------------------------------------------------------------
[2023/07/21 18:50:21] [2023-07-21 18:50:21]  NEW BATTLE START
[2023/07/21 18:50:21] BattleID: 1   BattleLevel: 3   Issue: 1   6th.Round
[2023/07/21 18:50:21] RoundID: 1   MapPattern: 11   BattleMapID:  12   WorldMapID: 380   MapName: Cng thnh chin (khu vc Cu K   RuleID: 7
[2023/07/21 18:50:21] -----------------------------------------------------------------------------------------------------------------------------------------------------------------------------------
[2023/07/21 18:50:21] =====> [TongKim] Chien Truong Tong Kim 18:50 BAT DAU
[2023/07/21 19:00:21] VUOT AI KHIEU CHIEN THOI GIAN DANG GHI DANH
[2023/07/21 20:00:21] VUOT AI KHIEU CHIEN THOI GIAN DANG GHI DANH
[2023/07/21 20:50:21] -----------------------------------------------------------------------------------------------------------------------------------------------------------------------------------
[2023/07/21 20:50:21] [2023-07-21 20:50:21]  NEW BATTLE START
[2023/07/21 20:50:21] BattleID: 1   BattleLevel: 2   Issue: 1   7th.Round
[2023/07/21 20:50:21] RoundID: 3   MapPattern: 12   BattleMapID:  14   WorldMapID: 379   MapName: Hong Sa Lm Ngao Chin   RuleID: 7
[2023/07/21 20:50:21] -----------------------------------------------------------------------------------------------------------------------------------------------------------------------------------
[2023/07/21 20:50:21] -----------------------------------------------------------------------------------------------------------------------------------------------------------------------------------
[2023/07/21 20:50:21] [2023-07-21 20:50:21]  NEW BATTLE START
[2023/07/21 20:50:21] BattleID: 1   BattleLevel: 3   Issue: 1   7th.Round
[2023/07/21 20:50:21] RoundID: 3   MapPattern: 12   BattleMapID:  14   WorldMapID: 380   MapName: Hong Sa Lm Ngao Chin   RuleID: 7
[2023/07/21 20:50:21] -----------------------------------------------------------------------------------------------------------------------------------------------------------------------------------
[2023/07/21 20:50:21] =====> [TongKim] Chien Truong Tong Kim 20:50 BAT DAU
[2023/07/21 21:00:21] VUOT AI KHIEU CHIEN THOI GIAN DANG GHI DANH
[2023/07/21 22:00:21] VUOT AI KHIEU CHIEN THOI GIAN DANG GHI DANH
[2023/07/21 22:50:21] -----------------------------------------------------------------------------------------------------------------------------------------------------------------------------------
[2023/07/21 22:50:21] [2023-07-21 22:50:21]  NEW BATTLE START
[2023/07/21 22:50:21] BattleID: 1   BattleLevel: 2   Issue: 1   8th.Round
[2023/07/21 22:50:21] RoundID: 7   MapPattern: 12   BattleMapID:  14   WorldMapID: 379   MapName: Hong Sa Lm Ngao Chin   RuleID: 7
[2023/07/21 22:50:21] -----------------------------------------------------------------------------------------------------------------------------------------------------------------------------------
[2023/07/21 22:50:21] -----------------------------------------------------------------------------------------------------------------------------------------------------------------------------------
[2023/07/21 22:50:21] [2023-07-21 22:50:21]  NEW BATTLE START
[2023/07/21 22:50:21] BattleID: 1   BattleLevel: 3   Issue: 1   8th.Round
[2023/07/21 22:50:21] RoundID: 7   MapPattern: 12   BattleMapID:  14   WorldMapID: 380   MapName: Hong Sa Lm Ngao Chin   RuleID: 7
[2023/07/21 22:50:21] -----------------------------------------------------------------------------------------------------------------------------------------------------------------------------------
[2023/07/21 22:50:21] =====> [TongKim] Chien Truong Tong Kim 22:50 BAT DAU
[2023/07/21 23:00:21] VUOT AI KHIEU CHIEN THOI GIAN DANG GHI DANH
[2023/07/21 23:13:02] SockThread stop success
[2023/07/21 23:13:02] S3Relay-开始关闭！ S3Relay- bat dau dong lai! 
[2023/07/21 23:13:02] 
*
***** S3Relay Stop (@ 0000/00/00 00:-2673192:134777086.168105216) <<<<<
*


[2023/07/21 23:13:02] chat server shutdown
[2023/07/21 23:13:02] tong server shutdown
[2023/07/21 23:13:02] host server shutdown
[2023/07/21 23:13:02] stop autotimer for Ping: 178.128.102.178
[2023/07/21 23:13:02] S3Relay: 与RelayRoot的链接断开了 -  cung voi RelayRoot lien tiep bi ngat quang - 178.128.102.178
