[2023/07/21 12:57:00] Delete event data: ShareKey(EVENT_cailuhongbao), Param1(-1), Param2(-1), Timeout(2020-3-30)
[2023/07/21 12:57:00] Delete event data: ShareKey(EVENT_MIDAUT_2010), Param1(-1), Param2(-1), Timeout(2020-10-19)
[2023/07/21 12:57:00] Delete event data: ShareKey(EVENT_dayanqunxia), Param1(-1), Param2(-1), Timeout(2020-3-20)
[2023/07/21 12:57:00] Delete event data: ShareKey(FUNC_RANK_EQUIPVALUE), Param1(-1), Param2(-1), Timeout(2020-6-4)
[2023/07/21 12:57:00] Delete event data: ShareKey(EVENT_April_zhushuai), Param1(-1), Param2(-1), Timeout(2020-6-4)
[2023/07/21 12:57:00] Loading All Scripts....................
[2023/07/21 12:57:01] Load Rank FUNC_RANK_EQUIPVALUE
[2023/07/21 12:57:01] Load Stable Rank count 0
[2023/07/21 12:57:01] Load Dynamic Rank count 0
[2023/07/21 12:57:01] Load Rank FUNC_RANK_EQUIPVALUE end
[2023/07/21 12:57:01] 
All Scripts Have Been Loaded! Count = 80
[2023/07/21 12:57:01] root client[:0] create
[2023/07/21 12:57:03] start autotimer for Ping: 
[2023/07/21 12:57:03] gateway client create: 127.0.0.1
[2023/07/21 12:57:03] TRIP_MODE: None
[2023/07/21 12:57:03] Loading World Setting...
[2023/07/21 12:57:03] Reset map pho ban thanh cong
[2023/07/21 12:57:03] Load LeagueData: LeagueType: 4, Leagues: 7, Roles: 7
[2023/07/21 12:57:03] Load LeagueData: LeagueType: 502, Leagues: 11, Roles: 11
[2023/07/21 12:57:03] Load LeagueData: LeagueType: 10000, Leagues: 1, Roles: 0
[2023/07/21 12:57:03] =====> THONG BAO TIN TUC TU DONG
[2023/07/21 12:57:03] =====> BAT DAU KHOI DONG CAC TINH NANG CUA GAME VO LAM TRUYEN KY <=====
[2023/07/21 12:57:03] ****************KHOI DONG NHIEM VU TONG KIM CHIEN QUOC ****************
[2023/07/21 12:57:03] =====> BATTLE[GuoZhan] 20:50 startup...
[2023/07/21 12:57:03] =====> [TongKim] Chien Truong Tong Kim 10:50 BAT DAU
[2023/07/21 12:57:03] =====> [TongKim] Chien Truong Tong Kim 12:50 BAT DAU
[2023/07/21 12:57:03] =====> [TongKim] Chien Truong Tong Kim 14:50 BAT DAU
[2023/07/21 12:57:03] =====> [TongKim] Chien Truong Tong Kim 16:50 BAT DAU
[2023/07/21 12:57:03] =====> [TongKim] Chien Truong Tong Kim 18:50 BAT DAU
[2023/07/21 12:57:03] =====> [TongKim] Chien Truong Tong Kim 20:50 BAT DAU
[2023/07/21 12:57:03] =====> [TongKim] Chien Truong Tong Kim 22:50 BAT DAU
[2023/07/21 12:57:03] =======================>Xoa thong tin Xep Hang<========================
[2023/07/21 12:57:03] =====> DANH SACH TOP 10 TOAN SERVER 0H
[2023/07/21 12:57:03] =====> DANH SACH TOP 10 TOAN SERVER 10H
[2023/07/21 12:57:03] =====> BANG XEP HANG <THACH THUC THOI GIAN> MOI NGAY=======
[2023/07/21 12:57:03] =====> VUOT AI KHIEU CHIEN THOI GIAN BAT DAU 13:0...
[2023/07/21 12:57:03] Failed to init statdatamanager!
[2023/07/21 12:57:03] S3Relay -- S3Relay- Khoi dong hoan tat! 
[2023/07/21 12:57:03] 
*
***** S3Relay Start (@ 161817856/00/43200 00:-1320184:135861597.136280271) >>>>>
*


[2023/07/21 12:57:03] SockThread start success
[2023/07/21 12:57:03] Game Module Is Started. -->Hoat dong mua xuan 2006
[2023/07/21 12:57:03] Game Module Is Started. -->OpenShop
[2023/07/21 12:57:03] Game Module Is Started. -->Thiep Chuc Mung Nam Moi
[2023/07/21 12:57:03] Game Module Is Started. -->Do Pho Hoang Kim
[2023/07/21 12:57:03] Game Module Is Started. -->Phuc Duyen - Phao Bong
[2023/07/21 12:57:03] Game Module Is Started. -->Truyen Cong
[2023/07/21 12:57:03] Game Module Is Started. -->Le vat tinh nhan
[2023/07/21 12:57:03] Game Module Is Started. -->YANDIBAOZANG
[2023/07/21 12:57:03] Game Module Is Started. -->YANDIBAOZANG_TALK
[2023/07/21 12:57:03] Game Module Is Started. -->SWITH_DAIYITOUSHI
[2023/07/21 12:57:03] Game Module Is Started. -->chunjie2009_dangboss
[2023/07/21 12:57:03] ===>Xep Hang Khoi Dong Hoan Tat<===
[2023/07/21 12:57:11] TongConnection create: 127.0.0.1
[2023/07/21 12:57:11] ChatConnection create: 127.0.0.1
[2023/07/21 12:57:11] HostConnection create: 127.0.0.1
[2023/07/21 12:57:17] TongDataSendFinish: 127.0.0.1
[2023/07/21 12:57:17] GameServerLogin: 127.0.0.1
[2023/07/21 13:00:00] SockThread stop success
[2023/07/21 13:00:00] S3Relay-开始关闭！ S3Relay- bat dau dong lai! 
[2023/07/21 13:00:00] 
*
***** S3Relay Stop (@ 0000/00/00 00:-1320152:134777086.161817856) <<<<<
*


[2023/07/21 13:00:00] chat server shutdown
[2023/07/21 13:00:00] tong server shutdown
[2023/07/21 13:00:00] host server shutdown
[2023/07/21 13:00:00] stop autotimer for Ping: 178.128.102.178
[2023/07/21 13:00:00] S3Relay: 与RelayRoot的链接断开了 -  cung voi RelayRoot lien tiep bi ngat quang - 178.128.102.178
