[2023/07/05 06:01:47] Delete event data: ShareKey(EVENT_cailuhongbao), Param1(-1), Param2(-1), Timeout(2020-3-30)
[2023/07/05 06:01:47] Delete event data: ShareKey(EVENT_MIDAUT_2010), Param1(-1), Param2(-1), Timeout(2020-10-19)
[2023/07/05 06:01:47] Delete event data: ShareKey(EVENT_dayanqunxia), Param1(-1), Param2(-1), Timeout(2020-3-20)
[2023/07/05 06:01:47] Delete event data: ShareKey(FUNC_RANK_EQUIPVALUE), Param1(-1), Param2(-1), Timeout(2020-6-4)
[2023/07/05 06:01:47] Delete event data: ShareKey(EVENT_April_zhushuai), Param1(-1), Param2(-1), Timeout(2020-6-4)
[2023/07/05 06:01:47] Loading All Scripts....................
[2023/07/05 06:01:47] Load Rank FUNC_RANK_EQUIPVALUE
[2023/07/05 06:01:47] Load Stable Rank count 0
[2023/07/05 06:01:47] Load Dynamic Rank count 0
[2023/07/05 06:01:47] Load Rank FUNC_RANK_EQUIPVALUE end
[2023/07/05 06:01:47] 
All Scripts Have Been Loaded! Count = 80
[2023/07/05 06:01:47] root client[:0] create
[2023/07/05 06:01:49] start autotimer for Ping: 
[2023/07/05 06:01:49] TRIP_MODE: None
[2023/07/05 06:01:49] Loading World Setting...
[2023/07/05 06:01:49] Reset map pho ban thanh cong
[2023/07/05 06:01:49] gateway client create: 127.0.0.1
[2023/07/05 06:01:49] Load LeagueData: LeagueType: 4, Leagues: 7, Roles: 7
[2023/07/05 06:01:49] Load LeagueData: LeagueType: 500, Leagues: 5, Roles: 5
[2023/07/05 06:01:49] Load LeagueData: LeagueType: 502, Leagues: 11, Roles: 11
[2023/07/05 06:01:49] Load LeagueData: LeagueType: 508, Leagues: 7, Roles: 0
[2023/07/05 06:01:49] Load LeagueData: LeagueType: 509, Leagues: 7, Roles: 0
[2023/07/05 06:01:49] Load LeagueData: LeagueType: 8888, Leagues: 1, Roles: 0
[2023/07/05 06:01:49] Load LeagueData: LeagueType: 10000, Leagues: 1, Roles: 0
[2023/07/05 06:01:49] =====> THONG BAO TIN TUC TU DONG
[2023/07/05 06:01:49] =====> BAT DAU KHOI DONG CAC TINH NANG CUA GAME VO LAM TRUYEN KY <=====
[2023/07/05 06:01:49] ****************KHOI DONG NHIEM VU TONG KIM CHIEN QUOC ****************
[2023/07/05 06:01:49] =====> BATTLE[GuoZhan] 20:50 startup...
[2023/07/05 06:01:49] =====> [TongKim] Chien Truong Tong Kim 12:50 BAT DAU
[2023/07/05 06:01:49] =====> [TongKim] Chien Truong Tong Kim 14:50 BAT DAU
[2023/07/05 06:01:49] =====> [TongKim] Chien Truong Tong Kim 20:50 BAT DAU
[2023/07/05 06:01:49] =====> [TongKim] Chien Truong Tong Kim 22:50 BAT DAU
[2023/07/05 06:01:49] =======================>Xoa thong tin Xep Hang<========================
[2023/07/05 06:01:49] =====> BANG XEP HANG <THACH THUC THOI GIAN> MOI NGAY=======
[2023/07/05 06:01:49] =====> VUOT AI KHIEU CHIEN THOI GIAN BAT DAU 7:0...
[2023/07/05 06:01:49] Failed to init statdatamanager!
[2023/07/05 06:01:49] S3Relay -- S3Relay- Khoi dong hoan tat! 
[2023/07/05 06:01:49] 
*
***** S3Relay Start (@ 162591528/00/43200 00:-6671048:135861597.136280271) >>>>>
*


[2023/07/05 06:01:49] SockThread start success
[2023/07/05 06:01:49] Game Module Is Started. -->Hoat dong mua xuan 2006
[2023/07/05 06:01:49] Game Module Is Started. -->OpenShop
[2023/07/05 06:01:49] Game Module Is Started. -->Thiep Chuc Mung Nam Moi
[2023/07/05 06:01:49] Game Module Is Started. -->Do Pho Hoang Kim
[2023/07/05 06:01:49] Game Module Is Started. -->Phuc Duyen - Phao Bong
[2023/07/05 06:01:49] Game Module Is Started. -->Truyen Cong
[2023/07/05 06:01:49] Game Module Is Started. -->Le vat tinh nhan
[2023/07/05 06:01:49] Game Module Is Started. -->YANDIBAOZANG
[2023/07/05 06:01:49] Game Module Is Started. -->YANDIBAOZANG_TALK
[2023/07/05 06:01:49] Game Module Is Started. -->SWITH_DAIYITOUSHI
[2023/07/05 06:01:49] Game Module Is Started. -->chunjie2009_dangboss
[2023/07/05 06:01:49] ===>Xep Hang Khoi Dong Hoan Tat<===
[2023/07/05 06:02:43] ChatConnection create: 127.0.0.1
[2023/07/05 06:02:43] TongConnection create: 127.0.0.1
[2023/07/05 06:02:43] HostConnection create: 127.0.0.1
[2023/07/05 06:02:47] TongDataSendFinish: 127.0.0.1
[2023/07/05 06:02:47] GameServerLogin: 127.0.0.1
[2023/07/05 06:02:47] Assign Dynamic map(948,70081) for GS:0
[2023/07/05 06:02:47] GS:0 Total Dynamic map:1
[2023/07