[2023/01/13 08:57:48] Delete event data: ShareKey(EVENT_cailuhongbao), Param1(-1), Param2(-1), Timeout(2020-3-30)
[2023/01/13 08:57:48] Delete event data: ShareKey(EVENT_MIDAUT_2010), Param1(-1), Param2(-1), Timeout(2020-10-19)
[2023/01/13 08:57:48] Delete event data: ShareKey(EVENT_dayanqunxia), Param1(-1), Param2(-1), Timeout(2020-3-20)
[2023/01/13 08:57:48] Delete event data: ShareKey(FUNC_RANK_EQUIPVALUE), Param1(-1), Param2(-1), Timeout(2020-6-4)
[2023/01/13 08:57:48] Delete event data: ShareKey(EVENT_April_zhushuai), Param1(-1), Param2(-1), Timeout(2020-6-4)
[2023/01/13 08:57:48] Loading All Scripts....................
[2023/01/13 08:57:48] Load Rank FUNC_RANK_EQUIPVALUE
[2023/01/13 08:57:48] Load Stable Rank count 0
[2023/01/13 08:57:48] Load Dynamic Rank count 0
[2023/01/13 08:57:48] Load Rank FUNC_RANK_EQUIPVALUE end
[2023/01/13 08:57:48] 
All Scripts Have Been Loaded! Count = 80
[2023/01/13 08:57:48] root client[:0] create
[2023/01/13 08:57:50] start autotimer for Ping: 
[2023/01/13 08:57:50] gateway client create: 127.0.0.1
[2023/01/13 08:57:50] TRIP_MODE: None
[2023/01/13 08:57:50] Loading World Setting...
[2023/01/13 08:57:50] Reset map pho ban thanh cong
[2023/01/13 08:57:50] Load LeagueData: LeagueType: 4, Leagues: 7, Roles: 7
[2023/01/13 08:57:50] Load LeagueData: LeagueType: 500, Leagues: 2, Roles: 2
[2023/01/13 08:57:50] Load LeagueData: LeagueType: 502, Leagues: 11, Roles: 11
[2023/01/13 08:57:50] Load LeagueData: LeagueType: 10000, Leagues: 1, Roles: 0
[2023/01/13 08:57:50] =====> THONG BAO TIN TUC TU DONG
[2023/01/13 08:57:50] =====> BAT DAU KHOI DONG CAC TINH NANG CUA GAME VO LAM TRUYEN KY <=====
[2023/01/13 08:57:50] ****************KHOI DONG NHIEM VU TONG KIM CHIEN QUOC ****************
[2023/01/13 08:57:50] =====> BATTLE[GuoZhan] 20:50 startup...
[2023/01/13 08:57:50] =====> [TongKim] Chien Truong Tong Kim 12:50 BAT DAU
[2023/01/13 08:57:50] =====> [TongKim] Chien Truong Tong Kim 14:50 BAT DAU
[2023/01/13 08:57:50] =====> [TongKim] Chien Truong Tong Kim 20:50 BAT DAU
[2023/01/13 08:57:50] =====> [TongKim] Chien Truong Tong Kim 22:50 BAT DAU
[2023/01/13 08:57:50] =======================>Xoa thong tin Xep Hang<========================
[2023/01/13 08:57:50] =====> BANG XEP HANG <THACH THUC THOI GIAN> MOI NGAY=======
[2023/01/13 08:57:50] =====> VUOT AI KHIEU CHIEN THOI GIAN BAT DAU 9:0...
[2023/01/13 08:57:50] Failed to init statdatamanager!
[2023/01/13 08:57:50] S3Relay -- S3Relay- Khoi dong hoan tat! 
[2023/01/13 08:57:50] 
*
***** S3Relay Start (@ 147698920/00/43200 00:-770248:135861597.136280271) >>>>>
*


[2023/01/13 08:57:50] SockThread start success
[2023/01/13 08:57:50] Game Module Is Started. -->Hoat dong mua xuan 2006
[2023/01/13 08:57:50] Game Module Is Started. -->OpenShop
[2023/01/13 08:57:50] Game Module Is Started. -->Thiep Chuc Mung Nam Moi
[2023/01/13 08:57:50] Game Module Is Started. -->Do Pho Hoang Kim
[2023/01/13 08:57:50] Game Module Is Started. -->Phuc Duyen - Phao Bong
[2023/01/13 08:57:50] Game Module Is Started. -->Truyen Cong
[2023/01/13 08:57:50] Game Module Is Started. -->Le vat tinh nhan
[2023/01/13 08:57:50] Game Module Is Started. -->YANDIBAOZANG
[2023/01/13 08:57:50] Game Module Is Started. -->YANDIBAOZANG_TALK
[2023/01/13 08:57:50] Game Module Is Started. -->SWITH_DAIYITOUSHI
[2023/01/13 08:57:50] Game Module Is Started. -->chunjie2009_dangboss
[2023/01/13 08:57:50] ===>Xep Hang Khoi Dong Hoan Tat<===
[2023/01/13 08:58:16] TongConnection create: 127.0.0.1
[2023/01/13 08:58:16] HostConnection create: 127.0.0.1
[2023/01/13 08:58:16] ChatConnection create: 127.0.0.1
[2023/01/13 08:58:26] TongDataSendFinish: 127.0.0.1
[2023/01/13 08:58:26] GameServerLogin: 127.0.0.1
[2023/01/13 08:58:26] Assign Dynamic map(948,70190) for GS:0
[2023/01/13 08:58:26] GS:0 Total Dynamic map:1
[2023/01/13 08:58:26] GS:0 Total Static map:621
[2023/01/13 08:58:26] Assign Dynamic map(948,70191) for GS:0
[2023/01/13 08:58:26] GS:0 Total Dynamic map:2
[2023/01/13 08:58:26] GS:0 Total Static map:621
[2023/01/13 08:58:26] Assign Dynamic map(948,70192) for GS:0
[2023/01/13 08:58:26] GS:0 Total Dynamic map:3
[2023/01/13 08:58:26] GS:0 Total Static map:621
[2023/01/13 08:58:26] Assign Dynamic map(948,70193) for GS:0
[2023/01/13 08:58:26] GS:0 Total Dynamic map:4
[2023/01/13 08:58:26] GS:0 Total Static map:621
[2023/01/13 08:58:26] Assign Dynamic map(948,70194) for GS:0
[2023/01/13 08:58:26] GS:0 Total Dynamic map:5
[2023/01/13 08:58:26] GS:0 Total Static map:621
[2023/01/13 08:58:26] Assign Dynamic map(976,65536) for GS:0
[2023/01/13 08:58:26] GS:0 Total Dynamic map:6
[2023/01/13 08:58:26] GS:0 Total Static map:621
[2023/01/13 08:58:26] Assign Dynamic map(976,65537) for GS:0
[2023/01/13 08:58:26] GS:0 Total Dynamic map:7
[2023/01/13 08:58:26] GS:0 Total Static map:621
[2023/01/13 08:58:26] Assign Dynamic map(976,65538) for GS:0
[2023/01/13 08:58:26] GS:0 Total Dynamic map:8
[2023/01/13 08:58:26] GS:0 Total Static map:621
[2023/01/13 08:58:26] Assign Dynamic map(976,65539) for GS:0
[2023/01/13 08:58:26] GS:0 Total Dynamic map:9
[2023/01/13 08:58:26] GS:0 Total Static map:621
[2023/01/13 08:58:26] Assign Dynamic map(976,65540) for GS:0
[2023/01/13 08:58:26] GS:0 Total Dynamic map:10
[2023/01/13 08:58:26] GS:0 Total Static map:621
[2023/01/13 08:58:26] Assign Dynamic map(958,70195) for GS:0
[2023/01/13 08:58:26] GS:0 Total Dynamic map:11
[2023/01/13 08:58:26] GS:0 Total Static map:621
[2023/01/13 08:58:26] Assign Dynamic map(958,70196) for GS:0
[2023/01/13 08:58:26] GS:0 Total Dynamic map:12
[2023/01/13 08:58:26] GS:0 Total Static map:621
[2023/01/13 08:58:26] Assign Dynamic map(958,70197) for GS:0
[2023/01/13 08:58:26] GS:0 Total Dynamic map:13
[2023/01/13 08:58:26] GS:0 Total Static map:621
[2023/01/13 08:58:26] Assign Dynamic map(958,70198) for GS:0
[2023/01/13 08:58:26] GS:0 Total Dynamic map:14
[2023/01/13 08:58:26] GS:0 Total Static map:621
[2023/01/13 08:58:26] Assign Dynamic map(958,70199) for GS:0
[2023/01/13 08:58:26] GS:0 Total Dynamic map:15
[2023/01/13 08:58:26] GS:0 Total Static map:621
[2023/01/13 08:58:26] Assign Dynamic map(975,65541) for GS:0
[2023/01/13 08:58:26] GS:0 Total Dynamic map:16
[2023/01/13 08:58:26] GS:0 Total Static map:621
[2023/01/13 08:58:26] Assign Dynamic map(975,65542) for GS:0
[2023/01/13 08:58:26] GS:0 Total Dynamic map:17
[2023/01/13 08:58:26] GS:0 Total Static map:621
[2023/01/13 08:58:26] Assign Dynamic map(975,65543) for GS:0
[2023/01/13 08:58:26] GS:0 Total Dynamic map:18
[2023/01/13 08:58:26] GS:0 Total Static map:621
[2023/01/13 08:58:26] Assign Dynamic map(975,65544) for GS:0
[2023/01/13 08:58:26] GS:0 Total Dynamic map:19
[2023/01/13 08:58:26] GS:0 Total Static map:621
[2023/01/13 08:58:26] Assign Dynamic map(975,65545) for GS:0
[2023/01/13 08:58:26] GS:0 Total Dynamic map:20
[2023/01/13 08:58:26] GS:0 Total Static map:621
[2023/01/13 09:00:50] VUOT AI KHIEU CHIEN THOI GIAN DANG GHI DANH
[2023/01/13 09:55:53] ChatConnection close: 127.0.0.1
[2023/01/13 09:55:53] TongConnection close: 127.0.0.1
[2023/01/13 09:55:53] HostConnection close: 127.0.0.1
[2023/01/13 09:55:57] ChatConnection create: 127.0.0.1
[2023/01/13 09:55:57] TongConnection create: 127.0.0.1
[2023/01/13 09:55:57] HostConnection create: 127.0.0.1
[2023/01/13 09:56:01] TongDataSendFinish: 127.0.0.1
[2023/01/13 09:56:01] GameServerLogin: 127.0.0.1
[2023/01/13 09:56:01] Assign Dynamic map(976,65546) for GS:0
[2023/01/13 09:56:01] GS:0 Total Dynamic map:21
[2023/01/13 09:56:01] GS:0 Total Static map:621
[2023/01/13 09:56:01] Assign Dynamic map(976,65547) for GS:0
[2023/01/13 09:56:01] GS:0 Total Dynamic map:22
[2023/01/13 09:56:01] GS:0 Total Static map:621
[2023/01/13 09:56:01] Assign Dynamic map(976,65548) for GS:0
[2023/01/13 09:56:01] GS:0 Total Dynamic map:23
[2023/01/13 09:56:01] GS:0 Total Static map:621
[2023/01/13 09:56:01] Assign Dynamic map(976,65549) for GS:0
[2023/01/13 09:56:01] GS:0 Total Dynamic map:24
[2023/01/13 09:56:01] GS:0 Total Static map:621
[2023/01/13 09:56:01] Assign Dynamic map(976,65550) for GS:0
[2023/01/13 09:56:01] GS:0 Total Dynamic map:25
[2023/01/13 09:56:01] GS:0 Total Static map:621
[2023/01/13 09:56:01] Assign Dynamic map(975,65551) for GS:0
[2023/01/13 09:56:01] GS:0 Total Dynamic map:26
[2023/01/13 09:56:01] GS:0 Total Static map:621
[2023/01/13 09:56:01] Assign Dynamic map(975,65552) for GS:0
[2023/01/13 09:56:01] GS:0 Total Dynamic map:27
[2023/01/13 09:56:01] GS:0 Total Static map:621
[2023/01/13 09:56:01] Assign Dynamic map(975,65553) for GS:0
[2023/01/13 09:56:01] GS:0 Total Dynamic map:28
[2023/01/13 09:56:01] GS:0 Total Static map:621
[2023/01/13 09:56:01] Assign Dynamic map(975,65554) for GS:0
[2023/01/13 09:56:01] GS:0 Total Dynamic map:29
[2023/01/13 09:56:01] GS:0 Total Static map:621
[2023/01/13 09:56:01] Assign Dynamic map(975,65555) for GS:0
[2023/01/13 09:56:01] GS:0 Total Dynamic map:30
[2023/01/13 09:56:01] GS:0 Total Static map:621
[2023/01/13 09:56:15] TongConnection close: 127.0.0.1
[2023/01/13 09:56:15] ChatConnection close: 127.0.0.1
[2023/01/13 09:56:15] HostConnection close: 127.0.0.1
[2023/01/13 09:56:25] ChatConnection create: 127.0.0.1
[2023/01/13 09:56:25] TongConnection create: 127.0.0.1
[2023/01/13 09:56:25] HostConnection create: 127.0.0.1
[2023/01/13 09:56:29] TongDataSendFinish: 127.0.0.1
[2023/01/13 09:56:29] GameServerLogin: 127.0.0.1
[2023/01/13 09:56:29] Assign Dynamic map(948,70200) for GS:0
[2023/01/13 09:56:29] GS:0 Total Dynamic map:31
[2023/01/13 09:56:29] GS:0 Total Static map:621
[2023/01/13 09:56:29] Assign Dynamic map(948,70201) for GS:0
[2023/01/13 09:56:29] GS:0 Total Dynamic map:32
[2023/01/13 09:56:29] GS:0 Total Static map:621
[2023/01/13 09:56:29] Assign Dynamic map(948,70202) for GS:0
[2023/01/13 09:56:29] GS:0 Total Dynamic map:33
[2023/01/13 09:56:29] GS:0 Total Static map:621
[2023/01/13 09:56:29] Assign Dynamic map(976,65556) for GS:0
[2023/01/13 09:56:29] GS:0 Total Dynamic map:34
[2023/01/13 09:56:29] GS:0 Total Static map:621
[2023/01/13 09:56:29] Assign Dynamic map(976,65557) for GS:0
[2023/01/13 09:56:29] GS:0 Total Dynamic map:35
[2023/01/13 09:56:29] GS:0 Total Static map:621
[2023/01/13 09:56:29] Assign Dynamic map(976,65558) for GS:0
[2023/01/13 09:56:29] GS:0 Total Dynamic map:36
[2023/01/13 09:56:29] GS:0 Total Static map:621
[2023/01/13 09:56:29] Assign Dynamic map(976,65559) for GS:0
[2023/01/13 09:56:29] GS:0 Total Dynamic map:37
[2023/01/13 09:56:29] GS:0 Total Static map:621
[2023/01/13 09:56:29] Assign Dynamic map(976,65560) for GS:0
[2023/01/13 09:56:29] GS:0 Total Dynamic map:38
[2023/01/13 09:56:29] GS:0 Total Static map:621
[2023/01/13 09:56:29] Assign Dynamic map(958,70203) for GS:0
[2023/01/13 09:56:29] GS:0 Total Dynamic map:39
[2023/01/13 09:56:29] GS:0 Total Static map:621
[2023/01/13 09:56:29] Assign Dynamic map(958,70204) for GS:0
[2023/01/13 09:56:29] GS:0 Total Dynamic map:40
[2023/01/13 09:56:29] GS:0 Total Static map:621
[2023/01/13 09:56:29] Assign Dynamic map(958,70205) for GS:0
[2023/01/13 09:56:29] GS:0 Total Dynamic map:41
[2023/01/13 09:56:29] GS:0 Total Static map:621
[2023/01/13 09:56:29] Assign Dynamic map(958,70206) for GS:0
[2023/01/13 09:56:29] GS:0 Total Dynamic map:42
[2023/01/13 09:56:29] GS:0 Total Static map:621
[2023/01/13 09:56:29] Assign Dynamic map(958,70207) for GS:0
[2023/01/13 09:56:29] GS:0 Total Dynamic map:43
[2023/01/13 09:56:29] GS:0 Total Static map:621
[2023/01/13 09:56:29] Assign Dynamic map(975,65561) for GS:0
[2023/01/13 09:56:29] GS:0 Total Dynamic map:44
[2023/01/13 09:56:29] GS:0 Total Static map:621
[2023/01/13 09:56:29] Assign Dynamic map(975,65562) for GS:0
[2023/01/13 09:56:29] GS:0 Total Dynamic map:45
[2023/01/13 09:56:29] GS:0 Total Static map:621
[2023/01/13 09:56:29] Assign Dynamic map(975,65563) for GS:0
[2023/01/13 09:56:29] GS:0 Total Dynamic map:46
[2023/01/13 09:56:29] GS:0 Total Static map:621
[2023/01/13 09:56:29] Assign Dynamic map(975,65564) for GS:0
[2023/01/13 09:56:29] GS:0 Total Dynamic map:47
[2023/01/13 09:56:29] GS:0 Total Static map:621
[2023/01/13 09:56:29] Assign Dynamic map(975,65565) for GS:0
[2023/01/13 09:56:29] GS:0 Total Dynamic map:48
[2023/01/13 09:56:29] GS:0 Total Static map:621
[2023/01/13 10:00:50] VUOT AI KHIEU CHIEN THOI GIAN DANG GHI DANH
[2023/01/13 10:07:54] ChatConnection close: 127.0.0.1
[2023/01/13 10:07:54] TongConnection close: 127.0.0.1
[2023/01/13 10:07:54] HostConnection close: 127.0.0.1
[2023/01/13 10:08:03] ChatConnection create: 127.0.0.1
[2023/01/13 10:08:03] TongConnection create: 127.0.0.1
[2023/01/13 10:08:03] HostConnection create: 127.0.0.1
[2023/01/13 10:08:07] TongDataSendFinish: 127.0.0.1
[2023/01/13 10:08:07] GameServerLogin: 127.0.0.1
[2023/01/13 10:08:07] Assign Dynamic map(948,70208) for GS:0
[2023/01/13 10:08:07] GS:0 Total Dynamic map:49
[2023/01/13 10:08:07] GS:0 Total Static map:621
[2023/01/13 10:08:07] Assign Dynamic map(948,70209) for GS:0
[2023/01/13 10:08:07] GS:0 Total Dynamic map:50
[2023/01/13 10:08:07] GS:0 Total Static map:621
[2023/01/13 10:08:07] Assign Dynamic map(948,70210) for GS:0
[2023/01/13 10:08:07] GS:0 Total Dynamic map:51
[2023/01/13 10:08:07] GS:0 Total Static map:621
[2023/01/13 10:08:07] Assign Dynamic map(976,65566) for GS:0
[2023/01/13 10:08:07] GS:0 Total Dynamic map:52
[2023/01/13 10:08:07] GS:0 Total Static map:621
[2023/01/13 10:08:07] Assign Dynamic map(976,65567) for GS:0
[2023/01/13 10:08:07] GS:0 Total Dynamic map:53
[2023/01/13 10:08:07] GS:0 Total Static map:621
[2023/01/13 10:08:07] Assign Dynamic map(976,65568) for GS:0
[2023/01/13 10:08:07] GS:0 Total Dynamic map:54
[2023/01/13 10:08:07] GS:0 Total Static map:621
[2023/01/13 10:08:07] Assign Dynamic map(976,65569) for GS:0
[2023/01/13 10:08:07] GS:0 Total Dynamic map:55
[2023/01/13 10:08:07] GS:0 Total Static map:621
[2023/01/13 10:08:07] Assign Dynamic map(976,65570) for GS:0
[2023/01/13 10:08:07] GS:0 Total Dynamic map:56
[2023/01/13 10:08:07] GS:0 Total Static map:621
[2023/01/13 10:08:07] Assign Dynamic map(958,70211) for GS:0
[2023/01/13 10:08:07] GS:0 Total Dynamic map:57
[2023/01/13 10:08:07] GS:0 Total Static map:621
[2023/01/13 10:08:07] Assign Dynamic map(958,70212) for GS:0
[2023/01/13 10:08:07] GS:0 Total Dynamic map:58
[2023/01/13 10:08:07] GS:0 Total Static map:621
[2023/01/13 10:08:07] Assign Dynamic map(958,70213) for GS:0
[2023/01/13 10:08:07] GS:0 Total Dynamic map:59
[2023/01/13 10:08:07] GS:0 Total Static map:621
[2023/01/13 10:08:07] Assign Dynamic map(958,70214) for GS:0
[2023/01/13 10:08:07] GS:0 Total Dynamic map:60
[2023/01/13 10:08:07] GS:0 Total Static map:621
[2023/01/13 10:08:07] Assign Dynamic map(958,70215) for GS:0
[2023/01/13 10:08:07] GS:0 Total Dynamic map:61
[2023/01/13 10:08:07] GS:0 Total Static map:621
[2023/01/13 10:08:07] Assign Dynamic map(975,65571) for GS:0
[2023/01/13 10:08:07] GS:0 Total Dynamic map:62
[2023/01/13 10:08:07] GS:0 Total Static map:621
[2023/01/13 10:08:07] Assign Dynamic map(975,65572) for GS:0
[2023/01/13 10:08:07] GS:0 Total Dynamic map:63
[2023/01/13 10:08:07] GS:0 Total Static map:621
[2023/01/13 10:08:07] Assign Dynamic map(975,65573) for GS:0
[2023/01/13 10:08:07] GS:0 Total Dynamic map:64
[2023/01/13 10:08:07] GS:0 Total Static map:621
[2023/01/13 10:08:07] Assign Dynamic map(975,65574) for GS:0
[2023/01/13 10:08:07] GS:0 Total Dynamic map:65
[2023/01/13 10:08:07] GS:0 Total Static map:621
[2023/01/13 10:08:07] Assign Dynamic map(975,65575) for GS:0
[2023/01/13 10:08:07] GS:0 Total Dynamic map:66
[2023/01/13 10:08:07] GS:0 Total Static map:621
[2023/01/13 10:10:52] ChatConnection close: 127.0.0.1
[2023/01/13 10:10:52] HostConnection close: 127.0.0.1
[2023/01/13 10:10:52] TongConnection close: 127.0.0.1
[2023/01/13 10:10:56] ChatConnection create: 127.0.0.1
[2023/01/13 10:10:56] TongConnection create: 127.0.0.1
[2023/01/13 10:10:56] HostConnection create: 127.0.0.1
[2023/01/13 10:11:00] TongDataSendFinish: 127.0.0.1
[2023/01/13 10:11:00] GameServerLogin: 127.0.0.1
[2023/01/13 10:11:00] Assign Dynamic map(976,65576) for GS:0
[2023/01/13 10:11:00] GS:0 Total Dynamic map:67
[2023/01/13 10:11:00] GS:0 Total Static map:621
[2023/01/13 10:11:00] Assign Dynamic map(976,65577) for GS:0
[2023/01/13 10:11:00] GS:0 Total Dynamic map:68
[2023/01/13 10:11:00] GS:0 Total Static map:621
[2023/01/13 10:11:00] Assign Dynamic map(976,65578) for GS:0
[2023/01/13 10:11:00] GS:0 Total Dynamic map:69
[2023/01/13 10:11:00] GS:0 Total Static map:621
[2023/01/13 10:11:00] Assign Dynamic map(976,65579) for GS:0
[2023/01/13 10:11:00] GS:0 Total Dynamic map:70
[2023/01/13 10:11:00] GS:0 Total Static map:621
[2023/01/13 10:11:00] Assign Dynamic map(976,65580) for GS:0
[2023/01/13 10:11:00] GS:0 Total Dynamic map:71
[2023/01/13 10:11:00] GS:0 Total Static map:621
[2023/01/13 10:11:00] Assign Dynamic map(958,70216) for GS:0
[2023/01/13 10:11:00] GS:0 Total Dynamic map:72
[2023/01/13 10:11:00] GS:0 Total Static map:621
[2023/01/13 10:11:00] Assign Dynamic map(958,70217) for GS:0
[2023/01/13 10:11:00] GS:0 Total Dynamic map:73
[2023/01/13 10:11:00] GS:0 Total Static map:621
[2023/01/13 10:11:00] Assign Dynamic map(958,70218) for GS:0
[2023/01/13 10:11:00] GS:0 Total Dynamic map:74
[2023/01/13 10:11:00] GS:0 Total Static map:621
[2023/01/13 10:11:00] Assign Dynamic map(958,70219) for GS:0
[2023/01/13 10:11:00] GS:0 Total Dynamic map:75
[2023/01/13 10:11:00] GS:0 Total Static map:621
[2023/01/13 10:11:00] Assign Dynamic map(958,70220) for GS:0
[2023/01/13 10:11:00] GS:0 Total Dynamic map:76
[2023/01/13 10:11:00] GS:0 Total Static map:621
[2023/01/13 10:11:00] Assign Dynamic map(975,65581) for GS:0
[2023/01/13 10:11:00] GS:0 Total Dynamic map:77
[2023/01/13 10:11:00] GS:0 Total Static map:621
[2023/01/13 10:11:00] Assign Dynamic map(975,65582) for GS:0
[2023/01/13 10:11:00] GS:0 Total Dynamic map:78
[2023/01/13 10:11:00] GS:0 Total Static map:621
[2023/01/13 10:11:00] Assign Dynamic map(975,65583) for GS:0
[2023/01/13 10:11:00] GS:0 Total Dynamic map:79
[2023/01/13 10:11:00] GS:0 Total Static map:621
[2023/01/13 10:11:00] Assign Dynamic map(975,65584) for GS:0
[2023/01/13 10:11:00] GS:0 Total Dynamic map:80
[2023/01/13 10:11:00] GS:0 Total Static map:621
[2023/01/13 10:11:00] Assign Dynamic map(975,65585) for GS:0
[2023/01/13 10:11:00] GS:0 Total Dynamic map:81
[2023/01/13 10:11:00] GS:0 Total Static map:621
[2023/01/13 10:12:41] ChatConnection close: 127.0.0.1
[2023/01/13 10:12:41] HostConnection close: 127.0.0.1
[2023/01/13 10:12:41] TongConnection close: 127.0.0.1
[2023/01/13 10:12:44] ChatConnection create: 127.0.0.1
[2023/01/13 10:12:44] HostConnection create: 127.0.0.1
[2023/01/13 10:12:44] TongConnection create: 127.0.0.1
[2023/01/13 10:12:48] TongDataSendFinish: 127.0.0.1
[2023/01/13 10:12:48] GameServerLogin: 127.0.0.1
[2023/01/13 10:12:48] Assign Dynamic map(948,70221) for GS:0
[2023/01/13 10:12:48] GS:0 Total Dynamic map:82
[2023/01/13 10:12:48] GS:0 Total Static map:621
[2023/01/13 10:12:48] Assign Dynamic map(948,70222) for GS:0
[2023/01/13 10:12:48] GS:0 Total Dynamic map:83
[2023/01/13 10:12:48] GS:0 Total Static map:621
[2023/01/13 10:12:48] Assign Dynamic map(948,70223) for GS:0
[2023/01/13 10:12:48] GS:0 Total Dynamic map:84
[2023/01/13 10:12:48] GS:0 Total Static map:621
[2023/01/13 10:12:48] Assign Dynamic map(976,65586) for GS:0
[2023/01/13 10:12:48] GS:0 Total Dynamic map:85
[2023/01/13 10:12:48] GS:0 Total Static map:621
[2023/01/13 10:12:48] Assign Dynamic map(976,65587) for GS:0
[2023/01/13 10:12:48] GS:0 Total Dynamic map:86
[2023/01/13 10:12:48] GS:0 Total Static map:621
[2023/01/13 10:12:48] Assign Dynamic map(976,65588) for GS:0
[2023/01/13 10:12:48] GS:0 Total Dynamic map:87
[2023/01/13 10:12:48] GS:0 Total Static map:621
[2023/01/13 10:12:48] Assign Dynamic map(976,65589) for GS:0
[2023/01/13 10:12:48] GS:0 Total Dynamic map:88
[2023/01/13 10:12:48] GS:0 Total Static map:621
[2023/01/13 10:12:48] Assign Dynamic map(976,65590) for GS:0
[2023/01/13 10:12:48] GS:0 Total Dynamic map:89
[2023/01/13 10:12:48] GS:0 Total Static map:621
[2023/01/13 10:12:48] Assign Dynamic map(958,70224) for GS:0
[2023/01/13 10:12:48] GS:0 Total Dynamic map:90
[2023/01/13 10:12:48] GS:0 Total Static map:621
[2023/01/13 10:12:48] Assign Dynamic map(958,70225) for GS:0
[2023/01/13 10:12:48] GS:0 Total Dynamic map:91
[2023/01/13 10:12:48] GS:0 Total Static map:621
[2023/01/13 10:12:48] Assign Dynamic map(958,70226) for GS:0
[2023/01/13 10:12:48] GS:0 Total Dynamic map:92
[2023/01/13 10:12:48] GS:0 Total Static map:621
[2023/01/13 10:12:48] Assign Dynamic map(958,70227) for GS:0
[2023/01/13 10:12:48] GS:0 Total Dynamic map:93
[2023/01/13 10:12:48] GS:0 Total Static map:621
[2023/01/13 10:12:48] Assign Dynamic map(958,70228) for GS:0
[2023/01/13 10:12:48] GS:0 Total Dynamic map:94
[2023/01/13 10:12:48] GS:0 Total Static map:621
[2023/01/13 10:12:48] Assign Dynamic map(975,65591) for GS:0
[2023/01/13 10:12:48] GS:0 Total Dynamic map:95
[2023/01/13 10:12:48] GS:0 Total Static map:621
[2023/01/13 10:12:48] Assign Dynamic map(975,65592) for GS:0
[2023/01/13 10:12:48] GS:0 Total Dynamic map:96
[2023/01/13 10:12:48] GS:0 Total Static map:621
[2023/01/13 10:12:48] Assign Dynamic map(975,65593) for GS:0
[2023/01/13 10:12:48] GS:0 Total Dynamic map:97
[2023/01/13 10:12:48] GS:0 Total Static map:621
[2023/01/13 10:12:48] Assign Dynamic map(975,65594) for GS:0
[2023/01/13 10:12:48] GS:0 Total Dynamic map:98
[2023/01/13 10:12:48] GS:0 Total Static map:621
[2023/01/13 10:12:48] Assign Dynamic map(975,65595) for GS:0
[2023/01/13 10:12:48] GS:0 Total Dynamic map:99
