[2023/09/04 11:42:46] Delete event data: ShareKey(EVENT_cailuhongbao), Param1(-1), Param2(-1), Timeout(2020-3-30)
[2023/09/04 11:42:46] Delete event data: ShareKey(EVENT_MIDAUT_2010), Param1(-1), Param2(-1), Timeout(2020-10-19)
[2023/09/04 11:42:46] Delete event data: ShareKey(EVENT_dayanqunxia), Param1(-1), Param2(-1), Timeout(2020-3-20)
[2023/09/04 11:42:46] Delete event data: ShareKey(FUNC_RANK_EQUIPVALUE), Param1(-1), Param2(-1), Timeout(2020-6-4)
[2023/09/04 11:42:46] Delete event data: ShareKey(EVENT_April_zhushuai), Param1(-1), Param2(-1), Timeout(2020-6-4)
[2023/09/04 11:42:46] Loading All Scripts....................
[2023/09/04 11:42:46] Load Rank FUNC_RANK_EQUIPVALUE
[2023/09/04 11:42:46] Load Stable Rank count 0
[2023/09/04 11:42:46] Load Dynamic Rank count 0
[2023/09/04 11:42:46] Load Rank FUNC_RANK_EQUIPVALUE end
[2023/09/04 11:42:46] 
All Scripts Have Been Loaded! Count = 80
[2023/09/04 11:42:46] root client[:0] create
[2023/09/04 11:42:48] start autotimer for Ping: 
[2023/09/04 11:42:48] gateway client create: 127.0.0.1
[2023/09/04 11:42:48] TRIP_MODE: None
[2023/09/04 11:42:48] Loading World Setting...
[2023/09/04 11:42:48] Reset map pho ban thanh cong
[2023/09/04 11:42:48] Load LeagueData: LeagueType: 4, Leagues: 7, Roles: 7
[2023/09/04 11:42:48] Load LeagueData: LeagueType: 500, Leagues: 3, Roles: 3
[2023/09/04 11:42:48] Load LeagueData: LeagueType: 502, Leagues: 11, Roles: 11
[2023/09/04 11:42:48] Load LeagueData: LeagueType: 10000, Leagues: 1, Roles: 0
[2023/09/04 11:42:48] =====> THONG BAO TIN TUC TU DONG
[2023/09/04 11:42:48] =====> BAT DAU KHOI DONG CAC TINH NANG CUA GAME VO LAM TRUYEN KY <=====
[2023/09/04 11:42:48] =====> Boss Tieu Hoang Kim Xuat Hien Vao Luc :  12:30
[2023/09/04 11:42:48] =====> SO LUONG BOSS HOANG KIM XUAT HIEN :  0
[2023/09/04 11:42:48] =====> BOSS DOC CO THIEN PHONG XUAT HIEN :  19:45
[2023/09/04 11:42:48] =====> BOSS THIEN TRI XUAT HIEN LUC 20H TANG 4
[2023/09/04 11:42:48] =====> BOSS Hoang Kim murongquan XUAT HIEN:  20:20
[2023/09/04 11:42:48] =====> BOSS Hoang Kim zhangxuan XUAT HIEN:  20:10
[2023/09/04 11:42:48] =====> BOSS Hoang Kim jinshiliang XUAT HIEN:  20:15
[2023/09/04 11:42:48] =====> Boss Hoang Kim Xuat Hien Vao Luc :  08:00
[2023/09/04 11:42:48] =====> Boss Dai Hoang Kim Xuat Hien Vao Luc :  20:00
[2023/09/04 11:42:48] =====> Boss Hoang Kim Xuat Hien Vao Luc :  22:00
[2023/09/04 11:42:48] ¼ÓÔØ½Å±¾ÎÄ¼þmakegoldboss\makegoldboss_2100.luaÊ±³ö´í£¬Çë¼ì²éÓï·¨. Gia tai file Van ban goc [] gio bi sai, xin kiem tra ngu phap. 
[2023/09/04 11:42:48] =================Phong Lang Do==================
[2023/09/04 11:42:48] =====> [phonglangdo] Phong Lang Do 14h
[2023/09/04 11:42:48] =====> [phonglangdo] Phong Lang Do 16h
[2023/09/04 11:42:48] =====> [phonglangdo] Phong Lang Do 18h
[2023/09/04 11:42:48] =====> [phonglangdo] Phong Lang Do 20h
[2023/09/04 11:42:48] ****************KHOI DONG NHIEM VU TONG KIM CHIEN QUOC ****************
[2023/09/04 11:42:48] =====> BATTLE[GuoZhan] 20:50 startup...
[2023/09/04 11:42:48] =====> [TongKim] Chien Truong Tong Kim 12:50 BAT DAU
[2023/09/04 11:42:48] =====> [TongKim] Chien Truong Tong Kim 14:50 BAT DAU
[2023/09/04 11:42:48] =====> [TongKim] Chien Truong Tong Kim 16:50 BAT DAU
[2023/09/04 11:42:48] =====> [TongKim] Chien Truong Tong Kim 18:50 BAT DAU
[2023/09/04 11:42:48] =====> [TongKim] Chien Truong Tong Kim 20:50 BAT DAU
[2023/09/04 11:42:48] =====> [TongKim] Chien Truong Tong Kim 22:50 BAT DAU
[2023/09/04 11:42:48] =======================>Xoa thong tin Xep Hang<========================
[2023/09/04 11:42:48] =====> HOAT DONG QUA HUY HOANG BAT DAU LUC 12 PM
[2023/09/04 11:42:48] =====> HOAT DONG QUA HUY HOANG BAT DAU LUC 20 PM
[2023/09/04 11:42:48] =====> BANG XEP HANG <THACH THUC THOI GIAN> MOI NGAY=======
[2023/09/04 11:42:48] =====> [phonglangdo] Phong Lang Do 10h
[2023/09/04 11:42:48] Failed to init statdatamanager!
[2023/09/04 11:42:48] S3Relay -- S3Relay- Khoi dong hoan tat! 
[2023/09/04 11:42:48] 
*
***** S3Relay Start (@ 159954176/00/43200 00:-6935816:135861597.136280271) >>>>>
*


[2023/09/04 11:42:48] SockThread start success
[2023/09/04 11:42:48] Game Module Is Started. -->Hoat dong mua xuan 2006
[2023/09/04 11:42:48] Game Module Is Started. -->OpenShop
[2023/09/04 11:42:48] Game Module Is Started. -->Thiep Chuc Mung Nam Moi
[2023/09/04 11:42:48] Game Module Is Started. -->Do Pho Hoang Kim
[2023/09/04 11:42:48] Game Module Is Started. -->Phuc Duyen - Phao Bong
[2023/09/04 11:42:48] Game Module Is Started. -->Truyen Cong
[2023/09/04 11:42:48] Game Module Is Started. -->Le vat tinh nhan
[2023/09/04 11:42:48] Game Module Is Started. -->YANDIBAOZANG
[2023/09/04 11:42:48] Game Module Is Started. -->YANDIBAOZANG_TALK
[2023/09/04 11:42:48] Game Module Is Started. -->SWITH_DAIYITOUSHI
[2023/09/04 11:42:48] Game Module Is Started. -->chunjie2009_dangboss
[2023/09/04 11:42:48] ===>Xep Hang Khoi Dong Hoan Tat<===
[2023/09/04 11:43:00] ChatConnection create: 127.0.0.1
[2023/09/04 11:43:00] TongConnection create: 127.0.0.1
[2023/09/04 11:43:00] HostConnection create: 127.0.0.1
[2023/09/04 11:43:07] TongDataSendFinish: 127.0.0.1
[2023/09/04 11:43:07] GameServerLogin: 127.0.0.1
[2023/09/04 11:52:48] Boss Hoang Kim 511 o thong tin tren khong co xuat hien, Npc ID 22, Cap bac Npc 511,
[2023/09/04 11:52:48] Boss Hoang Kim 513 o thong tin tren khong co xuat hien, Npc ID 94, Cap bac Npc 513,
[2023/09/04 11:52:48] Boss Hoang Kim 523 o thong tin tren khong co xuat hien, Npc ID 180, Cap bac Npc 523,
[2023/09/04 12:00:48] Boss Hoang Kim 51312 o thong tin tren khong co xuat hien, Npc ID 6, Cap bac Npc 513,
[2023/09/04 12:00:48] Boss Hoang Kim 51112 o thong tin tren khong co xuat hien, Npc ID 23, Cap bac Npc 511,
[2023/09/04 12:00:48] Boss Hoang Kim 52312 o thong tin tren khong co xuat hien, Npc ID 23, Cap bac Npc 523,
[2023/09/04 12:00:48] =====> [phonglangdo] Phong Lang Do
[2023/09/04 12:30:48] =====> Boss Tieu Hoang Kim Xuat Hien Vao Luc :  12:30
[2023/09/04 12:50:48] -----------------------------------------------------------------------------------------------------------------------------------------------------------------------------------
[2023/09/04 12:50:48] [2023-09-04 12:50:48]  NEW BATTLE START
[2023/09/04 12:50:48] BattleID: 1   BattleLevel: 1   Issue: 6   2th.Round
[2023/09/04 12:50:48] RoundID: 3   MapPattern: 8   BattleMapID:  8   WorldMapID: 378   MapName: Hoµng Sa L©m Ngao ChiÕn   RuleID: 6
[2023/09/04 12:50:48] -----------------------------------------------------------------------------------------------------------------------------------------------------------------------------------
[2023/09/04 12:50:48] -----------------------------------------------------------------------------------------------------------------------------------------------------------------------------------
[2023/09/04 12:50:48] [2023-09-04 12:50:48]  NEW BATTLE START
[2023/09/04 12:50:48] BattleID: 1   BattleLevel: 2   Issue: 6   2th.Round
[2023/09/04 12:50:48] RoundID: 3   MapPattern: 8   BattleMapID:  8   WorldMapID: 379   MapName: Hoµng Sa L©m Ngao ChiÕn   RuleID: 4
[2023/09/04 12:50:48] -----------------------------------------------------------------------------------------------------------------------------------------------------------------------------------
[2023/09/04 12:50:48] -----------------------------------------------------------------------------------------------------------------------------------------------------------------------------------
[2023/09/04 12:50:48] [2023-09-04 12:50:48]  NEW BATTLE START
[2023/09/04 12:50:48] BattleID: 1   BattleLevel: 3   Issue: 6   2th.Round
[2023/09/04 12:50:48] RoundID: 3   MapPattern: 8   BattleMapID:  8   WorldMapID: 380   MapName: Hoµng Sa L©m Ngao ChiÕn   RuleID: 4
[2023/09/04 12:50:48] -----------------------------------------------------------------------------------------------------------------------------------------------------------------------------------
[2023/09/04 12:50:48] =====> [TongKim] Chien Truong Tong Kim 12:50 BAT DAU
[2023/09/04 13:00:48] =====> [phonglangdo] Phong Lang Do
[2023/09/04 13:30:48] -----------------------------------------------------------------------------------------------------------------------------------------------------------------------------------
[2023/09/04 13:30:48] [2023-09-04 13:30:48]  BATTLE END
[2023/09/04 13:30:48] BattleID: 1   BattleLevel: 1   Issue: 6   2th.Round RoundId: 3   Result: 1
[2023/09/04 13:30:48] -----------------------------------------------------------------------------------------------------------------------------------------------------------------------------------
[2023/09/04 14:00:48] =====> [phonglangdo] Phong Lang Do
[2023/09/04 14:00:48] =====> [phonglangdo] Phong Lang Do 14h
[2023/09/04 14:00:48] =====> QUA HUY HOANG BAT DAU LUC 12 PM
[2023/09/04 14:05:48] =====> QUA HUY HOANG BAT DAU LUC 12 PM
[2023/09/04 14:10:48] =====> QUA HUY HOANG BAT DAU LUC 12 PM
[2023/09/04 14:15:48] =====> QUA HUY HOANG BAT DAU LUC 12 PM
[2023/09/04 14:20:48] =====> QUA HUY HOANG BAT DAU LUC 12 PM
[2023/09/04 14:25:48] =====> QUA HUY HOANG BAT DAU LUC 12 PM
[2023/09/04 14:50:48] -----------------------------------------------------------------------------------------------------------------------------------------------------------------------------------
[2023/09/04 14:50:48] [2023-09-04 14:50:48]  NEW BATTLE START
[2023/09/04 14:50:48] BattleID: 1   BattleLevel: 2   Issue: 6   3th.Round
[2023/09/04 14:50:48] RoundID: 7   MapPattern: 8   BattleMapID:  8   WorldMapID: 379   MapName: Hoµng Sa L©m Ngao ChiÕn   RuleID: 4
[2023/09/04 14:50:48] -----------------------------------------------------------------------------------------------------------------------------------------------------------------------------------
[2023/09/04 14:50:48] -----------------------------------------------------------------------------------------------------------------------------------------------------------------------------------
[2023/09/04 14:50:48] [2023-09-04 14:50:48]  NEW BATTLE START
[2023/09/04 14:50:48] BattleID: 1   BattleLevel: 3   Issue: 6   3th.Round
[2023/09/04 14:50:48] RoundID: 7   MapPattern: 8   BattleMapID:  8   WorldMapID: 380   MapName: Hoµng Sa L©m Ngao ChiÕn   RuleID: 4
[2023/09/04 14:50:48] -----------------------------------------------------------------------------------------------------------------------------------------------------------------------------------
[2023/09/04 14:50:48] =====> [TongKim] Chien Truong Tong Kim 14:50 BAT DAU
[2023/09/04 15:00:48] =====> [phonglangdo] Phong Lang Do
[2023/09/04 16:00:48] =====> [phonglangdo] Phong Lang Do
[2023/09/04 16:00:48] =====> [phonglangdo] Phong Lang Do 16h
[2023/09/04 16:50:48] -----------------------------------------------------------------------------------------------------------------------------------------------------------------------------------
[2023/09/04 16:50:48] [2023-09-04 16:50:48]  NEW BATTLE START
[2023/09/04 16:50:48] BattleID: 1   BattleLevel: 1   Issue: 6   3th.Round
[2023/09/04 16:50:48] RoundID: 6   MapPattern: 11   BattleMapID:  12   WorldMapID: 381   MapName: C«ng thµnh chiÕn (khu vùc Cöu K   RuleID: 4
[2023/09/04 16:50:48] -----------------------------------------------------------------------------------------------------------------------------------------------------------------------------------
[2023/09/04 16:50:48] -----------------------------------------------------------------------------------------------------------------------------------------------------------------------------------
[2023/09/04 16:50:48] [2023-09-04 16:50:48]  NEW BATTLE START
[2023/09/04 16:50:48] BattleID: 1   BattleLevel: 2   Issue: 6   4th.Round
[2023/09/04 16:50:48] RoundID: 15   MapPattern: 8   BattleMapID:  8   WorldMapID: 379   MapName: Hoµng Sa L©m Ngao ChiÕn   RuleID: 4
[2023/09/04 16:50:48] -----------------------------------------------------------------------------------------------------------------------------------------------------------------------------------
[2023/09/04 16:50:48] =====> [TongKim] Chien Truong Tong Kim 16:50 BAT DAU
[2023/09/04 16:50:48] -----------------------------------------------------------------------------------------------------------------------------------------------------------------------------------
[2023/09/04 16:50:48] [2023-09-04 16:50:48]  NEW BATTLE START
[2023/09/04 16:50:48] BattleID: 1   BattleLevel: 3   Issue: 6   4th.Round
[2023/09/04 16:50:48] RoundID: 15   MapPattern: 11   BattleMapID:  12   WorldMapID: 380   MapName: C«ng thµnh chiÕn (khu vùc Cöu K   RuleID: 6
[2023/09/04 16:50:48] -----------------------------------------------------------------------------------------------------------------------------------------------------------------------------------
[2023/09/04 17:00:48] =====> [phonglangdo] Phong Lang Do
[2023/09/04 17:30:48] -----------------------------------------------------------------------------------------------------------------------------------------------------------------------------------
[2023/09/04 17:30:48] [2023-09-04 17:30:48]  BATTLE END
[2023/09/04 17:30:48] BattleID: 1   BattleLevel: 3   Issue: 6   4th.Round RoundId: 15   Result: 1
[2023/09/04 17:30:48] -----------------------------------------------------------------------------------------------------------------------------------------------------------------------------------
[2023/09/04 18:00:48] =====> [phonglangdo] Phong Lang Do
[2023/09/04 18:00:48] =====> [phonglangdo] Phong Lang Do 18h
[2023/09/04 18:50:48] -----------------------------------------------------------------------------------------------------------------------------------------------------------------------------------
[2023/09/04 18:50:48] [2023-09-04 18:50:48]  NEW BATTLE START
[2023/09/04 18:50:48] BattleID: 1   BattleLevel: 1   Issue: 6   4th.Round
[2023/09/04 18:50:48] RoundID: 13   MapPattern: 9   BattleMapID:  9   WorldMapID: 381   MapName: C«ng thµnh chiÕn (khu vùc Cöu K   RuleID: 4
[2023/09/04 18:50:48] -----------------------------------------------------------------------------------------------------------------------------------------------------------------------------------
[2023/09/04 18:50:48] -----------------------------------------------------------------------------------------------------------------------------------------------------------------------------------
[2023/09/04 18:50:48] [2023-09-04 18:50:48]  NEW BATTLE START
[2023/09/04 18:50:48] BattleID: 1   BattleLevel: 2   Issue: 6   5th.Round
[2023/09/04 18:50:48] RoundID: 16   MapPattern: 10   BattleMapID:  11   WorldMapID: 379   MapName: Hoµng Sa L©m Ngao ChiÕn   RuleID: 4
[2023/09/04 18:50:48] -----------------------------------------------------------------------------------------------------------------------------------------------------------------------------------
[2023/09/04 18:50:48] -----------------------------------------------------------------------------------------------------------------------------------------------------------------------------------
[2023/09/04 18:50:48] [2023-09-04 18:50:48]  NEW BATTLE START
[2023/09/04 18:50:48] BattleID: 1   BattleLevel: 3   Issue: 6   5th.Round
[2023/09/04 18:50:48] RoundID: 1   MapPattern: 9   BattleMapID:  9   WorldMapID: 380   MapName: C«ng thµnh chiÕn (khu vùc Cöu K   RuleID: 4
[2023/09/04 18:50:48] -----------------------------------------------------------------------------------------------------------------------------------------------------------------------------------
[2023/09/04 18:50:48] =====> [TongKim] Chien Truong Tong Kim 18:50 BAT DAU
[2023/09/04 19:00:48] =====> [phonglangdo] Phong Lang Do
[2023/09/04 19:30:48] Boss Hoang Kim 51320 o thong tin tren khong co xuat hien, Npc ID 180, Cap bac Npc 513,
[2023/09/04 19:30:48] Boss Hoang Kim 51120 o thong tin tren khong co xuat hien, Npc ID 23, Cap bac Npc 511,
[2023/09/04 19:30:48] Boss Hoang Kim 52320 o thong tin tren khong co xuat hien, Npc ID 180, Cap bac Npc 523,
[2023/09/04 19:45:48] GOLD BOSS COUNT :  0
[2023/09/04 19:45:48] Create Boss Doc Co Thien Phong,1507,95,176,1832,3342,2----202309041945
[2023/09/04 20:00:48] =====> BOSS THIEN TRI XUAT HIEN LUC 20H TANG 4 (boss_thien_tri_2000.lua)
[2023/09/04 20:00:48] TRIEU HOI BOSS DAI Lam Y Y,582,95,176,1162,2781,1----202309042000
[2023/09/04 20:00:48] TRIEU HOI BOSS DAI TuyÒn C¬ Tö,747,95,78,1753,3121,4----202309042000
[2023/09/04 20:00:48] =====> [phonglangdo] Phong Lang Do
[2023/09/04 20:00:48] =====> [phonglangdo] Phong Lang Do 20h
[2023/09/04 20:00:48] **************** Create GUOZHAN New Battle ****************
[2023/09/04 20:00:48] -----------------------------------------------------------------------------------------------------------------------------------------------------------------------------------
[2023/09/04 20:00:48] [2023-09-04 20:00:48]  NEW BATTLE START
[2023/09/04 20:00:48] BattleID: 2   BattleLevel: 3   Issue: 6   1th.Round
[2023/09/04 20:00:48] RoundID: 1   MapPattern: 1   BattleMapID:  15   WorldMapID: 900   MapName: Quèc chiÕn Hoµng Sa L©m   RuleID: 10
[2023/09/04 20:00:48] -----------------------------------------------------------------------------------------------------------------------------------------------------------------------------------
[2023/09/04 20:00:48] ***********************************************************
[2023/09/04 20:10:48] =====> BOSS Hoang Kim jinshiliang XUAT HIEN:  20:10 (goldbossadjust_2010.lua)
[2023/09/04 20:15:48] =====> BOSS Hoang Kim jinshiliang XUAT HIEN:  20:15 (goldbossadjust_2015.lua)
[2023/09/04 20:20:48] =====> BOSS Hoang Kim jinshiliang XUAT HIEN:  20:20 (goldbossadjust_2020.lua)
[2023/09/04 20:50:48] -----------------------------------------------------------------------------------------------------------------------------------------------------------------------------------
[2023/09/04 20:50:48] [2023-09-04 20:50:48]  NEW BATTLE START
[2023/09/04 20:50:48] BattleID: 1   BattleLevel: 2   Issue: 6   6th.Round
[2023/09/04 20:50:48] RoundID: 1   MapPattern: 11   BattleMapID:  12   WorldMapID: 382   MapName: C«ng thµnh chiÕn (khu vùc Cöu K   RuleID: 4
[2023/09/04 20:50:48] -----------------------------------------------------------------------------------------------------------------------------------------------------------------------------------
[2023/09/04 20:50:48] -----------------------------------------------------------------------------------------------------------------------------------------------------------------------------------
[2023/09/04 20:50:48] [2023-09-04 20:50:48]  NEW BATTLE START
[2023/09/04 20:50:48] BattleID: 1   BattleLevel: 3   Issue: 6   6th.Round
[2023/09/04 20:50:48] RoundID: 3   MapPattern: 8   BattleMapID:  8   WorldMapID: 380   MapName: Hoµng Sa L©m Ngao ChiÕn   RuleID: 6
[2023/09/04 20:50:48] -----------------------------------------------------------------------------------------------------------------------------------------------------------------------------------
[2023/09/04 20:50:48] =====> [TongKim] Chien Truong Tong Kim 20:50 BAT DAU
[2023/09/04 21:00:48] =====> [phonglangdo] Phong Lang Do
[2023/09/04 21:30:48] -----------------------------------------------------------------------------------------------------------------------------------------------------------------------------------
[2023/09/04 21:30:48] [2023-09-04 21:30:48]  BATTLE END
[2023/09/04 21:30:48] BattleID: 1   BattleLevel: 3   Issue: 6   6th.Round RoundId: 3   Result: 1
[2023/09/04 21:30:48] -----------------------------------------------------------------------------------------------------------------------------------------------------------------------------------
[2023/09/04 22:00:48] TRIEU HOI BOSS DAI Yªn HiÓu Tr¸i,744,95,80,1934,2861,2----202309042200
[2023/09/04 22:00:48] =====> [phonglangdo] Phong Lang Do
[2023/09/04 22:00:48] =====> QUA HUY HOANG BAT DAU LUC 20 PM
[2023/09/04 22:05:48] =====> QUA HUY HOANG BAT DAU LUC 20 PM
[2023/09/04 22:10:48] =====> QUA HUY HOANG BAT DAU LUC 20 PM
[2023/09/04 22:15:48] =====> QUA HUY HOANG BAT DAU LUC 20 PM
[2023/09/04 22:20:48] =====> QUA HUY HOANG BAT DAU LUC 20 PM
[2023/09/04 22:25:48] =====> QUA HUY HOANG BAT DAU LUC