[2023/08/04 19:21:39] Delete event data: ShareKey(EVENT_cailuhongbao), Param1(-1), Param2(-1), Timeout(2020-3-30)
[2023/08/04 19:21:39] Delete event data: ShareKey(EVENT_MIDAUT_2010), Param1(-1), Param2(-1), Timeout(2020-10-19)
[2023/08/04 19:21:39] Delete event data: ShareKey(EVENT_dayanqunxia), Param1(-1), Param2(-1), Timeout(2020-3-20)
[2023/08/04 19:21:39] Delete event data: ShareKey(FUNC_RANK_EQUIPVALUE), Param1(-1), Param2(-1), Timeout(2020-6-4)
[2023/08/04 19:21:39] Delete event data: ShareKey(EVENT_April_zhushuai), Param1(-1), Param2(-1), Timeout(2020-6-4)
[2023/08/04 19:21:39] Loading All Scripts....................
[2023/08/04 19:21:39] Load Rank FUNC_RANK_EQUIPVALUE
[2023/08/04 19:21:39] Load Stable Rank count 0
[2023/08/04 19:21:39] Load Dynamic Rank count 0
[2023/08/04 19:21:39] Load Rank FUNC_RANK_EQUIPVALUE end
[2023/08/04 19:21:39] 
All Scripts Have Been Loaded! Count = 80
[2023/08/04 19:21:39] root client[:0] create
[2023/08/04 19:21:41] start autotimer for Ping: 
[2023/08/04 19:21:41] gateway client create: 127.0.0.1
[2023/08/04 19:21:41] TRIP_MODE: None
[2023/08/04 19:21:41] Loading World Setting...
[2023/08/04 19:21:41] Reset map pho ban thanh cong
[2023/08/04 19:21:41] Load LeagueData: LeagueType: 4, Leagues: 7, Roles: 7
[2023/08/04 19:21:41] Load LeagueData: LeagueType: 502, Leagues: 11, Roles: 11
[2023/08/04 19:21:41] Load LeagueData: LeagueType: 10000, Leagues: 1, Roles: 0
[2023/08/04 19:21:41] =====> THONG BAO TIN TUC TU DONG
[2023/08/04 19:21:41] =====> BAT DAU KHOI DONG CAC TINH NANG CUA GAME VO LAM TRUYEN KY <=====
[2023/08/04 19:21:41] =================Phong Lang Do==================
[2023/08/04 19:21:41] =====> [phonglangdo] Phong Lang Do 14h
[2023/08/04 19:21:41] =====> [phonglangdo] Phong Lang Do 16h
[2023/08/04 19:21:41] =====> [phonglangdo] Phong Lang Do 18h
[2023/08/04 19:21:41] =====> [phonglangdo] Phong Lang Do 20h
[2023/08/04 19:21:41] ****************KHOI DONG NHIEM VU TONG KIM CHIEN QUOC ****************
[2023/08/04 19:21:41] =====> BATTLE[GuoZhan] 20:50 startup...
[2023/08/04 19:21:41] =====> [TongKim] Chien Truong Tong Kim 12:50 BAT DAU
[2023/08/04 19:21:41] =====> [TongKim] Chien Truong Tong Kim 14:50 BAT DAU
[2023/08/04 19:21:41] =====> [TongKim] Chien Truong Tong Kim 20:50 BAT DAU
[2023/08/04 19:21:41] =====> [TongKim] Chien Truong Tong Kim 22:50 BAT DAU
[2023/08/04 19:21:41] =======================>Xoa thong tin Xep Hang<========================
[2023/08/04 19:21:41] =====> BANG XEP HANG <THACH THUC THOI GIAN> MOI NGAY=======
[2023/08/04 19:21:41] =====> VUOT AI KHIEU CHIEN THOI GIAN BAT DAU 20:0...
[2023/08/04 19:21:41] =====> [phonglangdo] Phong Lang Do 10h
[2023/08/04 19:21:41] Failed to init statdatamanager!
[2023/08/04 19:21:41] S3Relay -- S3Relay- Khoi dong hoan tat! 
[2023/08/04 19:21:41] 
*
***** S3Relay Start (@ 140756224/00/43200 00:-8389736:135861597.136280271) >>>>>
*


[2023/08/04 19:21:41] SockThread start success
[2023/08/04 19:21:42] Game Module Is Started. -->Hoat dong mua xuan 2006
[2023/08/04 19:21:42] Game Module Is Started. -->OpenShop
[2023/08/04 19:21:42] Game Module Is Started. -->Thiep Chuc Mung Nam Moi
[2023/08/04 19:21:42] Game Module Is Started. -->Do Pho Hoang Kim
[2023/08/04 19:21:42] Game Module Is Started. -->Phuc Duyen - Phao Bong
[2023/08/04 19:21:42] Game Module Is Started. -->Truyen Cong
[2023/08/04 19:21:42] Game Module Is Started. -->Le vat tinh nhan
[2023/08/04 19:21:42] Game Module Is Started. -->YANDIBAOZANG
[2023/08/04 19:21:42] Game Module Is Started. -->YANDIBAOZANG_TALK
[2023/08/04 19:21:42] Game Module Is Started. -->SWITH_DAIYITOUSHI
[2023/08/04 19:21:42] Game Module Is Started. -->chunjie2009_dangboss
[2023/08/04 19:21:42] ===>Xep Hang Khoi Dong Hoan Tat<===
[2023/08/04 19:21:49] ChatConnection create: 127.0.0.1
[2023/08/04 19:21:49] TongConnection create: 127.0.0.1
[2023/08/04 19:21:49] HostConnection create: 127.0.0.1
[2023/08/04 19:21:54] TongDataSendFinish: 127.0.0.1
[2023/08/04 19:21:54] GameServerLogin: 127.0.0.1
[2023/08/04 19:38:10] SockThread stop success
[2023/08/04 19:38:10] S3Relay-开始关闭！ S3Relay- bat dau dong lai! 
[2023/08/04 19:38:10] 
*
***** S3Relay Stop (@ 0000/00/00 00:-8389704:134777086.140756224) <<<<<
*


[2023/08/04 19:38:10] chat server shutdown
[2023/08/04 19:38:10] tong server shutdown
[2023/08/04 19:38:10] host server shutdown
[2023/08/04 19:38:10] stop autotimer for Ping: 178.128.102.178
[2023/08/04 19:38:10] S3Relay: 与RelayRoot的链接断开了 -  cung voi RelayRoot lien tiep bi ngat quang - 178.128.102.178
