[2023/07/14 22:21:13] Delete event data: ShareKey(EVENT_cailuhongbao), Param1(-1), Param2(-1), Timeout(2020-3-30)
[2023/07/14 22:21:13] Delete event data: ShareKey(EVENT_MIDAUT_2010), Param1(-1), Param2(-1), Timeout(2020-10-19)
[2023/07/14 22:21:13] Delete event data: ShareKey(EVENT_dayanqunxia), Param1(-1), Param2(-1), Timeout(2020-3-20)
[2023/07/14 22:21:13] Delete event data: ShareKey(FUNC_RANK_EQUIPVALUE), Param1(-1), Param2(-1), Timeout(2020-6-4)
[2023/07/14 22:21:13] Delete event data: ShareKey(EVENT_April_zhushuai), Param1(-1), Param2(-1), Timeout(2020-6-4)
[2023/07/14 22:21:13] Loading All Scripts....................
[2023/07/14 22:21:13] Load Rank FUNC_RANK_EQUIPVALUE
[2023/07/14 22:21:13] Load Stable Rank count 0
[2023/07/14 22:21:13] Load Dynamic Rank count 0
[2023/07/14 22:21:13] Load Rank FUNC_RANK_EQUIPVALUE end
[2023/07/14 22:21:13] 
All Scripts Have Been Loaded! Count = 80
[2023/07/14 22:21:13] root client[:0] create
[2023/07/14 22:21:15] start autotimer for Ping: 
[2023/07/14 22:21:15] TRIP_MODE: None
[2023/07/14 22:21:15] Loading World Setting...
[2023/07/14 22:21:15] gateway client create: 127.0.0.1
[2023/07/14 22:21:15] Reset map pho ban thanh cong
[2023/07/14 22:21:15] 1 tong(s) loaded from tongex DB.
[2023/07/14 22:21:15] Load LeagueData: LeagueType: 4, Leagues: 7, Roles: 7
[2023/07/14 22:21:15] Load LeagueData: LeagueType: 500, Leagues: 6, Roles: 6
[2023/07/14 22:21:15] Load LeagueData: LeagueType: 502, Leagues: 11, Roles: 11
[2023/07/14 22:21:15] Load LeagueData: LeagueType: 508, Leagues: 7, Roles: 0
[2023/07/14 22:21:15] Load LeagueData: LeagueType: 509, Leagues: 7, Roles: 0
[2023/07/14 22:21:15] Load LeagueData: LeagueType: 8888, Leagues: 1, Roles: 0
[2023/07/14 22:21:15] Load LeagueData: LeagueType: 10000, Leagues: 1, Roles: 0
[2023/07/14 22:21:15] =====> THONG BAO TIN TUC TU DONG
[2023/07/14 22:21:15] =====> BAT DAU KHOI DONG CAC TINH NANG CUA GAME VO LAM TRUYEN KY <=====
[2023/07/14 22:21:15] ****************KHOI DONG NHIEM VU TONG KIM CHIEN QUOC ****************
[2023/07/14 22:21:15] =====> BATTLE[GuoZhan] 20:50 startup...
[2023/07/14 22:21:15] =====> [TongKim] Chien Truong Tong Kim 10:50 BAT DAU
[2023/07/14 22:21:15] =====> [TongKim] Chien Truong Tong Kim 12:50 BAT DAU
[2023/07/14 22:21:15] =====> [TongKim] Chien Truong Tong Kim 14:50 BAT DAU
[2023/07/14 22:21:15] =====> [TongKim] Chien Truong Tong Kim 16:50 BAT DAU
[2023/07/14 22:21:15] =====> [TongKim] Chien Truong Tong Kim 18:50 BAT DAU
[2023/07/14 22:21:15] =====> [TongKim] Chien Truong Tong Kim 20:50 BAT DAU
[2023/07/14 22:21:15] =====> [TongKim] Chien Truong Tong Kim 22:50 BAT DAU
[2023/07/14 22:21:15] =======================>Xoa thong tin Xep Hang<========================
[2023/07/14 22:21:15] =====> DANH SACH TOP 10 TOAN SERVER 0H
[2023/07/14 22:21:15] =====> DANH SACH TOP 10 TOAN SERVER 10H
[2023/07/14 22:21:15] =====> BANG XEP HANG <THACH THUC THOI GIAN> MOI NGAY=======
[2023/07/14 22:21:15] =====> VUOT AI KHIEU CHIEN THOI GIAN BAT DAU 23:0...
[2023/07/14 22:21:15] Failed to init statdatamanager!
[2023/07/14 22:21:15] S3Relay -- S3Relay- Khoi dong hoan tat! 
[2023/07/14 22:21:15] 
*
***** S3Relay Start (@ 154072320/00/43200 00:-5443608:135861597.136280271) >>>>>
*


[2023/07/14 22:21:15] SockThread start success
[2023/07/14 22:21:15] Game Module Is Started. -->Hoat dong mua xuan 2006
[2023/07/14 22:21:15] Game Module Is Started. -->OpenShop
[2023/07/14 22:21:15] Game Module Is Started. -->Thiep Chuc Mung Nam Moi
[2023/07/14 22:21:15] Game Module Is Started. -->Do Pho Hoang Kim
[2023/07/14 22:21:15] Game Module Is Started. -->Phuc Duyen - Phao Bong
[2023/07/14 22:21:15] Game Module Is Started. -->Truyen Cong
[2023/07/14 22:21:15] Game Module Is Started. -->Le vat tinh nhan
[2023/07/14 22:21:15] Game Module Is Started. -->YANDIBAOZANG
[2023/07/14 22:21:15] Game Module Is Started. -->YANDIBAOZANG_TALK
[2023/07/14 22:21:15] Game Module Is Started. -->SWITH_DAIYITOUSHI
[2023/07/14 22:21:15] Game Module Is Started. -->chunjie2009_dangboss
[2023/07/14 22:21:15] ===>Xep Hang Khoi Dong Hoan Tat<===
[2023/07/14 22:21:23] TongConnection create: 127.0.0.1
[2023/07/14 22:21:23] ChatConnection create: 127.0.0.1
[2023/07/14 22:21:23] HostConnection create: 127.0.0.1
[2023/07/14 22:21:28] GameServerLogin: 127.0.0.1
[2023/07/14 22:21:28] TongDataSendFinish: 127.0.0.1
[2023/07/14 22:21:28] Assign Dynamic map(948,70921) for GS:0
[2023/07/14 22:21:28] GS:0 Total Dynamic map:1
[2023/07/14 22:21:28] GS:0 Total Static map:621
[2023/07/14 22:21:28] Assign Dynamic map(948,70922) for GS:0
[2023/07/14 22:21:28] GS:0 Total Dynamic map:2
[2023/07/14 22:21:28] GS:0 Total Static map:621
[2023/07/14 22:21:28] Assign Dynamic map(948,70923) for GS:0
[2023/07/14 22:21:28] GS:0 Total Dynamic map:3
[2023/07/14 22:21:28] GS:0 Total Static map:621
[2023/07/14 22:21:28] Assign Dynamic map(948,70924) for GS:0
[2023/07/14 22:21:28] GS:0 Total Dynamic map:4
[2023/07/14 22:21:28] GS:0 Total Static map:621
[2023/07/14 22:21:28] Assign Dynamic map(948,70925) for GS:0
[2023/07/14 22:21:28] GS:0 Total Dynamic map:5
[2023/07/14 22:21:28] GS:0 Total Static map:621
[2023/07/14 22:21:28] Assign Dynamic map(976,65536) for GS:0
[2023/07/14 22:21:28] GS:0 Total Dynamic map:6
[2023/07/14 22:21:28] GS:0 Total Static map:621
[2023/07/14 22:21:28] Assign Dynamic map(976,65537) for GS:0
[2023/07/14 22:21:28] GS:0 Total Dynamic map:7
[2023/07/14 22:21:28] GS:0 Total Static map:621
[2023/07/14 22:21:28] Assign Dynamic map(976,65538) for GS:0
[2023/07/14 22:21:28] GS:0 Total Dynamic map:8
[2023/07/14 22:21:28] GS:0 Total Static map:621
[2023/07/14 22:21:28] Assign Dynamic map(976,65539) for GS:0
[2023/07/14 22:21:28] GS:0 Total Dynamic map:9
[2023/07/14 22:21:28] GS:0 Total Static map:621
[2023/07/14 22:21:28] Assign Dynamic map(976,65540) for GS:0
[2023/07/14 22:21:28] GS:0 Total Dynamic map:10
[2023/07/14 22:21:28] GS:0 Total Static map:621
[2023/07/14 22:21:28] Assign Dynamic map(958,70926) for GS:0
[2023/07/14 22:21:28] GS:0 Total Dynamic map:11
[2023/07/14 22:21:28] GS:0 Total Static map:621
[2023/07/14 22:21:28] Assign Dynamic map(958,70927) for GS:0
[2023/07/14 22:21:28] GS:0 Total Dynamic map:12
[2023/07/14 22:21:28] GS:0 Total Static map:621
[2023/07/14 22:21:28] Assign Dynamic map(958,70928) for GS:0
[2023/07/14 22:21:28] GS:0 Total Dynamic map:13
[2023/07/14 22:21:28] GS:0 Total Static map:621
[2023/07/14 22:21:28] Assign Dynamic map(958,70929) for GS:0
[2023/07/14 22:21:28] GS:0 Total Dynamic map:14
[2023/07/14 22:21:28] GS:0 Total Static map:621
[2023/07/14 22:21:28] Assign Dynamic map(958,70930) for GS:0
[2023/07/14 22:21:28] GS:0 Total Dynamic map:15
[2023/07/14 22:21:28] GS:0 Total Static map:621
[2023/07/14 22:21:28] Assign Dynamic map(975,65541) for GS:0
[2023/07/14 22:21:28] GS:0 Total Dynamic map:16
[2023/07/14 22:21:28] GS:0 Total Static map:621
[2023/07/14 22:21:28] Assign Dynamic map(975,65542) for GS:0
[2023/07/14 22:21:28] GS:0 Total Dynamic map:17
[2023/07/14 22:21:28] GS:0 Total Static map:621
[2023/07/14 22:21:28] Assign Dynamic map(975,65543) for GS:0
[2023/07/14 22:21:28] GS:0 Total Dynamic map:18
[2023/07/14 22:21:28] GS:0 Total Static map:621
[2023/07/14 22:21:28] Assign Dynamic map(975,65544) for GS:0
[2023/07/14 22:21:28] GS:0 Total Dynamic map:19
[2023/07/14 22:21:28] GS:0 Total Static map:621
[2023/07/14 22:21:28] Assign Dynamic map(975,65545) for GS:0
[2023/07/14 22:21:28] GS:0 Total Dynamic map:20
[2023/07/14 22:21:28] GS:0 Total Static map:621
[2023/07/14 22:50:15] -----------------------------------------------------------------------------------------------------------------------------------------------------------------------------------
[2023/07/14 22:50:15] [2023-07-14 22:50:15]  NEW BATTLE START
[2023/07/14 22:50:15] BattleID: 1   BattleLevel: 2   Issue: 2   22th.Round
[2023/07/14 22:50:15] RoundID: 3   MapPattern: 12   BattleMapID:  14   WorldMapID: 379   MapName: Hong Sa Lm Ngao Chin   RuleID: 7
[2023/07/14 22:50:15] -----------------------------------------------------------------------------------------------------------------------------------------------------------------------------------
[2023/07/14 22:50:15] -----------------------------------------------------------------------------------------------------------------------------------------------------------------------------------
[2023/07/14 22:50:15] [2023-07-14 22:50:15]  NEW BATTLE START
[2023/07/14 22:50:15] BattleID: 1   BattleLevel: 3   Issue: 2   22th.Round
[2023/07/14 22:50:15] RoundID: 3   MapPattern: 12   BattleMapID:  14   WorldMapID: 380   MapName: Hong Sa Lm Ngao Chin   RuleID: 7
[2023/07/14 22:50:15] -----------------------------------------------------------------------------------------------------------------------------------------------------------------------------------
[2023/07/14 22:50:15] =====> [TongKim] Chien Truong Tong Kim 22:50 BAT DAU
[2023/07/14 23:00:15] VUOT AI KHIEU CHIEN THOI GIAN DANG GHI DANH
[2023/07/15 00:00:15] =====> Bang Xep Hang Vuot Ai Moi Ngay 00:00 Bat Dau==================
[2023/07/15 00:00:15] VUOT AI KHIEU CHIEN THOI GIAN DANG GHI DANH
[2023/07/15 01:00:15] VUOT AI KHIEU CHIEN THOI GIAN DANG GHI DANH
[2023/07/15 02:00:15] VUOT AI KHIEU CHIEN THOI GIAN DANG GHI DANH
[2023/07/15 03:00:15] VUOT AI KHIEU CHIEN THOI GIAN DANG GHI DANH
[2023/07/15 04:00:15] VUOT AI KHIEU CHIEN THOI GIAN DANG GHI DANH
[2023/07/15 05:00:15] VUOT AI KHIEU CHIEN THOI GIAN DANG GHI DANH
[2023/07/15 06:00:15] VUOT AI KHIEU CHIEN THOI GIAN DANG GHI DANH
[2023/07/15 07:00:15] VUOT AI KHIEU CHIEN THOI GIAN DANG GHI DANH
[2023/07/15 08:00:15] VUOT AI KHIEU CHIEN THOI GIAN DANG GHI DANH
[2023/07/15 09:00:15] VUOT AI KHIEU CHIEN THOI GIAN DANG GHI DANH
[2023/07/15 10:00:15] VUOT AI KHIEU CHIEN THOI GIAN DANG GHI DANH
[2023/07/15 10:50:15] -----------------------------------------------------------------------------------------------------------------------------------------------------------------------------------
[2023/07/15 10:50:15] [2023-07-15 10:50:15]  NEW BATTLE START
[2023/07/15 10:50:15] BattleID: 1   BattleLevel: 1   Issue: 2   14th.Round
[2023/07/15 10:50:15] RoundID: 15   MapPattern: 12   BattleMapID:  14   WorldMapID: 378   MapName: Hong Sa Lm Ngao Chin   RuleID: 7
[2023/07/15 10:50:15] -----------------------------------------------------------------------------------------------------------------------------------------------------------------------------------
[2023/07/15 10:50:15] -----------------------------------------------------------------------------------------------------------------------------------------------------------------------------------
[2023/07/15 10:50:15] [2023-07-15 10:50:15]  NEW BATTLE START
[2023/07/15 10:50:15] BattleID: 1   BattleLevel: 2   Issue: 2   23th.Round
[2023/07/15 10:50:15] RoundID: 7   MapPattern: 12   BattleMapID:  14   WorldMapID: 379   MapName: Hong Sa Lm Ngao Chin   RuleID: 7
[2023/07/15 10:50:15] -----------------------------------------------------------------------------------------------------------------------------------------------------------------------------------
[2023/07/15 10:50:15] -----------------------------------------------------------------------------------------------------------------------------------------------------------------------------------
[2023/07/15 10:50:15] [2023-07-15 10:50:15]  NEW BATTLE START
[2023/07/15 10:50:15] BattleID: 1   BattleLevel: 3   Issue: 2   23th.Round
[2023/07/15 10:50:15] RoundID: 7   MapPattern: 12   BattleMapID:  14   WorldMapID: 380   MapName: Hong Sa Lm Ngao Chin   RuleID: 7
[2023/07/15 10:50:15] -----------------------------------------------------------------------------------------------------------------------------------------------------------------------------------
[2023/07/15 10:50:15] =====> [TongKim] Chien Truong Tong Kim 10:50 BAT DAU
[2023/07/15 11:00:15] VUOT AI KHIEU CHIEN THOI GIAN DANG GHI DANH
[2023/07/15 11:10:16] stop autotimer for Ping: 178.128.102.178
[2023/07/15 11:10:16] S3Relay: 与RelayRoot的链接断开了 -  cung voi RelayRoot lien tiep bi ngat quang - 178.128.102.178
[2023/07/15 11:10:25] root client[178.128.102.178:7777] create
[2023/07/15 11:10:51] root client[178.128.102.178:7777] create
[2023/07/15 11:11:17] root client[178.128.102.178:7777] create
[2023/07/15 11:11:43] root client[178.128.102.178:7777] create
[2023/07/15 11:12:09] root client[178.128.102.178:7777] create
[2023/07/15 11:12:35] root client[178.128.102.178:7777] create
[2023/07/15 11:13:01] root client[178.128.102.178:7777] create
[2023/07/15 11:13:27] root client[178.128.102.178:7777] create
[2023/07/15 11:13:53] root client[178.128.102.178:7777] create
[2023/07/15 11:14:19] root client[178.128.102.178:7777] create
[2023/07/15 11:14:45] root client[178.128.102.178:7777] create
[2023/07/15 11:15:11] root client[178.128.102.178:7777] create
[2023/07/15 11:15:37] root client[178.128.102.178:7777] create
[2023/07/15 11:16:03] root client[178.128.102.178:7777] create
[2023/07/15 11:16:29] root client[178.128.102.178:7777] create
[2023/07/15 11:16:55] root client[178.128.102.178:7777] create
[2023/07/15 11:17:21] root client[178.128.102.178:7777] create
[2023/07/15 11:17:47] root client[178.128.102.178:7777] create
[2023/07/15 11:18:13] root client[178.128.102.178:7777] create
[2023/07/15 11:18:39] root client[178.128.102.178:7777] create
[2023/07/15 11:19:05] root client[178.128.102.178:7777] create
[2023/07/15 11:19:31] root client[178.128.102.178:7777] create
[2023/07/15 11:19:58] root client[178.128.102.178:7777] create
[2023/07/15 11:20:24] root client[178.128.102.178:7777] create
[2023/07/15 11:20:49] root client[178.128.102.178:7777] create
[2023/07/15 11:21:16] root client[178.128.102.178:7777] create
[2023/07/15 11:21:42] root client[178.128.102.178:7777] create
[2023/07/15 11:22:08] root client[178.128.102.178:7777] create
[2023/07/15 11:22:34] root client[178.128.102.178:7777] create
[2023/07/15 11:23:00] root client[178.128.102.178:7777] create
[2023/07/15 11:23:26] root client[178.128.102.178:7777] create
[2023/07/15 11:23:52] root client[178.128.102.178:7777] create
[2023/07/15 11:24:12] SockThread stop success
[2023/07/15 11:24:12] S3Relay-开始关闭！ S3Relay- bat dau dong lai! 
[2023/07/15 11:24:12] 
*
***** S3Relay Stop (@ 0000/00/00 00:-5443576:134777086.154072320) <<<<<
*


[2023/07/15 11:24:12] chat server shutdown
[2023/07/15 11:24:12] tong server shutdown
[2023/07/15 11:24:12] host server shutdown
