[2023/08/06 10:55:07] Delete event data: ShareKey(EVENT_cailuhongbao), Param1(-1), Param2(-1), Timeout(2020-3-30)
[2023/08/06 10:55:07] Delete event data: ShareKey(EVENT_MIDAUT_2010), Param1(-1), Param2(-1), Timeout(2020-10-19)
[2023/08/06 10:55:07] Delete event data: ShareKey(EVENT_dayanqunxia), Param1(-1), Param2(-1), Timeout(2020-3-20)
[2023/08/06 10:55:07] Delete event data: ShareKey(FUNC_RANK_EQUIPVALUE), Param1(-1), Param2(-1), Timeout(2020-6-4)
[2023/08/06 10:55:07] Delete event data: ShareKey(EVENT_April_zhushuai), Param1(-1), Param2(-1), Timeout(2020-6-4)
[2023/08/06 10:55:07] Loading All Scripts....................
[2023/08/06 10:55:07] Load Rank FUNC_RANK_EQUIPVALUE
[2023/08/06 10:55:07] Load Stable Rank count 0
[2023/08/06 10:55:07] Load Dynamic Rank count 0
[2023/08/06 10:55:07] Load Rank FUNC_RANK_EQUIPVALUE end
[2023/08/06 10:55:07] 
All Scripts Have Been Loaded! Count = 80
[2023/08/06 10:55:07] root client[:0] create
[2023/08/06 10:55:09] start autotimer for Ping: 
[2023/08/06 10:55:09] TRIP_MODE: None
[2023/08/06 10:55:09] Loading World Setting...
[2023/08/06 10:55:09] Reset map pho ban thanh cong
[2023/08/06 10:55:09] Load LeagueData: LeagueType: 4, Leagues: 7, Roles: 7
[2023/08/06 10:55:09] Load LeagueData: LeagueType: 502, Leagues: 11, Roles: 11
[2023/08/06 10:55:09] Load LeagueData: LeagueType: 10000, Leagues: 1, Roles: 0
[2023/08/06 10:55:09] gateway client create: 127.0.0.1
[2023/08/06 10:55:09] =====> THONG BAO TIN TUC TU DONG
[2023/08/06 10:55:09] =====> BAT DAU KHOI DONG CAC TINH NANG CUA GAME VO LAM TRUYEN KY <=====
[2023/08/06 10:55:09] =================Phong Lang Do==================
[2023/08/06 10:55:09] =====> [phonglangdo] Phong Lang Do 14h
[2023/08/06 10:55:09] =====> [phonglangdo] Phong Lang Do 16h
[2023/08/06 10:55:09] =====> [phonglangdo] Phong Lang Do 18h
[2023/08/06 10:55:09] =====> [phonglangdo] Phong Lang Do 20h
[2023/08/06 10:55:09] ****************KHOI DONG NHIEM VU TONG KIM CHIEN QUOC ****************
[2023/08/06 10:55:09] =====> BATTLE[GuoZhan] 20:50 startup...
[2023/08/06 10:55:09] =====> [TongKim] Chien Truong Tong Kim 12:50 BAT DAU
[2023/08/06 10:55:09] =====> [TongKim] Chien Truong Tong Kim 14:50 BAT DAU
[2023/08/06 10:55:09] =====> [TongKim] Chien Truong Tong Kim 20:50 BAT DAU
[2023/08/06 10:55:09] =====> [TongKim] Chien Truong Tong Kim 22:50 BAT DAU
[2023/08/06 10:55:09] =======================>Xoa thong tin Xep Hang<========================
[2023/08/06 10:55:09] =====> BANG XEP HANG <THACH THUC THOI GIAN> MOI NGAY=======
[2023/08/06 10:55:09] =====> VUOT AI KHIEU CHIEN THOI GIAN BAT DAU 11:0...
[2023/08/06 10:55:09] =====> [phonglangdo] Phong Lang Do 10h
[2023/08/06 10:55:09] Failed to init statdatamanager!
[2023/08/06 10:55:09] S3Relay -- S3Relay- Khoi dong hoan tat! 
[2023/08/06 10:55:09] 
*
***** S3Relay Start (@ 150406400/00/43200 00:-103896:135861597.136280271) >>>>>
*


[2023/08/06 10:55:09] SockThread start success
[2023/08/06 10:55:09] Game Module Is Started. -->Hoat dong mua xuan 2006
[2023/08/06 10:55:09] Game Module Is Started. -->OpenShop
[2023/08/06 10:55:09] Game Module Is Started. -->Thiep Chuc Mung Nam Moi
[2023/08/06 10:55:09] Game Module Is Started. -->Do Pho Hoang Kim
[2023/08/06 10:55:09] Game Module Is Started. -->Phuc Duyen - Phao Bong
[2023/08/06 10:55:09] Game Module Is Started. -->Truyen Cong
[2023/08/06 10:55:09] Game Module Is Started. -->Le vat tinh nhan
[2023/08/06 10:55:09] Game Module Is Started. -->YANDIBAOZANG
[2023/08/06 10:55:09] Game Module Is Started. -->YANDIBAOZANG_TALK
[2023/08/06 10:55:09] Game Module Is Started. -->SWITH_DAIYITOUSHI
[2023/08/06 10:55:09] Game Module Is Started. -->chunjie2009_dangboss
[2023/08/06 10:55:09] ===>Xep Hang Khoi Dong Hoan Tat<===
[2023/08/06 10:55:14] TongConnection create: 127.0.0.1
[2023/08/06 10:55:14] ChatConnection create: 127.0.0.1
[2023/08/06 10:55:14] HostConnection create: 127.0.0.1
[2023/08/06 10:55:18] TongDataSendFinish: 127.0.0.1
[2023/08/06 10:55:18] GameServerLogin: 127.0.0.1
[2023/08/06 11:00:09] =====> [phonglangdo] Phong Lang Do
[2023/08/06 11:00:09] VUOT AI KHIEU CHIEN THOI GIAN DANG GHI DANH
[2023/08/06 11:09:06] SockThread stop success
[2023/08/06 11:09:06] S3Relay-开始关闭！ S3Relay- bat dau dong lai! 
[2023/08/06 11:09:06] 
*
***** S3Relay Stop (@ 0000/00/00 00:-103864:134777086.150406400) <<<<<
*


[2023/08/06 11:09:06] chat server shutdown
[2023/08/06 11:09:06] tong server shutdown
[2023/08/06 11:09:06] host server shutdown
[2023/08/06 11:09:06] stop autotimer for Ping: 178.128.102.178
[2023/08/06 11:09:06] S3Relay: 与RelayRoot的链接断开了 -  cung voi RelayRoot lien tiep bi ngat quang - 178.128.102.178
