[2023/01/15 16:29:50] Delete event data: ShareKey(EVENT_cailuhongbao), Param1(-1), Param2(-1), Timeout(2020-3-30)
[2023/01/15 16:29:50] Delete event data: ShareKey(EVENT_MIDAUT_2010), Param1(-1), Param2(-1), Timeout(2020-10-19)
[2023/01/15 16:29:50] Delete event data: ShareKey(EVENT_dayanqunxia), Param1(-1), Param2(-1), Timeout(2020-3-20)
[2023/01/15 16:29:50] Delete event data: ShareKey(FUNC_RANK_EQUIPVALUE), Param1(-1), Param2(-1), Timeout(2020-6-4)
[2023/01/15 16:29:50] Delete event data: ShareKey(EVENT_April_zhushuai), Param1(-1), Param2(-1), Timeout(2020-6-4)
[2023/01/15 16:29:50] Loading All Scripts....................
[2023/01/15 16:29:51] Load Rank FUNC_RANK_EQUIPVALUE
[2023/01/15 16:29:51] Load Stable Rank count 0
[2023/01/15 16:29:51] Load Dynamic Rank count 0
[2023/01/15 16:29:51] Load Rank FUNC_RANK_EQUIPVALUE end
[2023/01/15 16:29:51] 
All Scripts Have Been Loaded! Count = 80
[2023/01/15 16:29:51] root client[:0] create
[2023/01/15 16:29:53] start autotimer for Ping: 
[2023/01/15 16:29:53] TRIP_MODE: None
[2023/01/15 16:29:53] Loading World Setting...
[2023/01/15 16:29:53] Reset map pho ban thanh cong
[2023/01/15 16:29:53] gateway client create: 127.0.0.1
[2023/01/15 16:29:53] Load LeagueData: LeagueType: 4, Leagues: 7, Roles: 7
[2023/01/15 16:29:53] Load LeagueData: LeagueType: 502, Leagues: 11, Roles: 11
[2023/01/15 16:29:53] Load LeagueData: LeagueType: 10000, Leagues: 1, Roles: 0
[2023/01/15 16:29:53] =====> THONG BAO TIN TUC TU DONG
[2023/01/15 16:29:53] =====> BAT DAU KHOI DONG CAC TINH NANG CUA GAME VO LAM TRUYEN KY <=====
[2023/01/15 16:29:53] ****************KHOI DONG NHIEM VU TONG KIM CHIEN QUOC ****************
[2023/01/15 16:29:53] =====> BATTLE[GuoZhan] 20:50 startup...
[2023/01/15 16:29:53] =====> [TongKim] Chien Truong Tong Kim 12:50 BAT DAU
[2023/01/15 16:29:53] =====> [TongKim] Chien Truong Tong Kim 14:50 BAT DAU
[2023/01/15 16:29:53] =====> [TongKim] Chien Truong Tong Kim 20:50 BAT DAU
[2023/01/15 16:29:53] =====> [TongKim] Chien Truong Tong Kim 22:50 BAT DAU
[2023/01/15 16:29:53] =======================>Xoa thong tin Xep Hang<========================
[2023/01/15 16:29:53] =====> BANG XEP HANG <THACH THUC THOI GIAN> MOI NGAY=======
[2023/01/15 16:29:53] =====> VUOT AI KHIEU CHIEN THOI GIAN BAT DAU 17:0...
[2023/01/15 16:29:53] Failed to init statdatamanager!
[2023/01/15 16:29:53] S3Relay -- S3Relay- Khoi dong hoan tat! 
[2023/01/15 16:29:53] 
*
***** S3Relay Start (@ 170394880/00/43200 00:-7094280:135861597.136280271) >>>>>
*


[2023/01/15 16:29:53] SockThread start success
[2023/01/15 16:29:53] Game Module Is Started. -->Hoat dong mua xuan 2006
[2023/01/15 16:29:53] Game Module Is Started. -->OpenShop
[2023/01/15 16:29:53] Game Module Is Started. -->Thiep Chuc Mung Nam Moi
[2023/01/15 16:29:53] Game Module Is Started. -->Do Pho Hoang Kim
[2023/01/15 16:29:53] Game Module Is Started. -->Phuc Duyen - Phao Bong
[2023/01/15 16:29:53] Game Module Is Started. -->Truyen Cong
[2023/01/15 16:29:53] Game Module Is Started. -->Le vat tinh nhan
[2023/01/15 16:29:53] Game Module Is Started. -->YANDIBAOZANG
[2023/01/15 16:29:53] Game Module Is Started. -->YANDIBAOZANG_TALK
[2023/01/15 16:29:53] Game Module Is Started. -->SWITH_DAIYITOUSHI
[2023/01/15 16:29:53] Game Module Is Started. -->chunjie2009_dangboss
[2023/01/15 16:29:53] ===>Xep Hang Khoi Dong Hoan Tat<===
[2023/01/15 16:29:56] ChatConnection create: 127.0.0.1
[2023/01/15 16:29:56] TongConnection create: 127.0.0.1
[2023/01/15 16:29:56] HostConnection create: 127.0.0.1
[2023/01/15 16:30:01] TongDataSendFinish: 127.0.0.1
[2023/01/15 16:30:01] GameServerLogin: 127.0.0.1
[2023/01/15 16:30:01] Assign Dynamic map(948,70051) for GS:0
[2023/01/15 16:30:01] GS:0 Total Dynamic map:1
[2023/01/15 16:30:01] GS:0 Total Static map:621
[2023/01/15 16:30:01] Assign Dynamic map(948,70052) for GS:0
[2023/01/15 16:30:01] GS:0 Total Dynamic map:2
[2023/01/15 16:30:01] GS:0 Total Static map:621
[2023/01/15 16:30:01] Assign Dynamic map(948,70053) for GS:0
[2023/01/15 16:30:01] GS:0 Total Dynamic map:3
[2023/01/15 16:30:01] GS:0 Total Static map:621
[2023/01/15 16:30:01] Assign Dynamic map(948,70054) for GS:0
[2023/01/15 16:30:01] GS:0 Total Dynamic map:4
[2023/01/15 16:30:01] GS:0 Total Static map:621
[2023/01/15 16:30:01] Assign Dynamic map(948,70055) for GS:0
[2023/01/15 16:30:01] GS:0 Total Dynamic map:5
[2023/01/15 16:30:01] GS:0 Total Static map:621
[2023/01/15 16:30:01] Assign Dynamic map(976,65536) for GS:0
[2023/01/15 16:30:01] GS:0 Total Dynamic map:6
[2023/01/15 16:30:01] GS:0 Total Static map:621
[2023/01/15 16:30:01] Assign Dynamic map(976,65537) for GS:0
[2023/01/15 16:30:01] GS:0 Total Dynamic map:7
[2023/01/15 16:30:01] GS:0 Total Static map:621
[2023/01/15 16:30:01] Assign Dynamic map(976,65538) for GS:0
[2023/01/15 16:30:01] GS:0 Total Dynamic map:8
[2023/01/15 16:30:01] GS:0 Total Static map:621
[2023/01/15 16:30:01] Assign Dynamic map(976,65539) for GS:0
[2023/01/15 16:30:01] GS:0 Total Dynamic map:9
[2023/01/15 16:30:01] GS:0 Total Static map:621
[2023/01/15 16:30:01] Assign Dynamic map(976,65540) for GS:0
[2023/01/15 16:30:01] GS:0 Total Dynamic map:10
[2023/01/15 16:30:01] GS:0 Total Static map:621
[2023/01/15 16:30:01] Assign Dynamic map(958,70056) for GS:0
[2023/01/15 16:30:01] GS:0 Total Dynamic map:11
[2023/01/15 16:30:01] GS:0 Total Static map:621
[2023/01/15 16:30:01] Assign Dynamic map(958,70057) for GS:0
[2023/01/15 16:30:01] GS:0 Total Dynamic map:12
[2023/01/15 16:30:01] GS:0 Total Static map:621
[2023/01/15 16:30:01] Assign Dynamic map(958,70058) for GS:0
[2023/01/15 16:30:01] GS:0 Total Dynamic map:13
[2023/01/15 16:30:01] GS:0 Total Static map:621
[2023/01/15 16:30:01] Assign Dynamic map(958,70059) for GS:0
[2023/01/15 16:30:01] GS:0 Total Dynamic map:14
[2023/01/15 16:30:01] GS:0 Total Static map:621
[2023/01/15 16:30:01] Assign Dynamic map(958,70060) for GS:0
[2023/01/15 16:30:01] GS:0 Total Dynamic map:15
[2023/01/15 16:30:01] GS:0 Total Static map:621
[2023/01/15 16:30:01] Assign Dynamic map(975,65541) for GS:0
[2023/01/15 16:30:01] GS:0 Total Dynamic map:16
[2023/01/15 16:30:01] GS:0 Total Static map:621
[2023/01/15 16:30:01] Assign Dynamic map(975,65542) for GS:0
[2023/01/15 16:30:01] GS:0 Total Dynamic map:17
[2023/01/15 16:30:01] GS:0 Total Static map:621
[2023/01/15 16:30:01] Assign Dynamic map(975,65543) for GS:0
[2023/01/15 16:30:01] GS:0 Total Dynamic map:18
[2023/01/15 16:30:01] GS:0 Total Static map:621
[2023/01/15 16:30:01] Assign Dynamic map(975,65544) for GS:0
[2023/01/15 16:30:01] GS:0 Total Dynamic map:19
[2023/01/15 16:30:01] GS:0 Total Static map:621
[2023/01/15 16:30:01] Assign Dynamic map(975,65545) for GS:0
[2023/01/15 16:30:01] GS:0 Total Dynamic map:20
[2023/01/15 16:30:01] GS:0 Total Static map:621
[2023/01/15 16:32:11] SockThread stop success
[2023/01/15 16:32:11] S3Relay-开始关闭！ S3Relay- bat dau dong lai! 
[2023/01/15 16:32:11] 
*
***** S3Relay Stop (@ 0000/00/00 00:-7094248:134777086.170394880) <<<<<
*


[2023/01/15 16:32:11] chat server shutdown
[2023/01/15 16:32:11] tong server shutdown
[2023/01/15 16:32:11] host server shutdown
[2023/01/15 16:32:11] stop autotimer for Ping: 103.179.172.139
[2023/01/15 16:32:11] S3Relay: 与RelayRoot的链接断开了 -  cung voi RelayRoot lien tiep bi ngat quang - 103.179.172.139
