[2024/05/07 05:39:13] Delete event data: ShareKey(EVENT_cailuhongbao), Param1(-1), Param2(-1), Timeout(2020-3-30)
[2024/05/07 05:39:13] Delete event data: ShareKey(EVENT_MIDAUT_2010), Param1(-1), Param2(-1), Timeout(2020-10-19)
[2024/05/07 05:39:13] Delete event data: ShareKey(EVENT_dayanqunxia), Param1(-1), Param2(-1), Timeout(2020-3-20)
[2024/05/07 05:39:13] Delete event data: ShareKey(FUNC_RANK_EQUIPVALUE), Param1(-1), Param2(-1), Timeout(2020-6-4)
[2024/05/07 05:39:13] Delete event data: ShareKey(EVENT_April_zhushuai), Param1(-1), Param2(-1), Timeout(2020-6-4)
[2024/05/07 05:39:13] Loading All Scripts....................
[2024/05/07 05:39:13] Load Rank FUNC_RANK_EQUIPVALUE
[2024/05/07 05:39:13] Load Stable Rank count 0
[2024/05/07 05:39:13] Load Dynamic Rank count 0
[2024/05/07 05:39:13] Load Rank FUNC_RANK_EQUIPVALUE end
[2024/05/07 05:39:13] 
All Scripts Have Been Loaded! Count = 80
[2024/05/07 05:39:13] root client[:0] create
[2024/05/07 05:39:15] start autotimer for Ping: 
[2024/05/07 05:39:15] gateway client create: 127.0.0.1
[2024/05/07 05:39:15] TRIP_MODE: None
[2024/05/07 05:39:15] Loading World Setting...
[2024/05/07 05:39:15] Reset map pho ban thanh cong
[2024/05/07 05:39:15] Load LeagueData: LeagueType: 4, Leagues: 7, Roles: 7
[2024/05/07 05:39:15] Load LeagueData: LeagueType: 500, Leagues: 3, Roles: 3
[2024/05/07 05:39:15] Load LeagueData: LeagueType: 502, Leagues: 11, Roles: 11
[2024/05/07 05:39:15] Load LeagueData: LeagueType: 10000, Leagues: 1, Roles: 0
[2024/05/07 05:39:15] =====> THONG BAO TIN TUC TU DONG
[2024/05/07 05:39:15] =====> BAT DAU KHOI DONG CAC TINH NANG CUA GAME VO LAM TRUYEN KY <=====
[2024/05/07 05:39:15] =====> Boss Tieu Hoang Kim Xuat Hien Vao Luc :  12:30
[2024/05/07 05:39:15] =====> SO LUONG BOSS HOANG KIM XUAT HIEN :  0
[2024/05/07 05:39:15] =====> BOSS DOC CO THIEN PHONG XUAT HIEN :  19:45
[2024/05/07 05:39:15] =====> BOSS THIEN TRI XUAT HIEN LUC 20H TANG 4
[2024/05/07 05:39:15] =====> BOSS Hoang Kim murongquan XUAT HIEN:  20:20
[2024/05/07 05:39:15] =====> BOSS Hoang Kim zhangxuan XUAT HIEN:  20:10
[2024/05/07 05:39:15] =====> BOSS Hoang Kim jinshiliang XUAT HIEN:  20:15
[2024/05/07 05:39:15] =====> Boss Hoang Kim Xuat Hien Vao Luc :  08:00
[2024/05/07 05:39:15] =====> Boss Dai Hoang Kim Xuat Hien Vao Luc :  20:00
[2024/05/07 05:39:15] =====> Boss Hoang Kim Xuat Hien Vao Luc :  22:00
[2024/05/07 05:39:15] ¼ÓÔØ½Å±¾ÎÄ¼þmakegoldboss\makegoldboss_2100.luaÊ±³ö´í£¬Çë¼ì²éÓï·¨. Gia tai file Van ban goc [] gio bi sai, xin kiem tra ngu phap. 
[2024/05/07 05:39:15] =================Phong Lang Do==================
[2024/05/07 05:39:15] =====> [phonglangdo] Phong Lang Do 14h
[2024/05/07 05:39:15] =====> [phonglangdo] Phong Lang Do 16h
[2024/05/07 05:39:15] =====> [phonglangdo] Phong Lang Do 18h
[2024/05/07 05:39:15] =====> [phonglangdo] Phong Lang Do 20h
[2024/05/07 05:39:15] ****************KHOI DONG NHIEM VU TONG KIM CHIEN QUOC ****************
[2024/05/07 05:39:15] =====> BATTLE[GuoZhan] 20:50 startup...
[2024/05/07 05:39:15] =====> [TongKim] Chien Truong Tong Kim 12:50 BAT DAU
[2024/05/07 05:39:15] =====> [TongKim] Chien Truong Tong Kim 14:50 BAT DAU
[2024/05/07 05:39:15] =====> [TongKim] Chien Truong Tong Kim 16:50 BAT DAU
[2024/05/07 05:39:15] =====> [TongKim] Chien Truong Tong Kim 18:50 BAT DAU
[2024/05/07 05:39:15] =====> [TongKim] Chien Truong Tong Kim 20:50 BAT DAU
[2024/05/07 05:39:15] =====> [TongKim] Chien Truong Tong Kim 22:50 BAT DAU
[2024/05/07 05:39:15] =======================>Xoa thong tin Xep Hang<========================
[2024/05/07 05:39:15] =====> HOAT DONG QUA HUY HOANG BAT DAU LUC 12 PM
[2024/05/07 05:39:15] =====> HOAT DONG QUA HUY HOANG BAT DAU LUC 20 PM
[2024/05/07 05:39:15] =====> BANG XEP HANG <THACH THUC THOI GIAN> MOI NGAY=======
[2024/05/07 05:39:15] =====> [phonglangdo] Phong Lang Do 10h
[2024/05/07 05:39:15] Failed to init statdatamanager!
[2024/05/07 05:39:15] S3Relay -- S3Relay- Khoi dong hoan tat! 
[2024/05/07 05:39:15] 
*
***** S3Relay Start (@ 150803712/00/43200 00:-2233816:135861597.136280271) >>>>>
*


[2024/05/07 05:39:15] SockThread start success
[2024/05/07 05:39:15] Game Module Is Started. -->Hoat dong mua xuan 2006
[2024/05/07 05:39:15] Game Module Is Started. -->OpenShop
[2024/05/07 05:39:15] Game Module Is Started. -->Thiep Chuc Mung Nam Moi
[2024/05/07 05:39:15] Game Module Is Started. -->Do Pho Hoang Kim
[2024/05/07 05:39:15] Game Module Is Started. -->Phuc Duyen - Phao Bong
[2024/05/07 05:39:15] Game Module Is Started. -->Truyen Cong
[2024/05/07 05:39:15] Game Module Is Started. -->Le vat tinh nhan
[2024/05/07 05:39:15] Game Module Is Started. -->YANDIBAOZANG
[2024/05/07 05:39:15] Game Module Is Started. -->YANDIBAOZANG_TALK
[2024/05/07 05:39:15] Game Module Is Started. -->SWITH_DAIYITOUSHI
[2024/05/07 05:39:15] Game Module Is Started. -->chunjie2009_dangboss
[2024/05/07 05:39:15] ===>Xep Hang Khoi Dong Hoan Tat<===
[2024/05/07 05:39:25] HostConnection create: 127.0.0.1
[2024/05/07 05:39:25] ChatConnection create: 127.0.0.1
[2024/05/07 05:39:25] TongConnection create: 127.0.0.1
[2024/05/07 05:39:29] TongDataSendFinish: 127.0.0.1
[2024/05/07 05:39:29] GameServerLogin: 127.0.0.1
[2024/05/07 06:00:15] =====> [phonglangdo] Phong Lang Do
[2024/05/07 07:00:15] =====> [phonglangdo] Phong Lang Do
[2024/05/07 08:00:15] TRIEU HOI BOSS DAI Tõ §¹i Nh¹c,1367,95,199,1852,3174,4----202405070800
[2024/05/07 08:00:15] =====> [phonglangdo] Phong Lang Do
[2024/05/07 09:00:15] =====> [phonglangdo] Phong Lang Do
[2024/05/07 10:00:15] =====> [phonglangdo] Phong Lang Do
[2024/05/07 11:00:15] =====> [phonglangdo] Phong Lang Do
[2024/05/07 11:52:15] Boss Hoang Kim 511 o thong tin tren khong co xuat hien, Npc ID 23, Cap bac Npc 511,
[2024/05/07 11:52:15] Boss Hoang Kim 513 o thong tin tren khong co xuat hien, Npc ID 23, Cap bac Npc 513,
[2024/05/07 11:52:15] Boss Hoang Kim 523 o thong tin tren khong co xuat hien, Npc ID 182, Cap bac Npc 523,
[2024/05/07 12:00:15] Boss Hoang Kim 51312 o thong tin tren khong co xuat hien, Npc ID 5, Cap bac Npc 513,
[2024/05/07 12:00:15] Boss Hoang Kim 51112 o thong tin tren khong co xuat hien, Npc ID 23, Cap bac Npc 511,
[2024/05/07 12:00:15] Boss Hoang Kim 52312 o thong tin tren khong co xuat hien, Npc ID 71, Cap bac Npc 523,
[2024/05/07 12:00:15] =====> [phonglangdo] Phong Lang Do
[2024/05/07 12:30:15] =====> Boss Tieu Hoang Kim Xuat Hien Vao Luc :  12:30
[2024/05/07 12:50:15] -----------------------------------------------------------------------------------------------------------------------------------------------------------------------------------
[2024/05/07 12:50:15] [2024-05-07 12:50:15]  NEW BATTLE START
[2024/05/07 12:50:15] BattleID: 1   BattleLevel: 1   Issue: 2   3th.Round
[2024/05/07 12:50:15] RoundID: 6   MapPattern: 11   BattleMapID:  12   WorldMapID: 381   MapName: C«ng thµnh chiÕn (khu vùc Cöu K   RuleID: 4
[2024/05/07 12:50:15] -----------------------------------------------------------------------------------------------------------------------------------------------------------------------------------
[2024/05/07 12:50:15] -----------------------------------------------------------------------------------------------------------------------------------------------------------------------------------
[2024/05/07 12:50:15] [2024-05-07 12:50:15]  NEW BATTLE START
[2024/05/07 12:50:15] BattleID: 1   BattleLevel: 2   Issue: 2   4th.Round
[2024/05/07 12:50:15] RoundID: 15   MapPattern: 11   BattleMapID:  12   WorldMapID: 382   MapName: C«ng thµnh chiÕn (khu vùc Cöu K   RuleID: 6
[2024/05/07 12:50:15] -----------------------------------------------------------------------------------------------------------------------------------------------------------------------------------
[2024/05/07 12:50:15] -----------------------------------------------------------------------------------------------------------------------------------------------------------------------------------
[2024/05/07 12:50:15] [2024-05-07 12:50:15]  NEW BATTLE START
[2024/05/07 12:50:15] BattleID: 1   BattleLevel: 3   Issue: 2   4th.Round
[2024/05/07 12:50:15] RoundID: 15   MapPattern: 8   BattleMapID:  8   WorldMapID: 380   MapName: Hoµng Sa L©m Ngao ChiÕn   RuleID: 2
[2024/05/07 12:50:15] -----------------------------------------------------------------------------------------------------------------------------------------------------------------------------------
[2024/05/07 12:50:15] =====> [TongKim] Chien Truong Tong Kim 12:50 BAT DAU
[2024/05/07 13:00:15] =====> [phonglangdo] Phong Lang Do
[2024/05/07 13:30:15] -----------------------------------------------------------------------------------------------------------------------------------------------------------------------------------
[2024/05/07 13:30:15] [2024-05-07 13:30:15]  BATTLE END
[2024/05/07 13:30:15] BattleID: 1   BattleLevel: 2   Issue: 2   4th.Round RoundId: 15   Result: 1
[2024/05/07 13:30:15] -----------------------------------------------------------------------------------------------------------------------------------------------------------------------------------
[2024/05/07 14:00:15] =====> [phonglangdo] Phong Lang Do
[2024/05/07 14:00:15] =====> [phonglangdo] Phong Lang Do 14h
[2024/05/07 14:00:15] =====> QUA HUY HOANG BAT DAU LUC 12 PM
[2024/05/07 14:05:15] =====> QUA HUY HOANG BAT DAU LUC 12 PM
[2024/05/07 14:10:15] =====> QUA HUY HOANG BAT DAU LUC 12 PM
[2024/05/07 14:15:15] =====> QUA HUY HOANG BAT DAU LUC 12 PM
[2024/05/07 14:20:15] =====> QUA HUY HOANG BAT DAU LUC 12 PM
[2024/05/07 14:25:15] =====> QUA HUY HOANG BAT DAU LUC 12 PM
[2024/05/07 14:50:15] -----------------------------------------------------------------------------------------------------------------------------------------------------------------------------------
[2024/05/07 14:50:15] [2024-05-07 14:50:15]  NEW BATTLE START
[2024/05/07 14:50:15] BattleID: 1   BattleLevel: 2   Issue: 2   5th.Round
[2024/05/07 14:50:15] RoundID: 1   MapPattern: 9   BattleMapID:  9   WorldMapID: 382   MapName: C«ng thµnh chiÕn (khu vùc Cöu K   RuleID: 4
[2024/05/07 14:50:15] -----------------------------------------------------------------------------------------------------------------------------------------------------------------------------------
[2024/05/07 14:50:15] -----------------------------------------------------------------------------------------------------------------------------------------------------------------------------------
[2024/05/07 14:50:15] [2024-05-07 14:50:15]  NEW BATTLE START
[2024/05/07 14:50:15] BattleID: 1   BattleLevel: 3   Issue: 2   5th.Round
[2024/05/07 14:50:15] RoundID: 16   MapPattern: 10   BattleMapID:  11   WorldMapID: 380   MapName: Hoµng Sa L©m Ngao ChiÕn   RuleID: 5
[2024/05/07 14:50:15] -----------------------------------------------------------------------------------------------------------------------------------------------------------------------------------
[2024/05/07 14:50:15] =====> [TongKim] Chien Truong Tong Kim 14:50 BAT DAU
[2024/05/07 15:00:15] =====> [phonglangdo] Phong Lang Do
[2024/05/07 16:00:15] =====> [phonglangdo] Phong Lang Do
[2024/05/07 16:00:15] =====> [phonglangdo] Phong Lang Do 16h
[2024/05/07 16:50:15] -----------------------------------------------------------------------------------------------------------------------------------------------------------------------------------
[2024/05/07 16:50:15] [2024-05-07 16:50:15]  NEW BATTLE START
[2024/05/07 16:50:15] BattleID: 1   BattleLevel: 1   Issue: 2   4th.Round
[2024/05/07 16:50:15] RoundID: 13   MapPattern: 9   BattleMapID:  9   WorldMapID: 381   MapName: C«ng thµnh chiÕn (khu vùc Cöu K   RuleID: 4
[2024/05/07 16:50:15] -----------------------------------------------------------------------------------------------------------------------------------------------------------------------------------
[2024/05/07 16:50:15] -----------------------------------------------------------------------------------------------------------------------------------------------------------------------------------
[2024/05/07 16:50:15] [2024-05-07 16:50:15]  NEW BATTLE START
[2024/05/07 16:50:15] BattleID: 1   BattleLevel: 2   Issue: 2   6th.Round
[2024/05/07 16:50:15] RoundID: 3   MapPattern: 8   BattleMapID:  8   WorldMapID: 379   MapName: Hoµng Sa L©m Ngao ChiÕn   RuleID: 6
[2024/05/07 16:50:15] -----------------------------------------------------------------------------------------------------------------------------------------------------------------------------------
[2024/05/07 16:50:15] =====> [TongKim] Chien Truong Tong Kim 16:50 BAT DAU
[2024/05/07 16:50:15] -----------------------------------------------------------------------------------------------------------------------------------------------------------------------------------
[2024/05/07 16:50:15] [2024-05-07 16:50:15]  NEW BATTLE START
[2024/05/07 16:50:15] BattleID: 1   BattleLevel: 3   Issue: 2   6th.Round
[2024/05/07 16:50:15] RoundID: 1   MapPattern: 8   BattleMapID:  8   WorldMapID: 380   MapName: Hoµng Sa L©m Ngao ChiÕn   RuleID: 4
[2024/05/07 16:50:15] -----------------------------------------------------------------------------------------------------------------------------------------------------------------------------------
[2024/05/07 17:00:15] =====> [phonglangdo] Phong Lang Do
[2024/05/07 17:30:15] -----------------------------------------------------------------------------------------------------------------------------------------------------------------------------------
[2024/05/07 17:30:15] [2024-05-07 17:30:15]  BATTLE END
[2024/05/07 17:30:15] BattleID: 1   BattleLevel: 2   Issue: 2   6th.Round RoundId: 3   Result: 1
[2024/05/07 17:30:15] -----------------------------------------------------------------------------------------------------------------------------------------------------------------------------------
[2024/05/07 18:00:15] =====> [phonglangdo] Phong Lang Do
[2024/05/07 18:00:15] =====> [phonglangdo] Phong Lang Do 18h
[2024/05/07 18:50:15] -----------------------------------------------------------------------------------------------------------------------------------------------------------------------------------
[2024/05/07 18:50:15] [2024-05-07 18:50:15]  NEW BATTLE START
[2024/05/07 18:50:15] BattleID: 1   BattleLevel: 1   Issue: 2   5th.Round
[2024/05/07 18:50:15] RoundID: 16   MapPattern: 10   BattleMapID:  11   WorldMapID: 378   MapName: Hoµng Sa L©m Ngao ChiÕn   RuleID: 4
[2024/05/07 18:50:15] -----------------------------------------------------------------------------------------------------------------------------------------------------------------------------------
[2024/05/07 18:50:15] -----------------------------------------------------------------------------------------------------------------------------------------------------------------------------------
[2024/05/07 18:50:15] [2024-05-07 18:50:15]  NEW BATTLE START
[2024/05/07 18:50:15] BattleID: 1   BattleLevel: 2   Issue: 2   7th.Round
[2024/05/07 18:50:15] RoundID: 6   MapPattern: 11   BattleMapID:  12   WorldMapID: 382   MapName: C«ng thµnh chiÕn (khu vùc Cöu K   RuleID: 6
[2024/05/07 18:50:15] -----------------------------------------------------------------------------------------------------------------------------------------------------------------------------------
[2024/05/07 18:50:15] -----------------------------------------------------------------------------------------------------------------------------------------------------------------------------------
[2024/05/07 18:50:15] [2024-05-07 18:50:15]  NEW BATTLE START
[2024/05/07 18:50:15] BattleID: 1   BattleLevel: 3   Issue: 2   7th.Round
[2024/05/07 18:50:15] RoundID: 3   MapPattern: 8   BattleMapID:  8   WorldMapID: 380   MapName: Hoµng Sa L©m Ngao ChiÕn   RuleID: 6
[2024/05/07 18:50:15] -----------------------------------------------------------------------------------------------------------------------------------------------------------------------------------
[2024/05/07 18:50:15] =====> [TongKim] Chien Truong Tong Kim 18:50 BAT DAU
[2024/05/07 19:00:15] =====> [phonglangdo] Phong Lang Do
[2024/05/07 19:30:15] Boss Hoang Kim 51320 o thong tin tren khong co xuat hien, Npc ID 23, Cap bac Npc 513,
[2024/05/07 19:30:15] Boss Hoang Kim 51120 o thong tin tren khong co xuat hien, Npc ID 6, Cap bac Npc 511,
[2024/05/07 19:30:15] Boss Hoang Kim 52320 o thong tin tren khong co xuat hien, Npc ID 42, Cap bac Npc 523,
[2024/05/07 19:30:15] -----------------------------------------------------------------------------------------------------------------------------------------------------------------------------------
[2024/05/07 19:30:15] [2024-05-07 19:30:15]  BATTLE END
[2024/05/07 19:30:15] BattleID: 1   BattleLevel: 3   Issue: 2   7th.Round RoundId: 3   Result: 1
[2024/05/07 19:30:15] -----------------------------------------------------------------------------------------------------------------------------------------------------------------------------------
[2024/05/07 19:30:15] -----------------------------------------------------------------------------------------------------------------------------------------------------------------------------------
[2024/05/07 19:30:15] [2024-05-07 19:30:15]  BATTLE END
[2024/05/07 19:30:15] BattleID: 1   BattleLevel: 2   Issue: 2   7th.Round RoundId: 6   Result: 1
[2024/05/07 19:30:15] -----------------------------------------------------------------------------------------------------------------------------------------------------------------------------------
[2024/05/07 19:45:15] GOLD BOSS COUNT :  0
[2024/05/07 19:45:15] Create Boss Doc Co Thien Phong,1509,95,176,1162,2781,4----202405071945
[2024/05/07 20:00:15] =====> BOSS THIEN TRI XUAT HIEN LUC 20H TANG 4 (boss_thien_tri_2000.lua)
[2024/05/07 20:00:15] TRIEU HOI BOSS DAI TuyÒn C¬ Tö,747,95,78,1753,3121,4----202405072000
[2024/05/07 20:00:15] TRIEU HOI BOSS DAI M¹nh Th­¬ng L­¬ng,583,95,11,2966,4807,3----202405072000
[2024/05/07 20:00:15] =====> [phonglangdo] Phong Lang Do
[2024/05/07 20:00:15] =====> [phonglangdo] Phong Lang Do 20h
[2024/05/07 20:10:15] =====> BOSS Hoang Kim jinshiliang XUAT HIEN:  20:10 (goldbossadjust_2010.lua)
[2024/05/07 20:15:15] =====> BOSS Hoang Kim jinshiliang XUAT HIEN:  20:15 (goldbossadjust_2015.lua)
[2024/05/07 20:20:15] =====> BOSS Hoang Kim jinshiliang XUAT HIEN:  20:20 (goldbossadjust_2020.lua)
[2024/05/07 20:50:15] -----------------------------------------------------------------------------------------------------------------------------------------------------------------------------------
[2024/05/07 20:50:15] [2024-05-07 20:50:15]  NEW BATTLE START
[2024/05/07 20:50:15] BattleID: 1   BattleLevel: 2   Issue: 2   8th.Round
[2024/05/07 20:50:15] RoundID: 12   MapPattern: 8   BattleMapID:  8   WorldMapID: 379   MapName: Hoµng Sa L©m Ngao ChiÕn   RuleID: 6
[2024/05/07 20:50:15] -----------------------------------------------------------------------------------------------------------------------------------------------------------------------------------
[2024/05/07 20:50:15] -----------------------------------------------------------------------------------------------------------------------------------------------------------------------------------
[2024/05/07 20:50:15] [2024-05-07 20:50:15]  NEW BATTLE START
[2024/05/07 20:50:15] BattleID: 1   BattleLevel: 3   Issue: 2   8th.Round
[2024/05/07 20:50:15] RoundID: 6   MapPattern: 11   BattleMapID:  12   WorldMapID: 380   MapName: C«ng thµnh chiÕn (khu vùc Cöu K   RuleID: 6
[2024/05/07 20:50:15] -----------------------------------------------------------------------------------------------------------------------------------------------------------------------------------
[2024/05/07 20:50:15] =====> [TongKim] Chien Truong Tong Kim 20:50 BAT DAU
[2024/05/07 21:00:15] =====> [phonglangdo] Phong Lang Do
[2024/05/07 21:30:15] -----------------------------------------------------------------------------------------------------------------------------------------------------------------------------------
[2024/05/07 21:30:15] [2024-05-07 21:30:15]  BATTLE END
[2024/05/07 21:30:15] BattleID: 1   BattleLevel: 2   Issue: 2   8th.Round RoundId: 12   Result: 1
[2024/05/07 21:30:15] -----------------------------------------------------------------------------------------------------------------------------------------------------------------------------------
[2024/05/07 21:30:15] -----------------------------------------------------------------------------------------------------------------------------------------------------------------------------------
[2024/05/07 21:30:15] [2024-05-07 21:30:15]  BATTLE END
[2024/05/07 21:30:15] BattleID: 1   BattleLevel: 3   Issue: 2   8th.Round RoundId: 6   Result: 1
[2024/05/07 21:30:15] -----------------------------------------------------------------------------------------------------------------------------------------------------------------------------------
[2024/05/07 22:00:15] TRIEU HOI BOSS DAI M¹nh Th­¬ng L­¬ng,583,95,226,1708,3346,3----202405072200
[2024/05/07 22:00:15] =====> [phonglangdo] Phong Lang Do
[2024/05/07 22:00:15] =====> QUA HUY HOANG BAT DAU LUC 20 PM
[2024/05/07 22:05:15] =====> QUA HUY HOANG BAT DAU LUC 20 PM
[2024/05/07 22:10:15] =====> QUA HUY HOANG BAT DAU LUC 20 PM
[2024/05/07 22:15:15] =====> QUA HUY HOANG BAT DAU LUC 20 PM
[2024/05/07 22:20:15] =====> QUA HUY HOANG BAT DAU LUC 20 PM
[2024/05/07 22:25:15] =====> QUA HUY HOANG BAT DAU LUC 20 PM
[2024/05/07 22:30:15] Tim duoc boss Hoang Kim o Co so du lieu523,182thong tin chuong trinh
[2024/05/07 22:30:15] Du lieu 523 trong chuong trinh co boss Hoang Kim Npc: 523, Cap :90, Trang Thai: 1
[2024/05/07 22:30:15] Tim duoc boss Hoang Kim o Co so du lieu513,23thong tin chuong trinh
[2024/05/07 22:30:15] Du lieu 513 trong chuong trinh co boss Hoang Kim Npc: 513, Cap :90, Trang Thai: 1
[2024/05/07 22:30:15] Tim duoc boss Hoang Kim o Co so du lieu511,23thong tin chuong trinh
[2024/05/07 22:30:15] Du lieu 511 trong chuong trinh co boss Hoang Kim Npc: 511, Cap :90, Trang Thai: 1
[2024/05/08 00:47:50] warning: root client timeout: 43.228.215.224
[2024/05/08 00:47:50] Boss Hoang Kim 51322 o thong tin tren khong co xuat hien, Npc ID 4, Cap bac Npc 513,
[2024/05/08 00:47:50] Boss Hoang Kim 51122 o thong tin tren khong co xuat hien, Npc ID 5, Cap bac Npc 511,
[2024/05/08 00:47:50] Boss Hoang Kim 52322 o thong tin tren khong co xuat hien, Npc ID 42, Cap bac Npc 523,
[2024/05/08 00:47:50] =====> [phonglangdo] Phong Lang Do
[2024/05/08 00:47:50] -----------------------------------------------------------------------------------------------------------------------------------------------------------------------------------
[2024/05/08 00:47:50] [2024-05-08 00:47:50]  NEW BATTLE START
[2024/05/08 00:47:50] BattleID: 1   BattleLevel: 2   Issue: 2   9th.Round
[2024/05/08 00:47:50] RoundID: 1   MapPattern: 11   BattleMapID:  12   WorldMapID: 382   MapName: C«ng thµnh chiÕn (khu vùc Cöu K   RuleID: 4
[2024/05/08 00:47:50] -----------------------------------------------------------------------------------------------------------------------------------------------------------------------------------
[2024/05/08 00:47:50] -----------------------------------------------------------------------------------------------------------------------------------------------------------------------------------
[2024/05/08 00:47:50] [2024-05-08 00:47:50]  NEW BATTLE START
[2024/05/08 00:47:50] BattleID: 1   BattleLevel: 3   Issue: 2   9th.Round
[2024/05/08 00:47:50] RoundID: 12   MapPattern: 8   BattleMapID:  8   WorldMapID: 380   MapName: Hoµng Sa L©m Ngao ChiÕn   RuleID: 2
[2024/05/08 00:47:50] -----------------------------------------------------------------------------------------------------------------------------------------------------------------------------------
[2024/05/08 00:47:50] =====> [TongKim] Chien Truong Tong Kim 22:50 BAT DAU
[2024/05/08 00:47:50] =====> Bang Xep Hang Vuot Ai Moi Ngay 00:00 Bat Dau==================
[2024/05/08 00:47:50] =====> [phonglangdo] Phong Lang Do 10h
[2024/05/08 00:47:50] warning: root client timeout: 43.228.215.224
[2024/05/08 00:47:50] warning: root client timeout: 43.228.215.224
[2024/05/08 00:47:50] =====> [phonglangdo] Phong Lang Do
[2024/05/08 01:00:15] =====> [phonglangdo] Phong Lang Do
[2024/05/08 01:05:09] SockThread stop success
[2024/05/08 01:05:09] S3Relay-¿ªÊ¼¹Ø±Õ£¡ S3Relay- bat dau dong lai! 
[2024/05/08 01:05:09] 
*
***** S3Relay Stop (@ 0000/00/00 00:-2233784:134777086.150803712) <<<<<
*


[2024/05/08 01:05:09] chat server shutdown
[2024/05/08 01:05:09] tong server shutdown
[2024/05/08 01:05:09] host server shutdown
[2024/05/08 01:05:09] stop autotimer for Ping: 43.228.215.224
[2024/05/08 01:05:09] S3Relay: ÓëRelayRootµÄÁ´½Ó¶Ï¿ªÁË -  cung voi RelayRoot lien tiep bi ngat quang - 43.228.215.224
