[2023/07/22 23:36:12] Delete event data: ShareKey(EVENT_cailuhongbao), Param1(-1), Param2(-1), Timeout(2020-3-30)
[2023/07/22 23:36:12] Delete event data: ShareKey(EVENT_MIDAUT_2010), Param1(-1), Param2(-1), Timeout(2020-10-19)
[2023/07/22 23:36:12] Delete event data: ShareKey(EVENT_dayanqunxia), Param1(-1), Param2(-1), Timeout(2020-3-20)
[2023/07/22 23:36:12] Delete event data: ShareKey(FUNC_RANK_EQUIPVALUE), Param1(-1), Param2(-1), Timeout(2020-6-4)
[2023/07/22 23:36:12] Delete event data: ShareKey(EVENT_April_zhushuai), Param1(-1), Param2(-1), Timeout(2020-6-4)
[2023/07/22 23:36:12] Loading All Scripts....................
[2023/07/22 23:36:12] Load Rank FUNC_RANK_EQUIPVALUE
[2023/07/22 23:36:12] Load Stable Rank count 0
[2023/07/22 23:36:12] Load Dynamic Rank count 0
[2023/07/22 23:36:12] Load Rank FUNC_RANK_EQUIPVALUE end
[2023/07/22 23:36:12] 
All Scripts Have Been Loaded! Count = 80
[2023/07/22 23:36:12] root client[:0] create
[2023/07/22 23:36:14] start autotimer for Ping: 
[2023/07/22 23:36:14] TRIP_MODE: None
[2023/07/22 23:36:14] Loading World Setting...
[2023/07/22 23:36:14] Reset map pho ban thanh cong
[2023/07/22 23:36:14] Load LeagueData: LeagueType: 4, Leagues: 7, Roles: 7
[2023/07/22 23:36:14] Load LeagueData: LeagueType: 502, Leagues: 11, Roles: 11
[2023/07/22 23:36:14] gateway client create: 127.0.0.1
[2023/07/22 23:36:14] =====> THONG BAO TIN TUC TU DONG
[2023/07/22 23:36:14] =====> BAT DAU KHOI DONG CAC TINH NANG CUA GAME VO LAM TRUYEN KY <=====
[2023/07/22 23:36:14] =================Phong Lang Do==================
[2023/07/22 23:36:14] =====> [phonglangdo] Phong Lang Do 14h
[2023/07/22 23:36:14] =====> [phonglangdo] Phong Lang Do 16h
[2023/07/22 23:36:14] =====> [phonglangdo] Phong Lang Do 18h
[2023/07/22 23:36:14] =====> [phonglangdo] Phong Lang Do 20h
[2023/07/22 23:36:14] ****************KHOI DONG NHIEM VU TONG KIM CHIEN QUOC ****************
[2023/07/22 23:36:14] =====> BATTLE[GuoZhan] 20:50 startup...
[2023/07/22 23:36:14] =====> [TongKim] Chien Truong Tong Kim 12:50 BAT DAU
[2023/07/22 23:36:14] =====> [TongKim] Chien Truong Tong Kim 14:50 BAT DAU
[2023/07/22 23:36:14] =====> [TongKim] Chien Truong Tong Kim 20:50 BAT DAU
[2023/07/22 23:36:14] =====> [TongKim] Chien Truong Tong Kim 22:50 BAT DAU
[2023/07/22 23:36:14] =======================>Xoa thong tin Xep Hang<========================
[2023/07/22 23:36:14] =====> BANG XEP HANG <THACH THUC THOI GIAN> MOI NGAY=======
[2023/07/22 23:36:14] =====> VUOT AI KHIEU CHIEN THOI GIAN BAT DAU 0:0...
[2023/07/22 23:36:14] =====> [phonglangdo] Phong Lang Do 10h
[2023/07/22 23:36:14] Failed to init statdatamanager!
[2023/07/22 23:36:14] S3Relay -- S3Relay- Khoi dong hoan tat! 
[2023/07/22 23:36:14] 
*
***** S3Relay Start (@ 153003264/00/43200 00:-479256:135861597.136280271) >>>>>
*


[2023/07/22 23:36:14] SockThread start success
[2023/07/22 23:36:14] Game Module Is Started. -->Hoat dong mua xuan 2006
[2023/07/22 23:36:14] Game Module Is Started. -->OpenShop
[2023/07/22 23:36:14] Game Module Is Started. -->Thiep Chuc Mung Nam Moi
[2023/07/22 23:36:14] Game Module Is Started. -->Do Pho Hoang Kim
[2023/07/22 23:36:14] Game Module Is Started. -->Phuc Duyen - Phao Bong
[2023/07/22 23:36:14] Game Module Is Started. -->Truyen Cong
[2023/07/22 23:36:14] Game Module Is Started. -->Le vat tinh nhan
[2023/07/22 23:36:14] Game Module Is Started. -->YANDIBAOZANG
[2023/07/22 23:36:14] Game Module Is Started. -->YANDIBAOZANG_TALK
[2023/07/22 23:36:14] Game Module Is Started. -->SWITH_DAIYITOUSHI
[2023/07/22 23:36:14] Game Module Is Started. -->chunjie2009_dangboss
[2023/07/22 23:36:14] ===>Xep Hang Khoi Dong Hoan Tat<===
[2023/07/22 23:36:19] ChatConnection create: 127.0.0.1
[2023/07/22 23:36:19] TongConnection create: 127.0.0.1
[2023/07/22 23:36:19] HostConnection create: 127.0.0.1
[2023/07/22 23:36:23] TongDataSendFinish: 127.0.0.1
[2023/07/22 23:36:23] GameServerLogin: 127.0.0.1
[2023/07/23 00:00:14] =====> [phonglangdo] Phong Lang Do
[2023/07/23 00:00:14] =====> Bang Xep Hang Vuot Ai Moi Ngay 00:00 Bat Dau==================
[2023/07/23 00:00:14] VUOT AI KHIEU CHIEN THOI GIAN DANG GHI DANH
[2023/07/23 00:00:14] =====> [phonglangdo] Phong Lang Do 10h
[2023/07/23 01:00:14] =====> [phonglangdo] Phong Lang Do
[2023/07/23 01:00:14] VUOT AI KHIEU CHIEN THOI GIAN DANG GHI DANH
[2023/07/23 02:00:14] =====> [phonglangdo] Phong Lang Do
[2023/07/23 02:00:14] VUOT AI KHIEU CHIEN THOI GIAN DANG GHI DANH
[2023/07/23 03:00:14] =====> [phonglangdo] Phong Lang Do
[2023/07/23 03:00:14] VUOT AI KHIEU CHIEN THOI GIAN DANG GHI DANH
[2023/07/23 04:00:14] =====> [phonglangdo] Phong Lang Do
[2023/07/23 04:00:14] VUOT AI KHIEU CHIEN THOI GIAN DANG GHI DANH
[2023/07/23 05:00:14] =====> [phonglangdo] Phong Lang Do
[2023/07/23 05:00:14] VUOT AI KHIEU CHIEN THOI GIAN DANG GHI DANH
[2023/07/23 06:00:14] =====> [phonglangdo] Phong Lang Do
[2023/07/23 06:00:14] VUOT AI KHIEU CHIEN THOI GIAN DANG GHI DANH
[2023/07/23 07:00:14] =====> [phonglangdo] Phong Lang Do
[2023/07/23 07:00:14] VUOT AI KHIEU CHIEN THOI GIAN DANG GHI DANH
[2023/07/23 07:15:04] SockThread stop success
[2023/07/23 07:15:04] S3Relay-开始关闭！ S3Relay- bat dau dong lai! 
[2023/07/23 07:15:04] 
*
***** S3Relay Stop (@ 0000/00/00 00:-479224:134777086.153003264) <<<<<
*


[2023/07/23 07:15:04] chat server shutdown
[2023/07/23 07:15:04] tong server shutdown
[2023/07/23 07:15:04] host server shutdown
[2023/07/23 07:15:04] stop autotimer for Ping: 178.128.102.178
[2023/07/23 07:15:04] S3Relay: 与RelayRoot的链接断开了 -  cung voi RelayRoot lien tiep bi ngat quang - 178.128.102.178
