[2023/07/22 23:33:56] Loading All Scripts....................
[2023/07/22 23:33:56] load[NIL] is not supported!!!
[2023/07/22 23:33:56] Load Rank FUNC_RANK_EQUIPVALUE
[2023/07/22 23:33:56] Load Stable Rank count 0
[2023/07/22 23:33:56] Load Dynamic Rank count 0
[2023/07/22 23:33:56] Load Rank FUNC_RANK_EQUIPVALUE end
[2023/07/22 23:33:56] 
All Scripts Have Been Loaded! Count = 80
[2023/07/22 23:33:56] root client[:0] create
[2023/07/22 23:33:58] start autotimer for Ping: 
[2023/07/22 23:33:58] TRIP_MODE: None
[2023/07/22 23:33:58] Loading World Setting...
[2023/07/22 23:33:58] Reset map pho ban thanh cong
[2023/07/22 23:33:58] gateway client create: 127.0.0.1
[2023/07/22 23:33:58] Load League Data...Not League Data.
[2023/07/22 23:33:58] =====> THONG BAO TIN TUC TU DONG
[2023/07/22 23:33:58] =====> BAT DAU KHOI DONG CAC TINH NANG CUA GAME VO LAM TRUYEN KY <=====
[2023/07/22 23:33:58] =================Phong Lang Do==================
[2023/07/22 23:33:58] =====> [phonglangdo] Phong Lang Do 14h
[2023/07/22 23:33:58] =====> [phonglangdo] Phong Lang Do 16h
[2023/07/22 23:33:58] =====> [phonglangdo] Phong Lang Do 18h
[2023/07/22 23:33:58] =====> [phonglangdo] Phong Lang Do 20h
[2023/07/22 23:33:58] ****************KHOI DONG NHIEM VU TONG KIM CHIEN QUOC ****************
[2023/07/22 23:33:58] =====> BATTLE[GuoZhan] 20:50 startup...
[2023/07/22 23:33:58] =====> [TongKim] Chien Truong Tong Kim 12:50 BAT DAU
[2023/07/22 23:33:58] =====> [TongKim] Chien Truong Tong Kim 14:50 BAT DAU
[2023/07/22 23:33:58] =====> [TongKim] Chien Truong Tong Kim 20:50 BAT DAU
[2023/07/22 23:33:58] =====> [TongKim] Chien Truong Tong Kim 22:50 BAT DAU
[2023/07/22 23:33:58] =======================>Xoa thong tin Xep Hang<========================
[2023/07/22 23:33:58] =====> BANG XEP HANG <THACH THUC THOI GIAN> MOI NGAY=======
[2023/07/22 23:33:58] =====> VUOT AI KHIEU CHIEN THOI GIAN BAT DAU 0:0...
[2023/07/22 23:33:58] =====> [phonglangdo] Phong Lang Do 10h
[2023/07/22 23:33:58] Failed to init statdatamanager!
[2023/07/22 23:33:58] S3Relay -- S3Relay- Khoi dong hoan tat! 
[2023/07/22 23:33:58] 
*
***** S3Relay Start (@ 169293056/00/43200 00:-4797288:135861597.136280271) >>>>>
*


[2023/07/22 23:33:58] SockThread start success
[2023/07/22 23:33:58] Game Module Is Started. -->Hoat dong mua xuan 2006
[2023/07/22 23:33:58] New Game Module Is Started. -->Hoat dong mua xuan 2006
[2023/07/22 23:33:58] Game Module Is Started. -->OpenShop
[2023/07/22 23:33:58] New Game Module Is Started. -->OpenShop
[2023/07/22 23:33:58] Game Module Is Started. -->Thiep Chuc Mung Nam Moi
[2023/07/22 23:33:58] New Game Module Is Started. -->Thiep Chuc Mung Nam Moi
[2023/07/22 23:33:58] Game Module Is Started. -->Do Pho Hoang Kim
[2023/07/22 23:33:58] New Game Module Is Started. -->Do Pho Hoang Kim
[2023/07/22 23:33:58] Game Module Is Started. -->Phuc Duyen - Phao Bong
[2023/07/22 23:33:58] New Game Module Is Started. -->Phuc Duyen - Phao Bong
[2023/07/22 23:33:58] Game Module Is Started. -->Truyen Cong
[2023/07/22 23:33:58] New Game Module Is Started. -->Truyen Cong
[2023/07/22 23:33:58] Game Module Is Started. -->Le vat tinh nhan
[2023/07/22 23:33:58] New Game Module Is Started. -->Le vat tinh nhan
[2023/07/22 23:33:58] Game Module Is Started. -->YANDIBAOZANG
[2023/07/22 23:33:58] New Game Module Is Started. -->YANDIBAOZANG
[2023/07/22 23:33:58] Game Module Is Started. -->YANDIBAOZANG_TALK
[2023/07/22 23:33:58] New Game Module Is Started. -->YANDIBAOZANG_TALK
[2023/07/22 23:33:58] Game Module Is Started. -->SWITH_DAIYITOUSHI
[2023/07/22 23:33:58] New Game Module Is Started. -->SWITH_DAIYITOUSHI
[2023/07/22 23:33:58] Game Module Is Started. -->chunjie2009_dangboss
[2023/07/22 23:33:58] New Game Module Is Started. -->chunjie2009_dangboss
[2023/07/22 23:33:58] ===>Xep Hang Khoi Dong Hoan Tat<===
[2023/07/22 23:34:10] TongConnection create: 127.0.0.1
[2023/07/22 23:34:10] HostConnection create: 127.0.0.1
[2023/07/22 23:34:10] ChatConnection create: 127.0.0.1
[2023/07/22 23:34:14] TongDataSendFinish: 127.0.0.1
[2023/07/22 23:34:14] GameServerLogin: 127.0.0.1
[2023/07/22 23:36:00] SockThread stop success
[2023/07/22 23:36:00] S3Relay-开始关闭！ S3Relay- bat dau dong lai! 
[2023/07/22 23:36:00] 
*
***** S3Relay Stop (@ 0000/00/00 00:-4797256:134777086.169293056) <<<<<
*


[2023/07/22 23:36:00] chat server shutdown
[2023/07/22 23:36:00] tong server shutdown
[2023/07/22 23:36:00] host server shutdown
[2023/07/22 23:36:00] stop autotimer for Ping: 178.128.102.178
[2023/07/22 23:36:00] S3Relay: 与RelayRoot的链接断开了 -  cung voi RelayRoot lien tiep bi ngat quang - 178.128.102.178
