[2023/07/15 11:27:30] Delete event data: ShareKey(EVENT_cailuhongbao), Param1(-1), Param2(-1), Timeout(2020-3-30)
[2023/07/15 11:27:30] Delete event data: ShareKey(EVENT_MIDAUT_2010), Param1(-1), Param2(-1), Timeout(2020-10-19)
[2023/07/15 11:27:30] Delete event data: ShareKey(EVENT_dayanqunxia), Param1(-1), Param2(-1), Timeout(2020-3-20)
[2023/07/15 11:27:30] Delete event data: ShareKey(FUNC_RANK_EQUIPVALUE), Param1(-1), Param2(-1), Timeout(2020-6-4)
[2023/07/15 11:27:30] Delete event data: ShareKey(EVENT_April_zhushuai), Param1(-1), Param2(-1), Timeout(2020-6-4)
[2023/07/15 11:27:30] Loading All Scripts....................
[2023/07/15 11:27:30] Load Rank FUNC_RANK_EQUIPVALUE
[2023/07/15 11:27:30] Load Stable Rank count 0
[2023/07/15 11:27:30] Load Dynamic Rank count 0
[2023/07/15 11:27:30] Load Rank FUNC_RANK_EQUIPVALUE end
[2023/07/15 11:27:30] 
All Scripts Have Been Loaded! Count = 80
[2023/07/15 11:27:30] root client[:0] create
[2023/07/15 11:27:32] start autotimer for Ping: 
[2023/07/15 11:27:32] gateway client create: 127.0.0.1
[2023/07/15 11:27:32] TRIP_MODE: None
[2023/07/15 11:27:32] Loading World Setting...
[2023/07/15 11:27:32] Reset map pho ban thanh cong
[2023/07/15 11:27:32] 1 tong(s) loaded from tongex DB.
[2023/07/15 11:27:32] Load LeagueData: LeagueType: 4, Leagues: 7, Roles: 7
[2023/07/15 11:27:32] Load LeagueData: LeagueType: 500, Leagues: 6, Roles: 6
[2023/07/15 11:27:32] Load LeagueData: LeagueType: 502, Leagues: 11, Roles: 11
[2023/07/15 11:27:32] Load LeagueData: LeagueType: 508, Leagues: 7, Roles: 0
[2023/07/15 11:27:32] Load LeagueData: LeagueType: 509, Leagues: 7, Roles: 0
[2023/07/15 11:27:32] Load LeagueData: LeagueType: 8888, Leagues: 1, Roles: 0
[2023/07/15 11:27:32] Load LeagueData: LeagueType: 10000, Leagues: 1, Roles: 0
[2023/07/15 11:27:32] =====> THONG BAO TIN TUC TU DONG
[2023/07/15 11:27:32] =====> BAT DAU KHOI DONG CAC TINH NANG CUA GAME VO LAM TRUYEN KY <=====
[2023/07/15 11:27:32] ****************KHOI DONG NHIEM VU TONG KIM CHIEN QUOC ****************
[2023/07/15 11:27:32] =====> BATTLE[GuoZhan] 20:50 startup...
[2023/07/15 11:27:32] =====> [TongKim] Chien Truong Tong Kim 10:50 BAT DAU
[2023/07/15 11:27:32] =====> [TongKim] Chien Truong Tong Kim 12:50 BAT DAU
[2023/07/15 11:27:32] =====> [TongKim] Chien Truong Tong Kim 14:50 BAT DAU
[2023/07/15 11:27:32] =====> [TongKim] Chien Truong Tong Kim 16:50 BAT DAU
[2023/07/15 11:27:32] =====> [TongKim] Chien Truong Tong Kim 18:50 BAT DAU
[2023/07/15 11:27:32] =====> [TongKim] Chien Truong Tong Kim 20:50 BAT DAU
[2023/07/15 11:27:32] =====> [TongKim] Chien Truong Tong Kim 22:50 BAT DAU
[2023/07/15 11:27:32] =======================>Xoa thong tin Xep Hang<========================
[2023/07/15 11:27:32] =====> DANH SACH TOP 10 TOAN SERVER 0H
[2023/07/15 11:27:32] =====> DANH SACH TOP 10 TOAN SERVER 10H
[2023/07/15 11:27:32] =====> BANG XEP HANG <THACH THUC THOI GIAN> MOI NGAY=======
[2023/07/15 11:27:32] =====> VUOT AI KHIEU CHIEN THOI GIAN BAT DAU 12:0...
[2023/07/15 11:27:32] Failed to init statdatamanager!
[2023/07/15 11:27:32] S3Relay -- S3Relay- Khoi dong hoan tat! 
[2023/07/15 11:27:32] SockThread start success
[2023/07/15 11:27:32] 
*
***** S3Relay Start (@ 154096896/00/43200 00:-3533992:135861597.136280271) >>>>>
*


[2023/07/15 11:27:32] Game Module Is Started. -->Hoat dong mua xuan 2006
[2023/07/15 11:27:32] Game Module Is Started. -->OpenShop
[2023/07/15 11:27:32] Game Module Is Started. -->Thiep Chuc Mung Nam Moi
[2023/07/15 11:27:32] Game Module Is Started. -->Do Pho Hoang Kim
[2023/07/15 11:27:32] Game Module Is Started. -->Phuc Duyen - Phao Bong
[2023/07/15 11:27:32] Game Module Is Started. -->Truyen Cong
[2023/07/15 11:27:32] Game Module Is Started. -->Le vat tinh nhan
[2023/07/15 11:27:32] Game Module Is Started. -->YANDIBAOZANG
[2023/07/15 11:27:32] Game Module Is Started. -->YANDIBAOZANG_TALK
[2023/07/15 11:27:32] Game Module Is Started. -->SWITH_DAIYITOUSHI
[2023/07/15 11:27:32] Game Module Is Started. -->chunjie2009_dangboss
[2023/07/15 11:27:32] ===>Xep Hang Khoi Dong Hoan Tat<===
[2023/07/15 11:27:41] ChatConnection create: 127.0.0.1
[2023/07/15 11:27:41] HostConnection create: 127.0.0.1
[2023/07/15 11:27:41] TongConnection create: 127.0.0.1
[2023/07/15 11:27:46] GameServerLogin: 127.0.0.1
[2023/07/15 11:27:46] TongDataSendFinish: 127.0.0.1
[2023/07/15 11:27:47] Assign Dynamic map(948,70931) for GS:0
[2023/07/15 11:27:47] GS:0 Total Dynamic map:1
[2023/07/15 11:27:47] GS:0 Total Static map:621
[2023/07/15 11:27:47] Assign Dynamic map(948,70932) for GS:0
[2023/07/15 11:27:47] GS:0 Total Dynamic map:2
[2023/07/15 11:27:47] GS:0 Total Static map:621
[2023/07/15 11:27:47] Assign Dynamic map(948,70933) for GS:0
[2023/07/15 11:27:47] GS:0 Total Dynamic map:3
[2023/07/15 11:27:47] GS:0 Total Static map:621
[2023/07/15 11:27:47] Assign Dynamic map(948,70934) for GS:0
[2023/07/15 11:27:47] GS:0 Total Dynamic map:4
[2023/07/15 11:27:47] GS:0 Total Static map:621
[2023/07/15 11:27:47] Assign Dynamic map(948,70935) for GS:0
[2023/07/15 11:27:47] GS:0 Total Dynamic map:5
[2023/07/15 11:27:47] GS:0 Total Static map:621
[2023/07/15 11:27:47] Assign Dynamic map(976,65536) for GS:0
[2023/07/15 11:27:47] GS:0 Total Dynamic map:6
[2023/07/15 11:27:47] GS:0 Total Static map:621
[2023/07/15 11:27:47] Assign Dynamic map(976,65537) for GS:0
[2023/07/15 11:27:47] GS:0 Total Dynamic map:7
[2023/07/15 11:27:47] GS:0 Total Static map:621
[2023/07/15 11:27:47] Assign Dynamic map(976,65538) for GS:0
[2023/07/15 11:27:47] GS:0 Total Dynamic map:8
[2023/07/15 11:27:47] GS:0 Total Static map:621
[2023/07/15 11:27:47] Assign Dynamic map(976,65539) for GS:0
[2023/07/15 11:27:47] GS:0 Total Dynamic map:9
[2023/07/15 11:27:47] GS:0 Total Static map:621
[2023/07/15 11:27:47] Assign Dynamic map(976,65540) for GS:0
[2023/07/15 11:27:47] GS:0 Total Dynamic map:10
[2023/07/15 11:27:47] GS:0 Total Static map:621
[2023/07/15 11:27:47] Assign Dynamic map(958,70936) for GS:0
[2023/07/15 11:27:47] GS:0 Total Dynamic map:11
[2023/07/15 11:27:47] GS:0 Total Static map:621
[2023/07/15 11:27:47] Assign Dynamic map(958,70937) for GS:0
[2023/07/15 11:27:47] GS:0 Total Dynamic map:12
[2023/07/15 11:27:47] GS:0 Total Static map:621
[2023/07/15 11:27:47] Assign Dynamic map(958,70938) for GS:0
[2023/07/15 11:27:47] GS:0 Total Dynamic map:13
[2023/07/15 11:27:47] GS:0 Total Static map:621
[2023/07/15 11:27:47] Assign Dynamic map(958,70939) for GS:0
[2023/07/15 11:27:47] GS:0 Total Dynamic map:14
[2023/07/15 11:27:47] GS:0 Total Static map:621
[2023/07/15 11:27:47] Assign Dynamic map(958,70940) for GS:0
[2023/07/15 11:27:47] GS:0 Total Dynamic map:15
[2023/07/15 11:27:47] GS:0 Total Static map:621
[2023/07/15 11:27:47] Assign Dynamic map(975,65541) for GS:0
[2023/07/15 11:27:47] GS:0 Total Dynamic map:16
[2023/07/15 11:27:47] GS:0 Total Static map:621
[2023/07/15 11:27:47] Assign Dynamic map(975,65542) for GS:0
[2023/07/15 11:27:47] GS:0 Total Dynamic map:17
[2023/07/15 11:27:47] GS:0 Total Static map:621
[2023/07/15 11:27:47] Assign Dynamic map(975,65543) for GS:0
[2023/07/15 11:27:47] GS:0 Total Dynamic map:18
[2023/07/15 11:27:47] GS:0 Total Static map:621
[2023/07/15 11:27:47] Assign Dynamic map(975,65544) for GS:0
[2023/07/15 11:27:47] GS:0 Total Dynamic map:19
[2023/07/15 11:27:47] GS:0 Total Static map:621
[2023/07/15 11:27:47] Assign Dynamic map(975,65545) for GS:0
[2023/07/15 11:27:47] GS:0 Total Dynamic map:20
[2023/07/15 11:27:47] GS:0 Total Static map:621
[2023/07/15 11:39:48] SockThread stop success
[2023/07/15 11:39:49] S3Relay-开始关闭！ S3Relay- bat dau dong lai! 
[2023/07/15 11:39:49] 
*
***** S3Relay Stop (@ 0000/00/00 00:-3533960:134777086.154096896) <<<<<
*


[2023/07/15 11:39:49] chat server shutdown
[2023/07/15 11:39:49] tong server shutdown
[2023/07/15 11:39:49] host server shutdown
[2023/07/15 11:39:49] stop autotimer for Ping: 178.128.102.178
[2023/07/15 11:39:49] S3Relay: 与RelayRoot的链接断开了 -  cung voi RelayRoot lien tiep bi ngat quang - 178.128.102.178
