[2023/07/20 21:47:03] Loading All Scripts....................
[2023/07/20 21:47:03] load[NIL] is not supported!!!
[2023/07/20 21:47:03] Load Rank FUNC_RANK_EQUIPVALUE
[2023/07/20 21:47:03] Load Stable Rank count 0
[2023/07/20 21:47:03] Load Dynamic Rank count 0
[2023/07/20 21:47:03] Load Rank FUNC_RANK_EQUIPVALUE end
[2023/07/20 21:47:03] 
All Scripts Have Been Loaded! Count = 80
[2023/07/20 21:47:03] root client[:0] create
[2023/07/20 21:47:05] start autotimer for Ping: 
[2023/07/20 21:47:05] TRIP_MODE: None
[2023/07/20 21:47:05] Loading World Setting...
[2023/07/20 21:47:05] Reset map pho ban thanh cong
[2023/07/20 21:47:05] gateway client create: 127.0.0.1
[2023/07/20 21:47:05] Load League Data...Not League Data.
[2023/07/20 21:47:05] =====> THONG BAO TIN TUC TU DONG
[2023/07/20 21:47:05] =====> BAT DAU KHOI DONG CAC TINH NANG CUA GAME VO LAM TRUYEN KY <=====
[2023/07/20 21:47:05] ****************KHOI DONG NHIEM VU TONG KIM CHIEN QUOC ****************
[2023/07/20 21:47:05] =====> BATTLE[GuoZhan] 20:50 startup...
[2023/07/20 21:47:05] =====> [TongKim] Chien Truong Tong Kim 10:50 BAT DAU
[2023/07/20 21:47:05] =====> [TongKim] Chien Truong Tong Kim 12:50 BAT DAU
[2023/07/20 21:47:05] =====> [TongKim] Chien Truong Tong Kim 14:50 BAT DAU
[2023/07/20 21:47:05] =====> [TongKim] Chien Truong Tong Kim 16:50 BAT DAU
[2023/07/20 21:47:05] =====> [TongKim] Chien Truong Tong Kim 18:50 BAT DAU
[2023/07/20 21:47:05] =====> [TongKim] Chien Truong Tong Kim 20:50 BAT DAU
[2023/07/20 21:47:05] =====> [TongKim] Chien Truong Tong Kim 22:50 BAT DAU
[2023/07/20 21:47:05] =======================>Xoa thong tin Xep Hang<========================
[2023/07/20 21:47:05] =====> DANH SACH TOP 10 TOAN SERVER 0H
[2023/07/20 21:47:05] =====> DANH SACH TOP 10 TOAN SERVER 10H
[2023/07/20 21:47:05] =====> BANG XEP HANG <THACH THUC THOI GIAN> MOI NGAY=======
[2023/07/20 21:47:05] =====> VUOT AI KHIEU CHIEN THOI GIAN BAT DAU 22:0...
[2023/07/20 21:47:05] Failed to init statdatamanager!
[2023/07/20 21:47:05] S3Relay -- S3Relay- Khoi dong hoan tat! 
[2023/07/20 21:47:05] 
*
***** S3Relay Start (@ 161977600/00/43200 00:-5507992:135861597.136280271) >>>>>
*


[2023/07/20 21:47:05] SockThread start success
[2023/07/20 21:47:05] Game Module Is Started. -->Hoat dong mua xuan 2006
[2023/07/20 21:47:05] New Game Module Is Started. -->Hoat dong mua xuan 2006
[2023/07/20 21:47:05] Game Module Is Started. -->OpenShop
[2023/07/20 21:47:05] New Game Module Is Started. -->OpenShop
[2023/07/20 21:47:05] Game Module Is Started. -->Thiep Chuc Mung Nam Moi
[2023/07/20 21:47:05] New Game Module Is Started. -->Thiep Chuc Mung Nam Moi
[2023/07/20 21:47:05] Game Module Is Started. -->Do Pho Hoang Kim
[2023/07/20 21:47:05] New Game Module Is Started. -->Do Pho Hoang Kim
[2023/07/20 21:47:05] Game Module Is Started. -->Phuc Duyen - Phao Bong
[2023/07/20 21:47:05] New Game Module Is Started. -->Phuc Duyen - Phao Bong
[2023/07/20 21:47:05] Game Module Is Started. -->Truyen Cong
[2023/07/20 21:47:05] New Game Module Is Started. -->Truyen Cong
[2023/07/20 21:47:05] Game Module Is Started. -->Le vat tinh nhan
[2023/07/20 21:47:05] New Game Module Is Started. -->Le vat tinh nhan
[2023/07/20 21:47:05] Game Module Is Started. -->YANDIBAOZANG
[2023/07/20 21:47:05] New Game Module Is Started. -->YANDIBAOZANG
[2023/07/20 21:47:05] Game Module Is Started. -->YANDIBAOZANG_TALK
[2023/07/20 21:47:05] New Game Module Is Started. -->YANDIBAOZANG_TALK
[2023/07/20 21:47:05] Game Module Is Started. -->SWITH_DAIYITOUSHI
[2023/07/20 21:47:05] New Game Module Is Started. -->SWITH_DAIYITOUSHI
[2023/07/20 21:47:05] Game Module Is Started. -->chunjie2009_dangboss
[2023/07/20 21:47:05] New Game Module Is Started. -->chunjie2009_dangboss
[2023/07/20 21:47:05] ===>Xep Hang Khoi Dong Hoan Tat<===
[2023/07/20 21:47:13] ChatConnection create: 127.0.0.1
[2023/07/20 21:47:13] TongConnection create: 127.0.0.1
[2023/07/20 21:47:13] HostConnection create: 127.0.0.1
[2023/07/20 21:47:23] TongDataSendFinish: 127.0.0.1
[2023/07/20 21:47:23] GameServerLogin: 127.0.0.1
[2023/07/20 21:53:47] SockThread stop success
[2023/07/20 21:53:47] S3Relay-开始关闭！ S3Relay- bat dau dong lai! 
[2023/07/20 21:53:47] 
*
***** S3Relay Stop (@ 0000/00/00 00:-5507960:134777086.161977600) <<<<<
*


[2023/07/20 21:53:47] chat server shutdown
[2023/07/20 21:53:47] tong server shutdown
[2023/07/20 21:53:47] host server shutdown
[2023/07/20 21:53:47] stop autotimer for Ping: 178.128.102.178
[2023/07/20 21:53:47] S3Relay: 与RelayRoot的链接断开了 -  cung voi RelayRoot lien tiep bi ngat quang - 178.128.102.178
