[2023/08/19 22:10:22] Delete event data: ShareKey(EVENT_cailuhongbao), Param1(-1), Param2(-1), Timeout(2020-3-30)
[2023/08/19 22:10:22] Delete event data: ShareKey(EVENT_MIDAUT_2010), Param1(-1), Param2(-1), Timeout(2020-10-19)
[2023/08/19 22:10:22] Delete event data: ShareKey(EVENT_dayanqunxia), Param1(-1), Param2(-1), Timeout(2020-3-20)
[2023/08/19 22:10:22] Delete event data: ShareKey(FUNC_RANK_EQUIPVALUE), Param1(-1), Param2(-1), Timeout(2020-6-4)
[2023/08/19 22:10:22] Delete event data: ShareKey(EVENT_April_zhushuai), Param1(-1), Param2(-1), Timeout(2020-6-4)
[2023/08/19 22:10:22] Loading All Scripts....................
[2023/08/19 22:10:22] Load Rank FUNC_RANK_EQUIPVALUE
[2023/08/19 22:10:22] Load Stable Rank count 0
[2023/08/19 22:10:22] Load Dynamic Rank count 0
[2023/08/19 22:10:22] Load Rank FUNC_RANK_EQUIPVALUE end
[2023/08/19 22:10:22] 
All Scripts Have Been Loaded! Count = 80
[2023/08/19 22:10:22] root client[:0] create
[2023/08/19 22:10:24] start autotimer for Ping: 
[2023/08/19 22:10:24] gateway client create: 127.0.0.1
[2023/08/19 22:10:24] TRIP_MODE: None
[2023/08/19 22:10:24] Loading World Setting...
[2023/08/19 22:10:24] Reset map pho ban thanh cong
[2023/08/19 22:10:24] Load LeagueData: LeagueType: 4, Leagues: 7, Roles: 7
[2023/08/19 22:10:24] Load LeagueData: LeagueType: 500, Leagues: 3, Roles: 3
[2023/08/19 22:10:24] Load LeagueData: LeagueType: 502, Leagues: 11, Roles: 11
[2023/08/19 22:10:24] Load LeagueData: LeagueType: 535, Leagues: 1, Roles: 0
[2023/08/19 22:10:24] Load LeagueData: LeagueType: 10000, Leagues: 1, Roles: 0
[2023/08/19 22:10:24] =====> THONG BAO TIN TUC TU DONG
[2023/08/19 22:10:24] =====> BAT DAU KHOI DONG CAC TINH NANG CUA GAME VO LAM TRUYEN KY <=====
[2023/08/19 22:10:24] =====> Boss Tieu Hoang Kim Xuat Hien Vao Luc :  12:30
[2023/08/19 22:10:24] =====> SO LUONG BOSS HOANG KIM XUAT HIEN :  0
[2023/08/19 22:10:24] =====> BOSS DOC CO THIEN PHONG XUAT HIEN :  19:45
[2023/08/19 22:10:24] =====> BOSS THIEN TRI XUAT HIEN LUC 20H TANG 4
[2023/08/19 22:10:24] =====> BOSS Hoang Kim murongquan XUAT HIEN:  20:20
[2023/08/19 22:10:24] =====> BOSS Hoang Kim zhangxuan XUAT HIEN:  20:10
[2023/08/19 22:10:24] =====> BOSS Hoang Kim jinshiliang XUAT HIEN:  20:15
[2023/08/19 22:10:24] =====> Boss Hoang Kim Xuat Hien Vao Luc :  08:00
[2023/08/19 22:10:24] =====> Boss Dai Hoang Kim Xuat Hien Vao Luc :  20:00
[2023/08/19 22:10:24] =====> Boss Hoang Kim Xuat Hien Vao Luc :  22:00
[2023/08/19 22:10:24] 加载脚本文件makegoldboss\makegoldboss_2100.lua时出错，请检查语法. Gia tai file Van ban goc [] gio bi sai, xin kiem tra ngu phap. 
[2023/08/19 22:10:24] =================Phong Lang Do==================
[2023/08/19 22:10:24] =====> [phonglangdo] Phong Lang Do 14h
[2023/08/19 22:10:24] =====> [phonglangdo] Phong Lang Do 16h
[2023/08/19 22:10:24] =====> [phonglangdo] Phong Lang Do 18h
[2023/08/19 22:10:24] =====> [phonglangdo] Phong Lang Do 20h
[2023/08/19 22:10:24] ****************KHOI DONG NHIEM VU TONG KIM CHIEN QUOC ****************
[2023/08/19 22:10:24] =====> BATTLE[GuoZhan] 20:50 startup...
[2023/08/19 22:10:24] =====> [TongKim] Chien Truong Tong Kim 12:50 BAT DAU
[2023/08/19 22:10:24] =====> [TongKim] Chien Truong Tong Kim 14:50 BAT DAU
[2023/08/19 22:10:24] =====> [TongKim] Chien Truong Tong Kim 16:50 BAT DAU
[2023/08/19 22:10:24] =====> [TongKim] Chien Truong Tong Kim 18:50 BAT DAU
[2023/08/19 22:10:24] =====> [TongKim] Chien Truong Tong Kim 20:50 BAT DAU
[2023/08/19 22:10:24] =====> [TongKim] Chien Truong Tong Kim 22:50 BAT DAU
[2023/08/19 22:10:24] =======================>Xoa thong tin Xep Hang<========================
[2023/08/19 22:10:24] =====> HOAT DONG QUA HUY HOANG BAT DAU LUC 12 PM
[2023/08/19 22:10:24] =====> HOAT DONG QUA HUY HOANG BAT DAU LUC 20 PM
[2023/08/19 22:10:24] =====> BANG XEP HANG <THACH THUC THOI GIAN> MOI NGAY=======
[2023/08/19 22:10:24] =====> [phonglangdo] Phong Lang Do 10h
[2023/08/19 22:10:24] Failed to init statdatamanager!
[2023/08/19 22:10:24] S3Relay -- S3Relay- Khoi dong hoan tat! 
[2023/08/19 22:10:24] 
*
***** S3Relay Start (@ 151794944/00/43200 00:-6317944:135861597.136280271) >>>>>
*


[2023/08/19 22:10:24] SockThread start success
[2023/08/19 22:10:24] Game Module Is Started. -->Hoat dong mua xuan 2006
[2023/08/19 22:10:24] Game Module Is Started. -->OpenShop
[2023/08/19 22:10:24] Game Module Is Started. -->Thiep Chuc Mung Nam Moi
[2023/08/19 22:10:24] Game Module Is Started. -->Do Pho Hoang Kim
[2023/08/19 22:10:24] Game Module Is Started. -->Phuc Duyen - Phao Bong
[2023/08/19 22:10:24] Game Module Is Started. -->Truyen Cong
[2023/08/19 22:10:24] Game Module Is Started. -->Le vat tinh nhan
[2023/08/19 22:10:24] Game Module Is Started. -->YANDIBAOZANG
[2023/08/19 22:10:24] Game Module Is Started. -->YANDIBAOZANG_TALK
[2023/08/19 22:10:24] Game Module Is Started. -->SWITH_DAIYITOUSHI
[2023/08/19 22:10:24] Game Module Is Started. -->chunjie2009_dangboss
[2023/08/19 22:10:24] ===>Xep Hang Khoi Dong Hoan Tat<===
[2023/08/19 22:10:39] ChatConnection create: 127.0.0.1
[2023/08/19 22:10:39] TongConnection create: 127.0.0.1
[2023/08/19 22:10:39] HostConnection create: 127.0.0.1
[2023/08/19 22:10:45] TongDataSendFinish: 127.0.0.1
[2023/08/19 22:10:45] GameServerLogin: 127.0.0.1
[2023/08/19 22:30:24] Boss Hoang Kim 523 o thong tin tren khong co xuat hien, Npc ID 22, Cap bac Npc 523,
[2023/08/19 22:30:24] Boss Hoang Kim 513 o thong tin tren khong co xuat hien, Npc ID 94, Cap bac Npc 513,
[2023/08/19 22:30:24] Boss Hoang Kim 511 o thong tin tren khong co xuat hien, Npc ID 180, Cap bac Npc 511,
[2023/08/19 22:50:24] -----------------------------------------------------------------------------------------------------------------------------------------------------------------------------------
[2023/08/19 22:50:24] [2023-08-19 22:50:24]  NEW BATTLE START
[2023/08/19 22:50:24] BattleID: 1   BattleLevel: 2   Issue: 3   42th.Round
[2023/08/19 22:50:24] RoundID: 15   MapPattern: 11   BattleMapID:  12   WorldMapID: 382   MapName: Cng thnh chin (khu vc Cu K   RuleID: 6
[2023/08/19 22:50:24] -----------------------------------------------------------------------------------------------------------------------------------------------------------------------------------
[2023/08/19 22:50:24] -----------------------------------------------------------------------------------------------------------------------------------------------------------------------------------
[2023/08/19 22:50:24] [2023-08-19 22:50:24]  NEW BATTLE START
[2023/08/19 22:50:24] BattleID: 1   BattleLevel: 3   Issue: 3   42th.Round
[2023/08/19 22:50:24] RoundID: 13   MapPattern: 9   BattleMapID:  9   WorldMapID: 380   MapName: Cng thnh chin (khu vc Cu K   RuleID: 6
[2023/08/19 22:50:24] -----------------------------------------------------------------------------------------------------------------------------------------------------------------------------------
[2023/08/19 22:50:24] =====> [TongKim] Chien Truong Tong Kim 22:50 BAT DAU
[2023/08/19 23:00:24] Boss Hoang Kim 51322 o thong tin tren khong co xuat hien, Npc ID 71, Cap bac Npc 513,
[2023/08/19 23:00:24] Boss Hoang Kim 51122 o thong tin tren khong co xuat hien, Npc ID 4, Cap bac Npc 511,
[2023/08/19 23:00:24] Boss Hoang Kim 52322 o thong tin tren khong co xuat hien, Npc ID 5, Cap bac Npc 523,
[2023/08/19 23:00:24] =====> [phonglangdo] Phong Lang Do
[2023/08/19 23:30:23] -----------------------------------------------------------------------------------------------------------------------------------------------------------------------------------
[2023/08/19 23:30:23] [2023-08-19 23:30:23]  BATTLE END
[2023/08/19 23:30:23] BattleID: 1   BattleLevel: 3   Issue: 3   42th.Round RoundId: 13   Result: 1
[2023/08/19 23:30:23] -----------------------------------------------------------------------------------------------------------------------------------------------------------------------------------
[2023/08/19 23:30:23] ----------------------------------------------------------------------------------------------------------------------------------------------