[2023/07/23 18:42:40] Delete event data: ShareKey(EVENT_cailuhongbao), Param1(-1), Param2(-1), Timeout(2020-3-30)
[2023/07/23 18:42:40] Delete event data: ShareKey(EVENT_MIDAUT_2010), Param1(-1), Param2(-1), Timeout(2020-10-19)
[2023/07/23 18:42:40] Delete event data: ShareKey(EVENT_dayanqunxia), Param1(-1), Param2(-1), Timeout(2020-3-20)
[2023/07/23 18:42:40] Delete event data: ShareKey(FUNC_RANK_EQUIPVALUE), Param1(-1), Param2(-1), Timeout(2020-6-4)
[2023/07/23 18:42:40] Delete event data: ShareKey(EVENT_April_zhushuai), Param1(-1), Param2(-1), Timeout(2020-6-4)
[2023/07/23 18:42:40] Loading All Scripts....................
[2023/07/23 18:42:40] Load Rank FUNC_RANK_EQUIPVALUE
[2023/07/23 18:42:40] Load Stable Rank count 0
[2023/07/23 18:42:40] Load Dynamic Rank count 0
[2023/07/23 18:42:40] Load Rank FUNC_RANK_EQUIPVALUE end
[2023/07/23 18:42:40] 
All Scripts Have Been Loaded! Count = 80
[2023/07/23 18:42:40] root client[:0] create
[2023/07/23 18:42:42] start autotimer for Ping: 
[2023/07/23 18:42:42] TRIP_MODE: None
[2023/07/23 18:42:42] Loading World Setting...
[2023/07/23 18:42:42] Reset map pho ban thanh cong
[2023/07/23 18:42:42] Load LeagueData: LeagueType: 4, Leagues: 7, Roles: 7
[2023/07/23 18:42:42] Load LeagueData: LeagueType: 502, Leagues: 11, Roles: 11
[2023/07/23 18:42:42] Load LeagueData: LeagueType: 10000, Leagues: 1, Roles: 0
[2023/07/23 18:42:42] gateway client create: 127.0.0.1
[2023/07/23 18:42:42] =====> THONG BAO TIN TUC TU DONG
[2023/07/23 18:42:42] =====> BAT DAU KHOI DONG CAC TINH NANG CUA GAME VO LAM TRUYEN KY <=====
[2023/07/23 18:42:42] =================Phong Lang Do==================
[2023/07/23 18:42:42] =====> [phonglangdo] Phong Lang Do 14h
[2023/07/23 18:42:42] =====> [phonglangdo] Phong Lang Do 16h
[2023/07/23 18:42:42] =====> [phonglangdo] Phong Lang Do 18h
[2023/07/23 18:42:42] =====> [phonglangdo] Phong Lang Do 20h
[2023/07/23 18:42:42] ****************KHOI DONG NHIEM VU TONG KIM CHIEN QUOC ****************
[2023/07/23 18:42:42] =====> BATTLE[GuoZhan] 20:50 startup...
[2023/07/23 18:42:42] =====> [TongKim] Chien Truong Tong Kim 12:50 BAT DAU
[2023/07/23 18:42:42] =====> [TongKim] Chien Truong Tong Kim 14:50 BAT DAU
[2023/07/23 18:42:42] =====> [TongKim] Chien Truong Tong Kim 20:50 BAT DAU
[2023/07/23 18:42:42] =====> [TongKim] Chien Truong Tong Kim 22:50 BAT DAU
[2023/07/23 18:42:42] =======================>Xoa thong tin Xep Hang<========================
[2023/07/23 18:42:42] =====> BANG XEP HANG <THACH THUC THOI GIAN> MOI NGAY=======
[2023/07/23 18:42:42] =====> VUOT AI KHIEU CHIEN THOI GIAN BAT DAU 19:0...
[2023/07/23 18:42:42] =====> [phonglangdo] Phong Lang Do 10h
[2023/07/23 18:42:42] Failed to init statdatamanager!
[2023/07/23 18:42:42] S3Relay -- S3Relay- Khoi dong hoan tat! 
[2023/07/23 18:42:42] 
*
***** S3Relay Start (@ 161432832/00/43200 00:-335016:135861597.136280271) >>>>>
*


[2023/07/23 18:42:42] SockThread start success
[2023/07/23 18:42:42] Game Module Is Started. -->Hoat dong mua xuan 2006
[2023/07/23 18:42:42] Game Module Is Started. -->OpenShop
[2023/07/23 18:42:42] Game Module Is Started. -->Thiep Chuc Mung Nam Moi
[2023/07/23 18:42:42] Game Module Is Started. -->Do Pho Hoang Kim
[2023/07/23 18:42:42] Game Module Is Started. -->Phuc Duyen - Phao Bong
[2023/07/23 18:42:42] Game Module Is Started. -->Truyen Cong
[2023/07/23 18:42:42] Game Module Is Started. -->Le vat tinh nhan
[2023/07/23 18:42:42] Game Module Is Started. -->YANDIBAOZANG
[2023/07/23 18:42:42] Game Module Is Started. -->YANDIBAOZANG_TALK
[2023/07/23 18:42:42] Game Module Is Started. -->SWITH_DAIYITOUSHI
[2023/07/23 18:42:42] Game Module Is Started. -->chunjie2009_dangboss
[2023/07/23 18:42:42] ===>Xep Hang Khoi Dong Hoan Tat<===
[2023/07/23 18:42:47] HostConnection create: 127.0.0.1
[2023/07/23 18:42:47] ChatConnection create: 127.0.0.1
[2023/07/23 18:42:47] TongConnection create: 127.0.0.1
[2023/07/23 18:42:51] TongDataSendFinish: 127.0.0.1
[2023/07/23 18:42:51] GameServerLogin: 127.0.0.1
[2023/07/23 18:48:39] SockThread stop success
[2023/07/23 18:48:39] S3Relay-开始关闭！ S3Relay- bat dau dong lai! 
[2023/07/23 18:48:39] 
*
***** S3Relay Stop (@ 0000/00/00 00:-334984:134777086.161432832) <<<<<
*


[2023/07/23 18:48:39] chat server shutdown
[2023/07/23 18:48:39] tong server shutdown
[2023/07/23 18:48:39] host server shutdown
[2023/07/23 18:48:39] stop autotimer for Ping: 178.128.102.178
[2023/07/23 18:48:39] S3Relay: 与RelayRoot的链接断开了 -  cung voi RelayRoot lien tiep bi ngat quang - 178.128.102.178
