[2023/07/23 20:44:52] Delete event data: ShareKey(EVENT_cailuhongbao), Param1(-1), Param2(-1), Timeout(2020-3-30)
[2023/07/23 20:44:52] Delete event data: ShareKey(EVENT_MIDAUT_2010), Param1(-1), Param2(-1), Timeout(2020-10-19)
[2023/07/23 20:44:52] Delete event data: ShareKey(EVENT_dayanqunxia), Param1(-1), Param2(-1), Timeout(2020-3-20)
[2023/07/23 20:44:52] Delete event data: ShareKey(FUNC_RANK_EQUIPVALUE), Param1(-1), Param2(-1), Timeout(2020-6-4)
[2023/07/23 20:44:52] Delete event data: ShareKey(EVENT_April_zhushuai), Param1(-1), Param2(-1), Timeout(2020-6-4)
[2023/07/23 20:44:52] Loading All Scripts....................
[2023/07/23 20:44:52] Load Rank FUNC_RANK_EQUIPVALUE
[2023/07/23 20:44:52] Load Stable Rank count 0
[2023/07/23 20:44:52] Load Dynamic Rank count 0
[2023/07/23 20:44:52] Load Rank FUNC_RANK_EQUIPVALUE end
[2023/07/23 20:44:52] 
All Scripts Have Been Loaded! Count = 80
[2023/07/23 20:44:52] root client[:0] create
[2023/07/23 20:44:54] start autotimer for Ping: 
[2023/07/23 20:44:54] TRIP_MODE: None
[2023/07/23 20:44:54] Loading World Setting...
[2023/07/23 20:44:54] Reset map pho ban thanh cong
[2023/07/23 20:44:54] gateway client create: 127.0.0.1
[2023/07/23 20:44:54] Load LeagueData: LeagueType: 4, Leagues: 7, Roles: 7
[2023/07/23 20:44:54] Load LeagueData: LeagueType: 502, Leagues: 11, Roles: 11
[2023/07/23 20:44:54] Load LeagueData: LeagueType: 10000, Leagues: 1, Roles: 0
[2023/07/23 20:44:54] =====> THONG BAO TIN TUC TU DONG
[2023/07/23 20:44:54] =====> BAT DAU KHOI DONG CAC TINH NANG CUA GAME VO LAM TRUYEN KY <=====
[2023/07/23 20:44:54] =================Phong Lang Do==================
[2023/07/23 20:44:54] =====> [phonglangdo] Phong Lang Do 14h
[2023/07/23 20:44:54] =====> [phonglangdo] Phong Lang Do 16h
[2023/07/23 20:44:54] =====> [phonglangdo] Phong Lang Do 18h
[2023/07/23 20:44:54] =====> [phonglangdo] Phong Lang Do 20h
[2023/07/23 20:44:54] ****************KHOI DONG NHIEM VU TONG KIM CHIEN QUOC ****************
[2023/07/23 20:44:54] =====> BATTLE[GuoZhan] 20:50 startup...
[2023/07/23 20:44:54] =====> [TongKim] Chien Truong Tong Kim 12:50 BAT DAU
[2023/07/23 20:44:54] =====> [TongKim] Chien Truong Tong Kim 14:50 BAT DAU
[2023/07/23 20:44:54] =====> [TongKim] Chien Truong Tong Kim 20:50 BAT DAU
[2023/07/23 20:44:54] =====> [TongKim] Chien Truong Tong Kim 22:50 BAT DAU
[2023/07/23 20:44:54] =======================>Xoa thong tin Xep Hang<========================
[2023/07/23 20:44:54] =====> BANG XEP HANG <THACH THUC THOI GIAN> MOI NGAY=======
[2023/07/23 20:44:54] =====> VUOT AI KHIEU CHIEN THOI GIAN BAT DAU 21:0...
[2023/07/23 20:44:54] =====> [phonglangdo] Phong Lang Do 10h
[2023/07/23 20:44:54] Failed to init statdatamanager!
[2023/07/23 20:44:54] S3Relay -- S3Relay- Khoi dong hoan tat! 
[2023/07/23 20:44:54] 
*
***** S3Relay Start (@ 145847552/00/43200 00:-1577640:135861597.136280271) >>>>>
*


[2023/07/23 20:44:54] SockThread start success
[2023/07/23 20:44:54] Game Module Is Started. -->Hoat dong mua xuan 2006
[2023/07/23 20:44:54] Game Module Is Started. -->OpenShop
[2023/07/23 20:44:54] Game Module Is Started. -->Thiep Chuc Mung Nam Moi
[2023/07/23 20:44:54] Game Module Is Started. -->Do Pho Hoang Kim
[2023/07/23 20:44:54] Game Module Is Started. -->Phuc Duyen - Phao Bong
[2023/07/23 20:44:54] Game Module Is Started. -->Truyen Cong
[2023/07/23 20:44:54] Game Module Is Started. -->Le vat tinh nhan
[2023/07/23 20:44:54] Game Module Is Started. -->YANDIBAOZANG
[2023/07/23 20:44:54] Game Module Is Started. -->YANDIBAOZANG_TALK
[2023/07/23 20:44:54] Game Module Is Started. -->SWITH_DAIYITOUSHI
[2023/07/23 20:44:54] Game Module Is Started. -->chunjie2009_dangboss
[2023/07/23 20:44:54] ===>Xep Hang Khoi Dong Hoan Tat<===
[2023/07/23 20:44:59] ChatConnection create: 127.0.0.1
[2023/07/23 20:44:59] HostConnection create: 127.0.0.1
[2023/07/23 20:44:59] TongConnection create: 127.0.0.1
[2023/07/23 20:45:04] TongDataSendFinish: 127.0.0.1
[2023/07/23 20:45:04] GameServerLogin: 127.0.0.1
[2023/07/23 20:50:54] -----------------------------------------------------------------------------------------------------------------------------------------------------------------------------------
[2023/07/23 20:50:54] [2023-07-23 20:50:54]  NEW BATTLE START
[2023/07/23 20:50:54] BattleID: 1   BattleLevel: 2   Issue: 1   2th.Round
[2023/07/23 20:50:54] RoundID: 3   MapPattern: 12   BattleMapID:  14   WorldMapID: 379   MapName: Hong Sa Lm Ngao Chin   RuleID: 7
[2023/07/23 20:50:54] -----------------------------------------------------------------------------------------------------------------------------------------------------------------------------------
[2023/07/23 20:50:54] -----------------------------------------------------------------------------------------------------------------------------------------------------------------------------------
[2023/07/23 20:50:54] [2023-07-23 20:50:54]  NEW BATTLE START
[2023/07/23 20:50:54] BattleID: 1   BattleLevel: 3   Issue: 1   2th.Round
[2023/07/23 20:50:54] RoundID: 3   MapPattern: 12   BattleMapID:  14   WorldMapID: 380   MapName: Hong Sa Lm Ngao Chin   RuleID: 7
[2023/07/23 20:50:54] -----------------------------------------------------------------------------------------------------------------------------------------------------------------------------------
[2023/07/23 20:50:54] =====> [TongKim] Chien Truong Tong Kim 20:50 BAT DAU
[2023/07/23 21:00:54] =====> [phonglangdo] Phong Lang Do
[2023/07/23 21:00:54] VUOT AI KHIEU CHIEN THOI GIAN DANG GHI DANH
[2023/07/23 22:00:54] =====> [phonglangdo] Phong Lang Do
[2023/07/23 22:00:54] VUOT AI KHIEU CHIEN THOI GIAN DANG GHI DANH
[2023/07/23 22:46:11] SockThread stop success
[2023/07/23 22:46:11] S3Relay-开始关闭！ S3Relay- bat dau dong lai! 
[2023/07/23 22:46:11] 
*
***** S3Relay Stop (@ 0000/00/00 00:-1577608:134777086.145847552) <<<<<
*


[2023/07/23 22:46:11] chat server shutdown
[2023/07/23 22:46:11] tong server shutdown
[2023/07/23 22:46:11] host server shutdown
[2023/07/23 22:46:11] stop autotimer for Ping: 178.128.102.178
[2023/07/23 22:46:11] S3Relay: 与RelayRoot的链接断开了 -  cung voi RelayRoot lien tiep bi ngat quang - 178.128.102.178
